[2021-12-28 03:23:28] [CarinaListener.java] [1] [INFO] 
============= Test configuration =============
url=https://beamplify.com/
env=DEMO
selenium_url=http://localhost:9515
max_driver_count=3
proxy_protocols=http,https,ftp
browsermob_port=0
auto_screenshot=true
explicit_timeout=20
retry_interval=5
project_report_directory=./reports
max_screen_history=10
big_screen_width=-1
big_screen_height=-1
init_retry_count=0
init_retry_interval=1
retry_count=0
locale=en_US
thread_count=-1
data_provider_thread_count=-1
core_log_level=INFO
core_log_packages=com.qaprosoft.carina.core
log_all_json=true
date_format=HH:mm:ss yyyy-MM-dd
time_format=HH:mm:ss
test_naming_pattern={method_name}
element_loading_strategy=BY_PRESENCE_OR_VISIBILITY
page_opening_strategy=BY_URL_AND_ELEMENT
localization_encoding=UTF-8
localization_testing=false
default_device_timezone=GMT
default_device_time_format=24
default_device_language=en_US
selenium_url=http://localhost:9515

------------- Driver capabilities -----------
capabilities.browserName=CHROME
================================================

[2021-12-28 03:23:28] [TestRunRegistrar.java] [1] [WARN] Reporting disabled: using no op test run registrar
[2021-12-28 03:23:29] [Reflections.java] [1] [INFO] Reflections took 825 ms to scan 8 urls, producing 2329 keys and 11332 values 
[2021-12-28 03:23:30] [FilterTestsListener.java] [1] [INFO] There are no any rules and limitations
[2021-12-28 03:23:30] [CarinaListener.java] [1] [INFO] Set thread-count=1
[2021-12-28 03:23:30] [CarinaListener.java] [1] [INFO] Set data-provider-thread-count=1
[2021-12-28 03:23:30] [CarinaListener.java] [1] [INFO] CARINA_CORE_VERSION: 7.2.14
[2021-12-28 03:23:30] [TestRunRegistrar.java] [1] [WARN] Reporting disabled: using no op test run registrar
[2021-12-28 03:23:30] [TestRunRegistrar.java] [1] [WARN] Reporting disabled: using no op test run registrar
[2021-12-28 03:23:30] [IMessager.java] [1] [INFO] TEST [beamplify-demo - verifyCanAddFamilyMembers] STARTED at [15:23:30 2021-12-28]
[2021-12-28 03:23:40] [DriverListener.java] [1] [INFO] PASS: element 'getQuoteButton' is clicked.
[2021-12-28 03:23:42] [DriverListener.java] [1] [INFO] PASS: element 'nextButton' is clicked.
[2021-12-28 03:23:43] [DriverListener.java] [1] [ERROR] FAIL: element 'payOffMyDebtsCheckbox (By.xpath: (//input[@type='checkbox'])[2])' is not clicked!
[2021-12-28 03:23:44] [ExtendedWebElement.java] [1] [WARN] Trying to do click by JavascriptExecutor because element 'payOffMyDebtsCheckbox (By.xpath: (//input[@type='checkbox'])[2])' is not visible...
[2021-12-28 03:23:44] [DriverListener.java] [1] [ERROR] FAIL: element 'leaveAnInheritanceCheckbox (By.xpath: (//input[@type='checkbox'])[3])' is not clicked!
[2021-12-28 03:23:44] [ExtendedWebElement.java] [1] [WARN] Trying to do click by JavascriptExecutor because element 'leaveAnInheritanceCheckbox (By.xpath: (//input[@type='checkbox'])[3])' is not visible...
[2021-12-28 03:23:44] [DriverListener.java] [1] [INFO] PASS: element 'nextButton' is clicked.
[2021-12-28 03:23:45] [DriverListener.java] [1] [INFO] PASS: keys cleared in element 'dateOfBirthField'.
[2021-12-28 03:23:45] [DriverListener.java] [1] [INFO] PASS: keys '07031997' are sent to element 'dateOfBirthField'.
[2021-12-28 03:23:46] [DriverListener.java] [1] [INFO] PASS: element 'nextButton' is clicked.
[2021-12-28 03:23:46] [DriverListener.java] [1] [INFO] PASS: element 'femaleButton' is clicked.
[2021-12-28 03:23:46] [DriverListener.java] [1] [INFO] PASS: element 'nextButton' is clicked.
[2021-12-28 03:23:47] [DriverListener.java] [1] [INFO] PASS: element 'zipCodeField' is clicked.
[2021-12-28 03:23:47] [DriverListener.java] [1] [INFO] PASS: keys '' are sent to element 'zipCodeField'.
[2021-12-28 03:23:48] [DriverListener.java] [1] [INFO] PASS: keys '' are sent to element 'zipCodeField'.
[2021-12-28 03:23:48] [DriverListener.java] [1] [INFO] PASS: keys '' are sent to element 'zipCodeField'.
[2021-12-28 03:23:48] [DriverListener.java] [1] [INFO] PASS: keys '' are sent to element 'zipCodeField'.
[2021-12-28 03:23:49] [DriverListener.java] [1] [INFO] PASS: keys '' are sent to element 'zipCodeField'.
[2021-12-28 03:23:49] [DriverListener.java] [1] [INFO] PASS: element 'nextButton' is clicked.
[2021-12-28 03:23:51] [DriverListener.java] [1] [INFO] PASS: element 'annualHouseholdAndHeightDropdown' is clicked.
[2021-12-28 03:23:51] [DriverListener.java] [1] [INFO] PASS: element 'incomeSecondOption' is clicked.
[2021-12-28 03:23:51] [DriverListener.java] [1] [INFO] PASS: keys cleared in element 'occupationField'.
[2021-12-28 03:23:52] [DriverListener.java] [1] [INFO] PASS: keys 'Software developer' are sent to element 'occupationField'.
[2021-12-28 03:23:52] [DriverListener.java] [1] [INFO] PASS: element 'nextButton' is clicked.
[2021-12-28 03:23:53] [DriverListener.java] [1] [INFO] PASS: element 'nextButton' is clicked.
[2021-12-28 03:23:55] [DriverListener.java] [1] [INFO] PASS: element 'heightDropdown' is clicked.
[2021-12-28 03:23:56] [DriverListener.java] [1] [ERROR] FAIL: element 'heightOption (By.xpath: //div[@id='react-select-5-option-12'])' is not clicked!
[2021-12-28 03:23:57] [ExtendedWebElement.java] [1] [WARN] Trying to do click by JavascriptExecutor because element 'heightOption (By.xpath: //div[@id='react-select-5-option-12'])' is not visible...
[2021-12-28 03:23:57] [DriverListener.java] [1] [INFO] PASS: keys cleared in element 'weightField'.
[2021-12-28 03:23:57] [DriverListener.java] [1] [INFO] PASS: keys '40' are sent to element 'weightField'.
[2021-12-28 03:23:58] [DriverListener.java] [1] [INFO] PASS: element 'nextButton' is clicked.
[2021-12-28 03:23:58] [DriverListener.java] [1] [INFO] PASS: element 'noButton0' is clicked.
[2021-12-28 03:23:58] [DriverListener.java] [1] [INFO] PASS: element 'nextButton' is clicked.
[2021-12-28 03:24:00] [DriverListener.java] [1] [ERROR] FAIL: element 'noneOfTheAboveButton (By.xpath: //div[text()='None of the above'])' is not clicked!
[2021-12-28 03:24:00] [ExtendedWebElement.java] [1] [WARN] Trying to do click by JavascriptExecutor because element 'noneOfTheAboveButton (By.xpath: //div[text()='None of the above'])' is not visible...
[2021-12-28 03:24:00] [DriverListener.java] [1] [INFO] PASS: element 'nextButton' is clicked.
[2021-12-28 03:24:01] [DriverListener.java] [1] [INFO] PASS: element 'noButton0' is clicked.
[2021-12-28 03:24:01] [DriverListener.java] [1] [INFO] PASS: element 'nextButton' is clicked.
[2021-12-28 03:24:02] [DriverListener.java] [1] [INFO] PASS: keys cleared in element 'firstNameField'.
[2021-12-28 03:24:02] [DriverListener.java] [1] [INFO] PASS: keys 'Andrew' are sent to element 'firstNameField'.
[2021-12-28 03:24:03] [DriverListener.java] [1] [INFO] PASS: keys cleared in element 'lastNameField'.
[2021-12-28 03:24:03] [DriverListener.java] [1] [INFO] PASS: keys 'Nazarenko' are sent to element 'lastNameField'.
[2021-12-28 03:24:03] [DriverListener.java] [1] [INFO] PASS: keys cleared in element 'emailField'.
[2021-12-28 03:24:04] [DriverListener.java] [1] [INFO] PASS: keys 'andrew@gmail.com' are sent to element 'emailField'.
[2021-12-28 03:24:04] [DriverListener.java] [1] [INFO] PASS: element 'phoneField' is clicked.
[2021-12-28 03:24:04] [DriverListener.java] [1] [INFO] PASS: keys '' are sent to element 'phoneField'.
[2021-12-28 03:24:05] [DriverListener.java] [1] [INFO] PASS: keys '' are sent to element 'phoneField'.
[2021-12-28 03:24:05] [DriverListener.java] [1] [INFO] PASS: keys '' are sent to element 'phoneField'.
[2021-12-28 03:24:06] [DriverListener.java] [1] [INFO] PASS: keys '' are sent to element 'phoneField'.
[2021-12-28 03:24:06] [DriverListener.java] [1] [INFO] PASS: keys '' are sent to element 'phoneField'.
[2021-12-28 03:24:06] [DriverListener.java] [1] [INFO] PASS: keys '' are sent to element 'phoneField'.
[2021-12-28 03:24:07] [DriverListener.java] [1] [INFO] PASS: keys '' are sent to element 'phoneField'.
[2021-12-28 03:24:07] [DriverListener.java] [1] [INFO] PASS: keys '' are sent to element 'phoneField'.
[2021-12-28 03:24:08] [DriverListener.java] [1] [INFO] PASS: keys '' are sent to element 'phoneField'.
[2021-12-28 03:24:08] [DriverListener.java] [1] [INFO] PASS: keys '' are sent to element 'phoneField'.
[2021-12-28 03:24:08] [DriverListener.java] [1] [ERROR] FAIL: element 'authorizationCheckBox (By.xpath: //div[@class='CheckBox_CheckBox__2bo8X ']/input)' is not clicked!
[2021-12-28 03:24:09] [ExtendedWebElement.java] [1] [WARN] Trying to do click by JavascriptExecutor because element 'authorizationCheckBox (By.xpath: //div[@class='CheckBox_CheckBox__2bo8X ']/input)' is not visible...
[2021-12-28 03:24:09] [DriverListener.java] [1] [INFO] PASS: element 'saveButton' is clicked.
[2021-12-28 03:24:17] [DriverListener.java] [1] [ERROR] FAIL: element 'preliminaryQuotesButton (By.xpath: //button[text()='Get Pre-Approved'])' is not clicked!
[2021-12-28 03:24:17] [ExtendedWebElement.java] [1] [WARN] Trying to do click by JavascriptExecutor because element 'preliminaryQuotesButton (By.xpath: //button[text()='Get Pre-Approved'])' is not visible...
[2021-12-28 03:24:17] [DriverListener.java] [1] [INFO] PASS: element 'dateDropdown' is clicked.
[2021-12-28 03:24:18] [DriverListener.java] [1] [INFO] PASS: element 'hourDropdown' is clicked.
[2021-12-28 03:24:18] [DriverListener.java] [1] [INFO] PASS: element 'hourDropdown' is clicked.
[2021-12-28 03:24:20] [DriverListener.java] [1] [ERROR] FAIL: element 'submitButton (By.xpath: //div[@style='align-self: center;']/button[text()='Submit'])' is not clicked!
[2021-12-28 03:24:20] [ExtendedWebElement.java] [1] [WARN] Trying to do click by JavascriptExecutor because element 'submitButton (By.xpath: //div[@style='align-self: center;']/button[text()='Submit'])' is not visible...
[2021-12-28 03:24:21] [DriverListener.java] [1] [INFO] PASS: element 'relationshipDropdown1' is clicked.
[2021-12-28 03:24:21] [DriverListener.java] [1] [INFO] PASS: keys cleared in element 'dateOfBirthField'.
[2021-12-28 03:24:22] [DriverListener.java] [1] [INFO] PASS: keys '07031997' are sent to element 'dateOfBirthField'.
[2021-12-28 03:24:23] [DriverListener.java] [1] [ERROR] FAIL: element 'addAnotherOneButton (By.xpath: //div[text()='Add another one'])' is not clicked!
[2021-12-28 03:24:24] [ExtendedWebElement.java] [1] [WARN] Trying to do click by JavascriptExecutor because element 'addAnotherOneButton (By.xpath: //div[text()='Add another one'])' is not visible...
[2021-12-28 03:24:24] [DriverListener.java] [1] [INFO] PASS: element 'relationshipDropdown2' is clicked.
[2021-12-28 03:24:24] [DriverListener.java] [1] [INFO] PASS: element 'relationshipDropdown2' is clicked.
[2021-12-28 03:24:25] [DriverListener.java] [1] [INFO] PASS: keys cleared in element 'dateOfBirth2'.
[2021-12-28 03:24:25] [DriverListener.java] [1] [INFO] PASS: keys '07031997' are sent to element 'dateOfBirth2'.
[2021-12-28 03:24:25] [DriverListener.java] [1] [INFO] PASS: element 'lastSubmitButton' is clicked.
[2021-12-28 03:24:26] [IMessager.java] [1] [INFO] TEST [beamplify-demo - verifyCanAddFamilyMembers] PASSED at [15:24:26 2021-12-28]
