[2022-02-14 01:43:10] [CarinaListener.java] [1] [INFO] 
============= Test configuration =============
url=https://beamplify.com/
env=DEMO
selenium_url=http://localhost:9515
max_driver_count=3
proxy_protocols=http,https,ftp
browsermob_port=0
auto_screenshot=true
explicit_timeout=20
retry_interval=5
project_report_directory=./reports
max_screen_history=10
big_screen_width=-1
big_screen_height=-1
init_retry_count=0
init_retry_interval=1
retry_count=0
locale=en_US
thread_count=-1
data_provider_thread_count=-1
core_log_level=INFO
core_log_packages=com.qaprosoft.carina.core
log_all_json=true
date_format=HH:mm:ss yyyy-MM-dd
time_format=HH:mm:ss
test_naming_pattern={method_name}
element_loading_strategy=BY_PRESENCE_OR_VISIBILITY
page_opening_strategy=BY_URL_AND_ELEMENT
localization_encoding=UTF-8
localization_testing=false
default_device_timezone=GMT
default_device_time_format=24
default_device_language=en_US
selenium_url=http://localhost:9515

------------- Driver capabilities -----------
capabilities.browserName=CHROME
================================================

[2022-02-14 01:43:10] [TestRunRegistrar.java] [1] [WARN] Reporting disabled: using no op test run registrar
[2022-02-14 01:43:11] [Reflections.java] [1] [INFO] Reflections took 650 ms to scan 8 urls, producing 2329 keys and 11332 values 
[2022-02-14 01:43:11] [FilterTestsListener.java] [1] [INFO] There are no any rules and limitations
[2022-02-14 01:43:11] [CarinaListener.java] [1] [INFO] Set thread-count=1
[2022-02-14 01:43:11] [CarinaListener.java] [1] [INFO] Set data-provider-thread-count=1
[2022-02-14 01:43:11] [CarinaListener.java] [1] [INFO] CARINA_CORE_VERSION: 7.2.14
[2022-02-14 01:43:11] [TestRunRegistrar.java] [1] [WARN] Reporting disabled: using no op test run registrar
[2022-02-14 01:43:11] [TestRunRegistrar.java] [1] [WARN] Reporting disabled: using no op test run registrar
[2022-02-14 01:43:11] [IMessager.java] [1] [INFO] TEST [beamplify-demo - verifyCanAddFamilyMembers] STARTED at [13:43:11 2022-02-14]
[2022-02-14 01:43:19] [DriverListener.java] [1] [INFO] PASS: element 'getQuoteButton' is clicked.
[2022-02-14 01:43:21] [DriverListener.java] [1] [INFO] PASS: element 'nextButton' is clicked.
[2022-02-14 01:43:22] [DriverListener.java] [1] [ERROR] FAIL: element 'payOffMyDebtsCheckbox (By.xpath: (//input[@type='checkbox'])[2])' is not clicked!
[2022-02-14 01:43:23] [ExtendedWebElement.java] [1] [WARN] Trying to do click by JavascriptExecutor because element 'payOffMyDebtsCheckbox (By.xpath: (//input[@type='checkbox'])[2])' is not visible...
[2022-02-14 01:43:23] [DriverListener.java] [1] [ERROR] FAIL: element 'leaveAnInheritanceCheckbox (By.xpath: (//input[@type='checkbox'])[3])' is not clicked!
[2022-02-14 01:43:24] [ExtendedWebElement.java] [1] [WARN] Trying to do click by JavascriptExecutor because element 'leaveAnInheritanceCheckbox (By.xpath: (//input[@type='checkbox'])[3])' is not visible...
[2022-02-14 01:43:24] [DriverListener.java] [1] [INFO] PASS: element 'nextButton' is clicked.
[2022-02-14 01:43:24] [DriverListener.java] [1] [INFO] PASS: keys cleared in element 'dateOfBirthField'.
[2022-02-14 01:43:25] [DriverListener.java] [1] [INFO] PASS: keys '07031997' are sent to element 'dateOfBirthField'.
[2022-02-14 01:43:25] [DriverListener.java] [1] [INFO] PASS: element 'nextButton' is clicked.
[2022-02-14 01:43:25] [DriverListener.java] [1] [INFO] PASS: element 'femaleButton' is clicked.
[2022-02-14 01:43:26] [DriverListener.java] [1] [INFO] PASS: element 'nextButton' is clicked.
[2022-02-14 01:43:26] [DriverListener.java] [1] [INFO] PASS: element 'zipCodeField' is clicked.
[2022-02-14 01:43:27] [DriverListener.java] [1] [INFO] PASS: keys '' are sent to element 'zipCodeField'.
[2022-02-14 01:43:27] [DriverListener.java] [1] [INFO] PASS: keys '' are sent to element 'zipCodeField'.
[2022-02-14 01:43:27] [DriverListener.java] [1] [INFO] PASS: keys '' are sent to element 'zipCodeField'.
[2022-02-14 01:43:28] [DriverListener.java] [1] [INFO] PASS: keys '' are sent to element 'zipCodeField'.
[2022-02-14 01:43:28] [DriverListener.java] [1] [INFO] PASS: keys '' are sent to element 'zipCodeField'.
[2022-02-14 01:43:28] [DriverListener.java] [1] [INFO] PASS: element 'nextButton' is clicked.
[2022-02-14 01:43:29] [DriverListener.java] [1] [INFO] PASS: element 'annualHouseholdAndHeightDropdown' is clicked.
[2022-02-14 01:43:30] [DriverListener.java] [1] [INFO] PASS: element 'incomeSecondOption' is clicked.
[2022-02-14 01:43:30] [DriverListener.java] [1] [INFO] PASS: keys cleared in element 'occupationField'.
[2022-02-14 01:43:31] [DriverListener.java] [1] [INFO] PASS: keys 'Software developer' are sent to element 'occupationField'.
[2022-02-14 01:43:31] [DriverListener.java] [1] [INFO] PASS: element 'nextButton' is clicked.
[2022-02-14 01:43:32] [DriverListener.java] [1] [INFO] PASS: element 'nextButton' is clicked.
[2022-02-14 01:43:33] [DriverListener.java] [1] [INFO] PASS: element 'heightDropdown' is clicked.
[2022-02-14 01:43:35] [DriverListener.java] [1] [ERROR] FAIL: element 'heightOption (By.xpath: //div[@id='react-select-5-option-12'])' is not clicked!
[2022-02-14 01:43:35] [ExtendedWebElement.java] [1] [WARN] Trying to do click by JavascriptExecutor because element 'heightOption (By.xpath: //div[@id='react-select-5-option-12'])' is not visible...
[2022-02-14 01:43:35] [DriverListener.java] [1] [INFO] PASS: keys cleared in element 'weightField'.
[2022-02-14 01:43:36] [DriverListener.java] [1] [INFO] PASS: keys '40' are sent to element 'weightField'.
[2022-02-14 01:43:36] [DriverListener.java] [1] [INFO] PASS: element 'nextButton' is clicked.
[2022-02-14 01:43:37] [DriverListener.java] [1] [INFO] PASS: element 'noButton0' is clicked.
[2022-02-14 01:43:37] [DriverListener.java] [1] [INFO] PASS: element 'nextButton' is clicked.
[2022-02-14 01:43:39] [DriverListener.java] [1] [ERROR] FAIL: element 'noneOfTheAboveButton (By.xpath: //div[text()='None of the above'])' is not clicked!
[2022-02-14 01:43:39] [ExtendedWebElement.java] [1] [WARN] Trying to do click by JavascriptExecutor because element 'noneOfTheAboveButton (By.xpath: //div[text()='None of the above'])' is not visible...
[2022-02-14 01:43:39] [DriverListener.java] [1] [INFO] PASS: element 'nextButton' is clicked.
[2022-02-14 01:43:40] [DriverListener.java] [1] [INFO] PASS: element 'noButton0' is clicked.
[2022-02-14 01:43:40] [DriverListener.java] [1] [INFO] PASS: element 'nextButton' is clicked.
[2022-02-14 01:43:40] [DriverListener.java] [1] [INFO] PASS: keys cleared in element 'firstNameField'.
[2022-02-14 01:43:41] [DriverListener.java] [1] [INFO] PASS: keys 'Andrew' are sent to element 'firstNameField'.
[2022-02-14 01:43:41] [DriverListener.java] [1] [INFO] PASS: keys cleared in element 'lastNameField'.
[2022-02-14 01:43:42] [DriverListener.java] [1] [INFO] PASS: keys 'Nazarenko' are sent to element 'lastNameField'.
[2022-02-14 01:43:42] [DriverListener.java] [1] [INFO] PASS: keys cleared in element 'emailField'.
[2022-02-14 01:43:42] [DriverListener.java] [1] [INFO] PASS: keys 'andrew@gmail.com' are sent to element 'emailField'.
[2022-02-14 01:43:43] [DriverListener.java] [1] [INFO] PASS: element 'phoneField' is clicked.
[2022-02-14 01:43:43] [DriverListener.java] [1] [INFO] PASS: keys '' are sent to element 'phoneField'.
[2022-02-14 01:43:43] [DriverListener.java] [1] [INFO] PASS: keys '' are sent to element 'phoneField'.
[2022-02-14 01:43:44] [DriverListener.java] [1] [INFO] PASS: keys '' are sent to element 'phoneField'.
[2022-02-14 01:43:44] [DriverListener.java] [1] [INFO] PASS: keys '' are sent to element 'phoneField'.
[2022-02-14 01:43:44] [DriverListener.java] [1] [INFO] PASS: keys '' are sent to element 'phoneField'.
[2022-02-14 01:43:45] [DriverListener.java] [1] [INFO] PASS: keys '' are sent to element 'phoneField'.
[2022-02-14 01:43:45] [DriverListener.java] [1] [INFO] PASS: keys '' are sent to element 'phoneField'.
[2022-02-14 01:43:46] [DriverListener.java] [1] [INFO] PASS: keys '' are sent to element 'phoneField'.
[2022-02-14 01:43:46] [DriverListener.java] [1] [INFO] PASS: keys '' are sent to element 'phoneField'.
[2022-02-14 01:43:46] [DriverListener.java] [1] [INFO] PASS: keys '' are sent to element 'phoneField'.
[2022-02-14 01:43:47] [DriverListener.java] [1] [ERROR] FAIL: element 'authorizationCheckBox (By.xpath: //div[@class='CheckBox_CheckBox__2bo8X ']/input)' is not clicked!
[2022-02-14 01:43:47] [ExtendedWebElement.java] [1] [WARN] Trying to do click by JavascriptExecutor because element 'authorizationCheckBox (By.xpath: //div[@class='CheckBox_CheckBox__2bo8X ']/input)' is not visible...
[2022-02-14 01:43:47] [DriverListener.java] [1] [INFO] PASS: element 'saveButton' is clicked.
[2022-02-14 01:43:55] [DriverListener.java] [1] [ERROR] FAIL: element 'preliminaryQuotesButton (By.xpath: //button[text()='Get Pre-Approved'])' is not clicked!
[2022-02-14 01:43:55] [ExtendedWebElement.java] [1] [WARN] Trying to do click by JavascriptExecutor because element 'preliminaryQuotesButton (By.xpath: //button[text()='Get Pre-Approved'])' is not visible...
[2022-02-14 01:44:11] [DriverListener.java] [1] [ERROR] no such window: target window already closed
from unknown error: web view not found
  (Session info: chrome=98.0.4758.80)
Build info: version: '3.141.59', revision: 'e82be7d358', time: '2018-11-14T08:17:03'
System info: host: 'solvds-MacBook-Pro.local', ip: 'fe80:0:0:0:14e8:c6a2:e487:315c%en0', os.name: 'Mac OS X', os.arch: 'x86_64', os.version: '11.1', java.version: '11.0.13'
Driver info: org.openqa.selenium.remote.RemoteWebDriver
Capabilities {acceptInsecureCerts: true, browserName: chrome, browserVersion: 98.0.4758.80, chrome: {chromedriverVersion: 98.0.4758.80 (7f0488e8ba0d8..., userDataDir: /var/folders/cb/_cgn98l156b...}, goog:chromeOptions: {debuggerAddress: localhost:49384}, javascriptEnabled: true, networkConnectionEnabled: false, pageLoadStrategy: normal, platform: MAC, platformName: MAC, proxy: Proxy(), setWindowRect: true, strictFileInteractability: false, timeouts: {implicit: 0, pageLoad: 300000, script: 30000}, unhandledPromptBehavior: dismiss and notify, webauthn:extension:credBlob: true, webauthn:extension:largeBlob: true, webauthn:virtualAuthenticators: true}
Session ID: 131f4034a3cf7fb24c785b5c8b3866db
*** Element info: {Using=xpath, value=(//div[@class=' css-12q0e1x-control']//div[@Class=' css-gg2x63'])}
[2022-02-14 01:44:11] [Screenshot.java] [1] [ERROR] ExecutionException error detected on capture full screenshot!
[2022-02-14 01:44:11] [DriverListener.java] [1] [ERROR] no such window: target window already closed
from unknown error: web view not found
  (Session info: chrome=98.0.4758.80)
Build info: version: '3.141.59', revision: 'e82be7d358', time: '2018-11-14T08:17:03'
System info: host: 'solvds-MacBook-Pro.local', ip: 'fe80:0:0:0:14e8:c6a2:e487:315c%en0', os.name: 'Mac OS X', os.arch: 'x86_64', os.version: '11.1', java.version: '11.0.13'
Driver info: org.openqa.selenium.remote.RemoteWebDriver
Capabilities {acceptInsecureCerts: true, browserName: chrome, browserVersion: 98.0.4758.80, chrome: {chromedriverVersion: 98.0.4758.80 (7f0488e8ba0d8..., userDataDir: /var/folders/cb/_cgn98l156b...}, goog:chromeOptions: {debuggerAddress: localhost:49384}, javascriptEnabled: true, networkConnectionEnabled: false, pageLoadStrategy: normal, platform: MAC, platformName: MAC, proxy: Proxy(), setWindowRect: true, strictFileInteractability: false, timeouts: {implicit: 0, pageLoad: 300000, script: 30000}, unhandledPromptBehavior: dismiss and notify, webauthn:extension:credBlob: true, webauthn:extension:largeBlob: true, webauthn:virtualAuthenticators: true}
Session ID: 131f4034a3cf7fb24c785b5c8b3866db
*** Element info: {Using=xpath, value=(//div[@class=' css-12q0e1x-control']//div[@Class=' css-gg2x63'])}
[2022-02-14 01:44:11] [Screenshot.java] [1] [ERROR] ExecutionException error detected on capture full screenshot!
[2022-02-14 01:44:11] [DriverListener.java] [1] [ERROR] no such window: target window already closed
from unknown error: web view not found
  (Session info: chrome=98.0.4758.80)
Build info: version: '3.141.59', revision: 'e82be7d358', time: '2018-11-14T08:17:03'
System info: host: 'solvds-MacBook-Pro.local', ip: 'fe80:0:0:0:14e8:c6a2:e487:315c%en0', os.name: 'Mac OS X', os.arch: 'x86_64', os.version: '11.1', java.version: '11.0.13'
Driver info: org.openqa.selenium.remote.RemoteWebDriver
Capabilities {acceptInsecureCerts: true, browserName: chrome, browserVersion: 98.0.4758.80, chrome: {chromedriverVersion: 98.0.4758.80 (7f0488e8ba0d8..., userDataDir: /var/folders/cb/_cgn98l156b...}, goog:chromeOptions: {debuggerAddress: localhost:49384}, javascriptEnabled: true, networkConnectionEnabled: false, pageLoadStrategy: normal, platform: MAC, platformName: MAC, proxy: Proxy(), setWindowRect: true, strictFileInteractability: false, timeouts: {implicit: 0, pageLoad: 300000, script: 30000}, unhandledPromptBehavior: dismiss and notify, webauthn:extension:credBlob: true, webauthn:extension:largeBlob: true, webauthn:virtualAuthenticators: true}
Session ID: 131f4034a3cf7fb24c785b5c8b3866db
*** Element info: {Using=xpath, value=(//div[@class=' css-12q0e1x-control']//div[@Class=' css-gg2x63'])}
[2022-02-14 01:44:11] [Screenshot.java] [1] [ERROR] ExecutionException error detected on capture full screenshot!
[2022-02-14 01:44:11] [DriverListener.java] [1] [ERROR] no such window: target window already closed
from unknown error: web view not found
  (Session info: chrome=98.0.4758.80)
Build info: version: '3.141.59', revision: 'e82be7d358', time: '2018-11-14T08:17:03'
System info: host: 'solvds-MacBook-Pro.local', ip: 'fe80:0:0:0:14e8:c6a2:e487:315c%en0', os.name: 'Mac OS X', os.arch: 'x86_64', os.version: '11.1', java.version: '11.0.13'
Driver info: org.openqa.selenium.remote.RemoteWebDriver
Capabilities {acceptInsecureCerts: true, browserName: chrome, browserVersion: 98.0.4758.80, chrome: {chromedriverVersion: 98.0.4758.80 (7f0488e8ba0d8..., userDataDir: /var/folders/cb/_cgn98l156b...}, goog:chromeOptions: {debuggerAddress: localhost:49384}, javascriptEnabled: true, networkConnectionEnabled: false, pageLoadStrategy: normal, platform: MAC, platformName: MAC, proxy: Proxy(), setWindowRect: true, strictFileInteractability: false, timeouts: {implicit: 0, pageLoad: 300000, script: 30000}, unhandledPromptBehavior: dismiss and notify, webauthn:extension:credBlob: true, webauthn:extension:largeBlob: true, webauthn:virtualAuthenticators: true}
Session ID: 131f4034a3cf7fb24c785b5c8b3866db
*** Element info: {Using=xpath, value=(//div[@class=' css-12q0e1x-control']//div[@Class=' css-gg2x63'])}
[2022-02-14 01:44:11] [Screenshot.java] [1] [ERROR] ExecutionException error detected on capture full screenshot!
[2022-02-14 01:44:11] [DriverListener.java] [1] [ERROR] no such window: target window already closed
from unknown error: web view not found
  (Session info: chrome=98.0.4758.80)
Build info: version: '3.141.59', revision: 'e82be7d358', time: '2018-11-14T08:17:03'
System info: host: 'solvds-MacBook-Pro.local', ip: 'fe80:0:0:0:14e8:c6a2:e487:315c%en0', os.name: 'Mac OS X', os.arch: 'x86_64', os.version: '11.1', java.version: '11.0.13'
Driver info: org.openqa.selenium.remote.RemoteWebDriver
Capabilities {acceptInsecureCerts: true, browserName: chrome, browserVersion: 98.0.4758.80, chrome: {chromedriverVersion: 98.0.4758.80 (7f0488e8ba0d8..., userDataDir: /var/folders/cb/_cgn98l156b...}, goog:chromeOptions: {debuggerAddress: localhost:49384}, javascriptEnabled: true, networkConnectionEnabled: false, pageLoadStrategy: normal, platform: MAC, platformName: MAC, proxy: Proxy(), setWindowRect: true, strictFileInteractability: false, timeouts: {implicit: 0, pageLoad: 300000, script: 30000}, unhandledPromptBehavior: dismiss and notify, webauthn:extension:credBlob: true, webauthn:extension:largeBlob: true, webauthn:virtualAuthenticators: true}
Session ID: 131f4034a3cf7fb24c785b5c8b3866db
*** Element info: {Using=xpath, value=(//div[@class=' css-12q0e1x-control']//div[@Class=' css-gg2x63'])}
[2022-02-14 01:44:11] [Screenshot.java] [1] [ERROR] ExecutionException error detected on capture full screenshot!
[2022-02-14 01:44:11] [DriverListener.java] [1] [ERROR] no such window: target window already closed
from unknown error: web view not found
  (Session info: chrome=98.0.4758.80)
Build info: version: '3.141.59', revision: 'e82be7d358', time: '2018-11-14T08:17:03'
System info: host: 'solvds-MacBook-Pro.local', ip: 'fe80:0:0:0:14e8:c6a2:e487:315c%en0', os.name: 'Mac OS X', os.arch: 'x86_64', os.version: '11.1', java.version: '11.0.13'
Driver info: org.openqa.selenium.remote.RemoteWebDriver
Capabilities {acceptInsecureCerts: true, browserName: chrome, browserVersion: 98.0.4758.80, chrome: {chromedriverVersion: 98.0.4758.80 (7f0488e8ba0d8..., userDataDir: /var/folders/cb/_cgn98l156b...}, goog:chromeOptions: {debuggerAddress: localhost:49384}, javascriptEnabled: true, networkConnectionEnabled: false, pageLoadStrategy: normal, platform: MAC, platformName: MAC, proxy: Proxy(), setWindowRect: true, strictFileInteractability: false, timeouts: {implicit: 0, pageLoad: 300000, script: 30000}, unhandledPromptBehavior: dismiss and notify, webauthn:extension:credBlob: true, webauthn:extension:largeBlob: true, webauthn:virtualAuthenticators: true}
Session ID: 131f4034a3cf7fb24c785b5c8b3866db
*** Element info: {Using=xpath, value=(//div[@class=' css-12q0e1x-control']//div[@Class=' css-gg2x63'])}
[2022-02-14 01:44:11] [Screenshot.java] [1] [ERROR] ExecutionException error detected on capture full screenshot!
[2022-02-14 01:44:11] [DriverListener.java] [1] [ERROR] no such window: target window already closed
from unknown error: web view not found
  (Session info: chrome=98.0.4758.80)
Build info: version: '3.141.59', revision: 'e82be7d358', time: '2018-11-14T08:17:03'
System info: host: 'solvds-MacBook-Pro.local', ip: 'fe80:0:0:0:14e8:c6a2:e487:315c%en0', os.name: 'Mac OS X', os.arch: 'x86_64', os.version: '11.1', java.version: '11.0.13'
Driver info: org.openqa.selenium.remote.RemoteWebDriver
Capabilities {acceptInsecureCerts: true, browserName: chrome, browserVersion: 98.0.4758.80, chrome: {chromedriverVersion: 98.0.4758.80 (7f0488e8ba0d8..., userDataDir: /var/folders/cb/_cgn98l156b...}, goog:chromeOptions: {debuggerAddress: localhost:49384}, javascriptEnabled: true, networkConnectionEnabled: false, pageLoadStrategy: normal, platform: MAC, platformName: MAC, proxy: Proxy(), setWindowRect: true, strictFileInteractability: false, timeouts: {implicit: 0, pageLoad: 300000, script: 30000}, unhandledPromptBehavior: dismiss and notify, webauthn:extension:credBlob: true, webauthn:extension:largeBlob: true, webauthn:virtualAuthenticators: true}
Session ID: 131f4034a3cf7fb24c785b5c8b3866db
*** Element info: {Using=xpath, value=(//div[@class=' css-12q0e1x-control']//div[@Class=' css-gg2x63'])}
[2022-02-14 01:44:11] [Screenshot.java] [1] [ERROR] ExecutionException error detected on capture full screenshot!
[2022-02-14 01:44:11] [DriverListener.java] [1] [ERROR] no such window: target window already closed
from unknown error: web view not found
  (Session info: chrome=98.0.4758.80)
Build info: version: '3.141.59', revision: 'e82be7d358', time: '2018-11-14T08:17:03'
System info: host: 'solvds-MacBook-Pro.local', ip: 'fe80:0:0:0:14e8:c6a2:e487:315c%en0', os.name: 'Mac OS X', os.arch: 'x86_64', os.version: '11.1', java.version: '11.0.13'
Driver info: org.openqa.selenium.remote.RemoteWebDriver
Capabilities {acceptInsecureCerts: true, browserName: chrome, browserVersion: 98.0.4758.80, chrome: {chromedriverVersion: 98.0.4758.80 (7f0488e8ba0d8..., userDataDir: /var/folders/cb/_cgn98l156b...}, goog:chromeOptions: {debuggerAddress: localhost:49384}, javascriptEnabled: true, networkConnectionEnabled: false, pageLoadStrategy: normal, platform: MAC, platformName: MAC, proxy: Proxy(), setWindowRect: true, strictFileInteractability: false, timeouts: {implicit: 0, pageLoad: 300000, script: 30000}, unhandledPromptBehavior: dismiss and notify, webauthn:extension:credBlob: true, webauthn:extension:largeBlob: true, webauthn:virtualAuthenticators: true}
Session ID: 131f4034a3cf7fb24c785b5c8b3866db
*** Element info: {Using=xpath, value=(//div[@class=' css-12q0e1x-control']//div[@Class=' css-gg2x63'])}
[2022-02-14 01:44:11] [Screenshot.java] [1] [ERROR] ExecutionException error detected on capture full screenshot!
[2022-02-14 01:44:11] [DriverListener.java] [1] [ERROR] no such window: target window already closed
from unknown error: web view not found
  (Session info: chrome=98.0.4758.80)
Build info: version: '3.141.59', revision: 'e82be7d358', time: '2018-11-14T08:17:03'
System info: host: 'solvds-MacBook-Pro.local', ip: 'fe80:0:0:0:14e8:c6a2:e487:315c%en0', os.name: 'Mac OS X', os.arch: 'x86_64', os.version: '11.1', java.version: '11.0.13'
Driver info: org.openqa.selenium.remote.RemoteWebDriver
Capabilities {acceptInsecureCerts: true, browserName: chrome, browserVersion: 98.0.4758.80, chrome: {chromedriverVersion: 98.0.4758.80 (7f0488e8ba0d8..., userDataDir: /var/folders/cb/_cgn98l156b...}, goog:chromeOptions: {debuggerAddress: localhost:49384}, javascriptEnabled: true, networkConnectionEnabled: false, pageLoadStrategy: normal, platform: MAC, platformName: MAC, proxy: Proxy(), setWindowRect: true, strictFileInteractability: false, timeouts: {implicit: 0, pageLoad: 300000, script: 30000}, unhandledPromptBehavior: dismiss and notify, webauthn:extension:credBlob: true, webauthn:extension:largeBlob: true, webauthn:virtualAuthenticators: true}
Session ID: 131f4034a3cf7fb24c785b5c8b3866db
*** Element info: {Using=xpath, value=(//div[@class=' css-12q0e1x-control']//div[@Class=' css-gg2x63'])}
[2022-02-14 01:44:11] [Screenshot.java] [1] [ERROR] ExecutionException error detected on capture full screenshot!
[2022-02-14 01:44:11] [DriverListener.java] [1] [ERROR] no such window: target window already closed
from unknown error: web view not found
  (Session info: chrome=98.0.4758.80)
Build info: version: '3.141.59', revision: 'e82be7d358', time: '2018-11-14T08:17:03'
System info: host: 'solvds-MacBook-Pro.local', ip: 'fe80:0:0:0:14e8:c6a2:e487:315c%en0', os.name: 'Mac OS X', os.arch: 'x86_64', os.version: '11.1', java.version: '11.0.13'
Driver info: org.openqa.selenium.remote.RemoteWebDriver
Capabilities {acceptInsecureCerts: true, browserName: chrome, browserVersion: 98.0.4758.80, chrome: {chromedriverVersion: 98.0.4758.80 (7f0488e8ba0d8..., userDataDir: /var/folders/cb/_cgn98l156b...}, goog:chromeOptions: {debuggerAddress: localhost:49384}, javascriptEnabled: true, networkConnectionEnabled: false, pageLoadStrategy: normal, platform: MAC, platformName: MAC, proxy: Proxy(), setWindowRect: true, strictFileInteractability: false, timeouts: {implicit: 0, pageLoad: 300000, script: 30000}, unhandledPromptBehavior: dismiss and notify, webauthn:extension:credBlob: true, webauthn:extension:largeBlob: true, webauthn:virtualAuthenticators: true}
Session ID: 131f4034a3cf7fb24c785b5c8b3866db
*** Element info: {Using=xpath, value=(//div[@class=' css-12q0e1x-control']//div[@Class=' css-gg2x63'])}
[2022-02-14 01:44:11] [Screenshot.java] [1] [ERROR] ExecutionException error detected on capture full screenshot!
[2022-02-14 01:44:11] [DriverListener.java] [1] [ERROR] no such window: target window already closed
from unknown error: web view not found
  (Session info: chrome=98.0.4758.80)
Build info: version: '3.141.59', revision: 'e82be7d358', time: '2018-11-14T08:17:03'
System info: host: 'solvds-MacBook-Pro.local', ip: 'fe80:0:0:0:14e8:c6a2:e487:315c%en0', os.name: 'Mac OS X', os.arch: 'x86_64', os.version: '11.1', java.version: '11.0.13'
Driver info: org.openqa.selenium.remote.RemoteWebDriver
Capabilities {acceptInsecureCerts: true, browserName: chrome, browserVersion: 98.0.4758.80, chrome: {chromedriverVersion: 98.0.4758.80 (7f0488e8ba0d8..., userDataDir: /var/folders/cb/_cgn98l156b...}, goog:chromeOptions: {debuggerAddress: localhost:49384}, javascriptEnabled: true, networkConnectionEnabled: false, pageLoadStrategy: normal, platform: MAC, platformName: MAC, proxy: Proxy(), setWindowRect: true, strictFileInteractability: false, timeouts: {implicit: 0, pageLoad: 300000, script: 30000}, unhandledPromptBehavior: dismiss and notify, webauthn:extension:credBlob: true, webauthn:extension:largeBlob: true, webauthn:virtualAuthenticators: true}
Session ID: 131f4034a3cf7fb24c785b5c8b3866db
*** Element info: {Using=xpath, value=(//div[@class=' css-12q0e1x-control']//div[@Class=' css-gg2x63'])}
[2022-02-14 01:44:11] [Screenshot.java] [1] [ERROR] ExecutionException error detected on capture full screenshot!
[2022-02-14 01:44:11] [DriverListener.java] [1] [ERROR] no such window: target window already closed
from unknown error: web view not found
  (Session info: chrome=98.0.4758.80)
Build info: version: '3.141.59', revision: 'e82be7d358', time: '2018-11-14T08:17:03'
System info: host: 'solvds-MacBook-Pro.local', ip: 'fe80:0:0:0:14e8:c6a2:e487:315c%en0', os.name: 'Mac OS X', os.arch: 'x86_64', os.version: '11.1', java.version: '11.0.13'
Driver info: org.openqa.selenium.remote.RemoteWebDriver
Capabilities {acceptInsecureCerts: true, browserName: chrome, browserVersion: 98.0.4758.80, chrome: {chromedriverVersion: 98.0.4758.80 (7f0488e8ba0d8..., userDataDir: /var/folders/cb/_cgn98l156b...}, goog:chromeOptions: {debuggerAddress: localhost:49384}, javascriptEnabled: true, networkConnectionEnabled: false, pageLoadStrategy: normal, platform: MAC, platformName: MAC, proxy: Proxy(), setWindowRect: true, strictFileInteractability: false, timeouts: {implicit: 0, pageLoad: 300000, script: 30000}, unhandledPromptBehavior: dismiss and notify, webauthn:extension:credBlob: true, webauthn:extension:largeBlob: true, webauthn:virtualAuthenticators: true}
Session ID: 131f4034a3cf7fb24c785b5c8b3866db
*** Element info: {Using=xpath, value=(//div[@class=' css-12q0e1x-control']//div[@Class=' css-gg2x63'])}
[2022-02-14 01:44:11] [Screenshot.java] [1] [ERROR] ExecutionException error detected on capture full screenshot!
[2022-02-14 01:44:11] [DriverListener.java] [1] [ERROR] no such window: target window already closed
from unknown error: web view not found
  (Session info: chrome=98.0.4758.80)
Build info: version: '3.141.59', revision: 'e82be7d358', time: '2018-11-14T08:17:03'
System info: host: 'solvds-MacBook-Pro.local', ip: 'fe80:0:0:0:14e8:c6a2:e487:315c%en0', os.name: 'Mac OS X', os.arch: 'x86_64', os.version: '11.1', java.version: '11.0.13'
Driver info: org.openqa.selenium.remote.RemoteWebDriver
Capabilities {acceptInsecureCerts: true, browserName: chrome, browserVersion: 98.0.4758.80, chrome: {chromedriverVersion: 98.0.4758.80 (7f0488e8ba0d8..., userDataDir: /var/folders/cb/_cgn98l156b...}, goog:chromeOptions: {debuggerAddress: localhost:49384}, javascriptEnabled: true, networkConnectionEnabled: false, pageLoadStrategy: normal, platform: MAC, platformName: MAC, proxy: Proxy(), setWindowRect: true, strictFileInteractability: false, timeouts: {implicit: 0, pageLoad: 300000, script: 30000}, unhandledPromptBehavior: dismiss and notify, webauthn:extension:credBlob: true, webauthn:extension:largeBlob: true, webauthn:virtualAuthenticators: true}
Session ID: 131f4034a3cf7fb24c785b5c8b3866db
*** Element info: {Using=xpath, value=(//div[@class=' css-12q0e1x-control']//div[@Class=' css-gg2x63'])}
[2022-02-14 01:44:11] [Screenshot.java] [1] [ERROR] ExecutionException error detected on capture full screenshot!
[2022-02-14 01:44:11] [DriverListener.java] [1] [ERROR] no such window: target window already closed
from unknown error: web view not found
  (Session info: chrome=98.0.4758.80)
Build info: version: '3.141.59', revision: 'e82be7d358', time: '2018-11-14T08:17:03'
System info: host: 'solvds-MacBook-Pro.local', ip: 'fe80:0:0:0:14e8:c6a2:e487:315c%en0', os.name: 'Mac OS X', os.arch: 'x86_64', os.version: '11.1', java.version: '11.0.13'
Driver info: org.openqa.selenium.remote.RemoteWebDriver
Capabilities {acceptInsecureCerts: true, browserName: chrome, browserVersion: 98.0.4758.80, chrome: {chromedriverVersion: 98.0.4758.80 (7f0488e8ba0d8..., userDataDir: /var/folders/cb/_cgn98l156b...}, goog:chromeOptions: {debuggerAddress: localhost:49384}, javascriptEnabled: true, networkConnectionEnabled: false, pageLoadStrategy: normal, platform: MAC, platformName: MAC, proxy: Proxy(), setWindowRect: true, strictFileInteractability: false, timeouts: {implicit: 0, pageLoad: 300000, script: 30000}, unhandledPromptBehavior: dismiss and notify, webauthn:extension:credBlob: true, webauthn:extension:largeBlob: true, webauthn:virtualAuthenticators: true}
Session ID: 131f4034a3cf7fb24c785b5c8b3866db
*** Element info: {Using=xpath, value=(//div[@class=' css-12q0e1x-control']//div[@Class=' css-gg2x63'])}
[2022-02-14 01:44:11] [Screenshot.java] [1] [ERROR] ExecutionException error detected on capture full screenshot!
[2022-02-14 01:44:11] [DriverListener.java] [1] [ERROR] no such window: target window already closed
from unknown error: web view not found
  (Session info: chrome=98.0.4758.80)
Build info: version: '3.141.59', revision: 'e82be7d358', time: '2018-11-14T08:17:03'
System info: host: 'solvds-MacBook-Pro.local', ip: 'fe80:0:0:0:14e8:c6a2:e487:315c%en0', os.name: 'Mac OS X', os.arch: 'x86_64', os.version: '11.1', java.version: '11.0.13'
Driver info: org.openqa.selenium.remote.RemoteWebDriver
Capabilities {acceptInsecureCerts: true, browserName: chrome, browserVersion: 98.0.4758.80, chrome: {chromedriverVersion: 98.0.4758.80 (7f0488e8ba0d8..., userDataDir: /var/folders/cb/_cgn98l156b...}, goog:chromeOptions: {debuggerAddress: localhost:49384}, javascriptEnabled: true, networkConnectionEnabled: false, pageLoadStrategy: normal, platform: MAC, platformName: MAC, proxy: Proxy(), setWindowRect: true, strictFileInteractability: false, timeouts: {implicit: 0, pageLoad: 300000, script: 30000}, unhandledPromptBehavior: dismiss and notify, webauthn:extension:credBlob: true, webauthn:extension:largeBlob: true, webauthn:virtualAuthenticators: true}
Session ID: 131f4034a3cf7fb24c785b5c8b3866db
*** Element info: {Using=xpath, value=(//div[@class=' css-12q0e1x-control']//div[@Class=' css-gg2x63'])}
[2022-02-14 01:44:11] [Screenshot.java] [1] [ERROR] ExecutionException error detected on capture full screenshot!
[2022-02-14 01:44:11] [DriverListener.java] [1] [ERROR] no such window: target window already closed
from unknown error: web view not found
  (Session info: chrome=98.0.4758.80)
Build info: version: '3.141.59', revision: 'e82be7d358', time: '2018-11-14T08:17:03'
System info: host: 'solvds-MacBook-Pro.local', ip: 'fe80:0:0:0:14e8:c6a2:e487:315c%en0', os.name: 'Mac OS X', os.arch: 'x86_64', os.version: '11.1', java.version: '11.0.13'
Driver info: org.openqa.selenium.remote.RemoteWebDriver
Capabilities {acceptInsecureCerts: true, browserName: chrome, browserVersion: 98.0.4758.80, chrome: {chromedriverVersion: 98.0.4758.80 (7f0488e8ba0d8..., userDataDir: /var/folders/cb/_cgn98l156b...}, goog:chromeOptions: {debuggerAddress: localhost:49384}, javascriptEnabled: true, networkConnectionEnabled: false, pageLoadStrategy: normal, platform: MAC, platformName: MAC, proxy: Proxy(), setWindowRect: true, strictFileInteractability: false, timeouts: {implicit: 0, pageLoad: 300000, script: 30000}, unhandledPromptBehavior: dismiss and notify, webauthn:extension:credBlob: true, webauthn:extension:largeBlob: true, webauthn:virtualAuthenticators: true}
Session ID: 131f4034a3cf7fb24c785b5c8b3866db
*** Element info: {Using=xpath, value=(//div[@class=' css-12q0e1x-control']//div[@Class=' css-gg2x63'])}
[2022-02-14 01:44:11] [Screenshot.java] [1] [ERROR] ExecutionException error detected on capture full screenshot!
[2022-02-14 01:44:11] [DriverListener.java] [1] [ERROR] no such window: target window already closed
from unknown error: web view not found
  (Session info: chrome=98.0.4758.80)
Build info: version: '3.141.59', revision: 'e82be7d358', time: '2018-11-14T08:17:03'
System info: host: 'solvds-MacBook-Pro.local', ip: 'fe80:0:0:0:14e8:c6a2:e487:315c%en0', os.name: 'Mac OS X', os.arch: 'x86_64', os.version: '11.1', java.version: '11.0.13'
Driver info: org.openqa.selenium.remote.RemoteWebDriver
Capabilities {acceptInsecureCerts: true, browserName: chrome, browserVersion: 98.0.4758.80, chrome: {chromedriverVersion: 98.0.4758.80 (7f0488e8ba0d8..., userDataDir: /var/folders/cb/_cgn98l156b...}, goog:chromeOptions: {debuggerAddress: localhost:49384}, javascriptEnabled: true, networkConnectionEnabled: false, pageLoadStrategy: normal, platform: MAC, platformName: MAC, proxy: Proxy(), setWindowRect: true, strictFileInteractability: false, timeouts: {implicit: 0, pageLoad: 300000, script: 30000}, unhandledPromptBehavior: dismiss and notify, webauthn:extension:credBlob: true, webauthn:extension:largeBlob: true, webauthn:virtualAuthenticators: true}
Session ID: 131f4034a3cf7fb24c785b5c8b3866db
*** Element info: {Using=xpath, value=(//div[@class=' css-12q0e1x-control']//div[@Class=' css-gg2x63'])}
[2022-02-14 01:44:11] [Screenshot.java] [1] [ERROR] ExecutionException error detected on capture full screenshot!
[2022-02-14 01:44:11] [DriverListener.java] [1] [ERROR] no such window: target window already closed
from unknown error: web view not found
  (Session info: chrome=98.0.4758.80)
Build info: version: '3.141.59', revision: 'e82be7d358', time: '2018-11-14T08:17:03'
System info: host: 'solvds-MacBook-Pro.local', ip: 'fe80:0:0:0:14e8:c6a2:e487:315c%en0', os.name: 'Mac OS X', os.arch: 'x86_64', os.version: '11.1', java.version: '11.0.13'
Driver info: org.openqa.selenium.remote.RemoteWebDriver
Capabilities {acceptInsecureCerts: true, browserName: chrome, browserVersion: 98.0.4758.80, chrome: {chromedriverVersion: 98.0.4758.80 (7f0488e8ba0d8..., userDataDir: /var/folders/cb/_cgn98l156b...}, goog:chromeOptions: {debuggerAddress: localhost:49384}, javascriptEnabled: true, networkConnectionEnabled: false, pageLoadStrategy: normal, platform: MAC, platformName: MAC, proxy: Proxy(), setWindowRect: true, strictFileInteractability: false, timeouts: {implicit: 0, pageLoad: 300000, script: 30000}, unhandledPromptBehavior: dismiss and notify, webauthn:extension:credBlob: true, webauthn:extension:largeBlob: true, webauthn:virtualAuthenticators: true}
Session ID: 131f4034a3cf7fb24c785b5c8b3866db
*** Element info: {Using=xpath, value=(//div[@class=' css-12q0e1x-control']//div[@Class=' css-gg2x63'])}
[2022-02-14 01:44:11] [Screenshot.java] [1] [ERROR] ExecutionException error detected on capture full screenshot!
[2022-02-14 01:44:11] [DriverListener.java] [1] [ERROR] no such window: target window already closed
from unknown error: web view not found
  (Session info: chrome=98.0.4758.80)
Build info: version: '3.141.59', revision: 'e82be7d358', time: '2018-11-14T08:17:03'
System info: host: 'solvds-MacBook-Pro.local', ip: 'fe80:0:0:0:14e8:c6a2:e487:315c%en0', os.name: 'Mac OS X', os.arch: 'x86_64', os.version: '11.1', java.version: '11.0.13'
Driver info: org.openqa.selenium.remote.RemoteWebDriver
Capabilities {acceptInsecureCerts: true, browserName: chrome, browserVersion: 98.0.4758.80, chrome: {chromedriverVersion: 98.0.4758.80 (7f0488e8ba0d8..., userDataDir: /var/folders/cb/_cgn98l156b...}, goog:chromeOptions: {debuggerAddress: localhost:49384}, javascriptEnabled: true, networkConnectionEnabled: false, pageLoadStrategy: normal, platform: MAC, platformName: MAC, proxy: Proxy(), setWindowRect: true, strictFileInteractability: false, timeouts: {implicit: 0, pageLoad: 300000, script: 30000}, unhandledPromptBehavior: dismiss and notify, webauthn:extension:credBlob: true, webauthn:extension:largeBlob: true, webauthn:virtualAuthenticators: true}
Session ID: 131f4034a3cf7fb24c785b5c8b3866db
*** Element info: {Using=xpath, value=(//div[@class=' css-12q0e1x-control']//div[@Class=' css-gg2x63'])}
[2022-02-14 01:44:11] [Screenshot.java] [1] [ERROR] ExecutionException error detected on capture full screenshot!
[2022-02-14 01:44:11] [DriverListener.java] [1] [ERROR] no such window: target window already closed
from unknown error: web view not found
  (Session info: chrome=98.0.4758.80)
Build info: version: '3.141.59', revision: 'e82be7d358', time: '2018-11-14T08:17:03'
System info: host: 'solvds-MacBook-Pro.local', ip: 'fe80:0:0:0:14e8:c6a2:e487:315c%en0', os.name: 'Mac OS X', os.arch: 'x86_64', os.version: '11.1', java.version: '11.0.13'
Driver info: org.openqa.selenium.remote.RemoteWebDriver
Capabilities {acceptInsecureCerts: true, browserName: chrome, browserVersion: 98.0.4758.80, chrome: {chromedriverVersion: 98.0.4758.80 (7f0488e8ba0d8..., userDataDir: /var/folders/cb/_cgn98l156b...}, goog:chromeOptions: {debuggerAddress: localhost:49384}, javascriptEnabled: true, networkConnectionEnabled: false, pageLoadStrategy: normal, platform: MAC, platformName: MAC, proxy: Proxy(), setWindowRect: true, strictFileInteractability: false, timeouts: {implicit: 0, pageLoad: 300000, script: 30000}, unhandledPromptBehavior: dismiss and notify, webauthn:extension:credBlob: true, webauthn:extension:largeBlob: true, webauthn:virtualAuthenticators: true}
Session ID: 131f4034a3cf7fb24c785b5c8b3866db
*** Element info: {Using=xpath, value=(//div[@class=' css-12q0e1x-control']//div[@Class=' css-gg2x63'])}
[2022-02-14 01:44:11] [Screenshot.java] [1] [ERROR] ExecutionException error detected on capture full screenshot!
[2022-02-14 01:44:11] [DriverListener.java] [1] [ERROR] no such window: target window already closed
from unknown error: web view not found
  (Session info: chrome=98.0.4758.80)
Build info: version: '3.141.59', revision: 'e82be7d358', time: '2018-11-14T08:17:03'
System info: host: 'solvds-MacBook-Pro.local', ip: 'fe80:0:0:0:14e8:c6a2:e487:315c%en0', os.name: 'Mac OS X', os.arch: 'x86_64', os.version: '11.1', java.version: '11.0.13'
Driver info: org.openqa.selenium.remote.RemoteWebDriver
Capabilities {acceptInsecureCerts: true, browserName: chrome, browserVersion: 98.0.4758.80, chrome: {chromedriverVersion: 98.0.4758.80 (7f0488e8ba0d8..., userDataDir: /var/folders/cb/_cgn98l156b...}, goog:chromeOptions: {debuggerAddress: localhost:49384}, javascriptEnabled: true, networkConnectionEnabled: false, pageLoadStrategy: normal, platform: MAC, platformName: MAC, proxy: Proxy(), setWindowRect: true, strictFileInteractability: false, timeouts: {implicit: 0, pageLoad: 300000, script: 30000}, unhandledPromptBehavior: dismiss and notify, webauthn:extension:credBlob: true, webauthn:extension:largeBlob: true, webauthn:virtualAuthenticators: true}
Session ID: 131f4034a3cf7fb24c785b5c8b3866db
*** Element info: {Using=xpath, value=(//div[@class=' css-12q0e1x-control']//div[@Class=' css-gg2x63'])}
[2022-02-14 01:44:11] [Screenshot.java] [1] [ERROR] ExecutionException error detected on capture full screenshot!
[2022-02-14 01:44:11] [DriverListener.java] [1] [ERROR] no such window: target window already closed
from unknown error: web view not found
  (Session info: chrome=98.0.4758.80)
Build info: version: '3.141.59', revision: 'e82be7d358', time: '2018-11-14T08:17:03'
System info: host: 'solvds-MacBook-Pro.local', ip: 'fe80:0:0:0:14e8:c6a2:e487:315c%en0', os.name: 'Mac OS X', os.arch: 'x86_64', os.version: '11.1', java.version: '11.0.13'
Driver info: org.openqa.selenium.remote.RemoteWebDriver
Capabilities {acceptInsecureCerts: true, browserName: chrome, browserVersion: 98.0.4758.80, chrome: {chromedriverVersion: 98.0.4758.80 (7f0488e8ba0d8..., userDataDir: /var/folders/cb/_cgn98l156b...}, goog:chromeOptions: {debuggerAddress: localhost:49384}, javascriptEnabled: true, networkConnectionEnabled: false, pageLoadStrategy: normal, platform: MAC, platformName: MAC, proxy: Proxy(), setWindowRect: true, strictFileInteractability: false, timeouts: {implicit: 0, pageLoad: 300000, script: 30000}, unhandledPromptBehavior: dismiss and notify, webauthn:extension:credBlob: true, webauthn:extension:largeBlob: true, webauthn:virtualAuthenticators: true}
Session ID: 131f4034a3cf7fb24c785b5c8b3866db
*** Element info: {Using=xpath, value=(//div[@class=' css-12q0e1x-control']//div[@Class=' css-gg2x63'])}
[2022-02-14 01:44:11] [Screenshot.java] [1] [ERROR] ExecutionException error detected on capture full screenshot!
[2022-02-14 01:44:11] [DriverListener.java] [1] [ERROR] no such window: target window already closed
from unknown error: web view not found
  (Session info: chrome=98.0.4758.80)
Build info: version: '3.141.59', revision: 'e82be7d358', time: '2018-11-14T08:17:03'
System info: host: 'solvds-MacBook-Pro.local', ip: 'fe80:0:0:0:14e8:c6a2:e487:315c%en0', os.name: 'Mac OS X', os.arch: 'x86_64', os.version: '11.1', java.version: '11.0.13'
Driver info: org.openqa.selenium.remote.RemoteWebDriver
Capabilities {acceptInsecureCerts: true, browserName: chrome, browserVersion: 98.0.4758.80, chrome: {chromedriverVersion: 98.0.4758.80 (7f0488e8ba0d8..., userDataDir: /var/folders/cb/_cgn98l156b...}, goog:chromeOptions: {debuggerAddress: localhost:49384}, javascriptEnabled: true, networkConnectionEnabled: false, pageLoadStrategy: normal, platform: MAC, platformName: MAC, proxy: Proxy(), setWindowRect: true, strictFileInteractability: false, timeouts: {implicit: 0, pageLoad: 300000, script: 30000}, unhandledPromptBehavior: dismiss and notify, webauthn:extension:credBlob: true, webauthn:extension:largeBlob: true, webauthn:virtualAuthenticators: true}
Session ID: 131f4034a3cf7fb24c785b5c8b3866db
*** Element info: {Using=xpath, value=(//div[@class=' css-12q0e1x-control']//div[@Class=' css-gg2x63'])}
[2022-02-14 01:44:11] [Screenshot.java] [1] [ERROR] ExecutionException error detected on capture full screenshot!
[2022-02-14 01:44:12] [DriverListener.java] [1] [ERROR] no such window: target window already closed
from unknown error: web view not found
  (Session info: chrome=98.0.4758.80)
Build info: version: '3.141.59', revision: 'e82be7d358', time: '2018-11-14T08:17:03'
System info: host: 'solvds-MacBook-Pro.local', ip: 'fe80:0:0:0:14e8:c6a2:e487:315c%en0', os.name: 'Mac OS X', os.arch: 'x86_64', os.version: '11.1', java.version: '11.0.13'
Driver info: org.openqa.selenium.remote.RemoteWebDriver
Capabilities {acceptInsecureCerts: true, browserName: chrome, browserVersion: 98.0.4758.80, chrome: {chromedriverVersion: 98.0.4758.80 (7f0488e8ba0d8..., userDataDir: /var/folders/cb/_cgn98l156b...}, goog:chromeOptions: {debuggerAddress: localhost:49384}, javascriptEnabled: true, networkConnectionEnabled: false, pageLoadStrategy: normal, platform: MAC, platformName: MAC, proxy: Proxy(), setWindowRect: true, strictFileInteractability: false, timeouts: {implicit: 0, pageLoad: 300000, script: 30000}, unhandledPromptBehavior: dismiss and notify, webauthn:extension:credBlob: true, webauthn:extension:largeBlob: true, webauthn:virtualAuthenticators: true}
Session ID: 131f4034a3cf7fb24c785b5c8b3866db
*** Element info: {Using=xpath, value=(//div[@class=' css-12q0e1x-control']//div[@Class=' css-gg2x63'])}
[2022-02-14 01:44:12] [Screenshot.java] [1] [ERROR] ExecutionException error detected on capture full screenshot!
[2022-02-14 01:44:12] [DriverListener.java] [1] [ERROR] no such window: target window already closed
from unknown error: web view not found
  (Session info: chrome=98.0.4758.80)
Build info: version: '3.141.59', revision: 'e82be7d358', time: '2018-11-14T08:17:03'
System info: host: 'solvds-MacBook-Pro.local', ip: 'fe80:0:0:0:14e8:c6a2:e487:315c%en0', os.name: 'Mac OS X', os.arch: 'x86_64', os.version: '11.1', java.version: '11.0.13'
Driver info: org.openqa.selenium.remote.RemoteWebDriver
Capabilities {acceptInsecureCerts: true, browserName: chrome, browserVersion: 98.0.4758.80, chrome: {chromedriverVersion: 98.0.4758.80 (7f0488e8ba0d8..., userDataDir: /var/folders/cb/_cgn98l156b...}, goog:chromeOptions: {debuggerAddress: localhost:49384}, javascriptEnabled: true, networkConnectionEnabled: false, pageLoadStrategy: normal, platform: MAC, platformName: MAC, proxy: Proxy(), setWindowRect: true, strictFileInteractability: false, timeouts: {implicit: 0, pageLoad: 300000, script: 30000}, unhandledPromptBehavior: dismiss and notify, webauthn:extension:credBlob: true, webauthn:extension:largeBlob: true, webauthn:virtualAuthenticators: true}
Session ID: 131f4034a3cf7fb24c785b5c8b3866db
*** Element info: {Using=xpath, value=(//div[@class=' css-12q0e1x-control']//div[@Class=' css-gg2x63'])}
[2022-02-14 01:44:12] [Screenshot.java] [1] [ERROR] ExecutionException error detected on capture full screenshot!
[2022-02-14 01:44:12] [DriverListener.java] [1] [ERROR] no such window: target window already closed
from unknown error: web view not found
  (Session info: chrome=98.0.4758.80)
Build info: version: '3.141.59', revision: 'e82be7d358', time: '2018-11-14T08:17:03'
System info: host: 'solvds-MacBook-Pro.local', ip: 'fe80:0:0:0:14e8:c6a2:e487:315c%en0', os.name: 'Mac OS X', os.arch: 'x86_64', os.version: '11.1', java.version: '11.0.13'
Driver info: org.openqa.selenium.remote.RemoteWebDriver
Capabilities {acceptInsecureCerts: true, browserName: chrome, browserVersion: 98.0.4758.80, chrome: {chromedriverVersion: 98.0.4758.80 (7f0488e8ba0d8..., userDataDir: /var/folders/cb/_cgn98l156b...}, goog:chromeOptions: {debuggerAddress: localhost:49384}, javascriptEnabled: true, networkConnectionEnabled: false, pageLoadStrategy: normal, platform: MAC, platformName: MAC, proxy: Proxy(), setWindowRect: true, strictFileInteractability: false, timeouts: {implicit: 0, pageLoad: 300000, script: 30000}, unhandledPromptBehavior: dismiss and notify, webauthn:extension:credBlob: true, webauthn:extension:largeBlob: true, webauthn:virtualAuthenticators: true}
Session ID: 131f4034a3cf7fb24c785b5c8b3866db
*** Element info: {Using=xpath, value=(//div[@class=' css-12q0e1x-control']//div[@Class=' css-gg2x63'])}
[2022-02-14 01:44:12] [Screenshot.java] [1] [ERROR] ExecutionException error detected on capture full screenshot!
[2022-02-14 01:44:12] [DriverListener.java] [1] [ERROR] no such window: target window already closed
from unknown error: web view not found
  (Session info: chrome=98.0.4758.80)
Build info: version: '3.141.59', revision: 'e82be7d358', time: '2018-11-14T08:17:03'
System info: host: 'solvds-MacBook-Pro.local', ip: 'fe80:0:0:0:14e8:c6a2:e487:315c%en0', os.name: 'Mac OS X', os.arch: 'x86_64', os.version: '11.1', java.version: '11.0.13'
Driver info: org.openqa.selenium.remote.RemoteWebDriver
Capabilities {acceptInsecureCerts: true, browserName: chrome, browserVersion: 98.0.4758.80, chrome: {chromedriverVersion: 98.0.4758.80 (7f0488e8ba0d8..., userDataDir: /var/folders/cb/_cgn98l156b...}, goog:chromeOptions: {debuggerAddress: localhost:49384}, javascriptEnabled: true, networkConnectionEnabled: false, pageLoadStrategy: normal, platform: MAC, platformName: MAC, proxy: Proxy(), setWindowRect: true, strictFileInteractability: false, timeouts: {implicit: 0, pageLoad: 300000, script: 30000}, unhandledPromptBehavior: dismiss and notify, webauthn:extension:credBlob: true, webauthn:extension:largeBlob: true, webauthn:virtualAuthenticators: true}
Session ID: 131f4034a3cf7fb24c785b5c8b3866db
*** Element info: {Using=xpath, value=(//div[@class=' css-12q0e1x-control']//div[@Class=' css-gg2x63'])}
[2022-02-14 01:44:12] [Screenshot.java] [1] [ERROR] ExecutionException error detected on capture full screenshot!
[2022-02-14 01:44:12] [DriverListener.java] [1] [ERROR] no such window: target window already closed
from unknown error: web view not found
  (Session info: chrome=98.0.4758.80)
Build info: version: '3.141.59', revision: 'e82be7d358', time: '2018-11-14T08:17:03'
System info: host: 'solvds-MacBook-Pro.local', ip: 'fe80:0:0:0:14e8:c6a2:e487:315c%en0', os.name: 'Mac OS X', os.arch: 'x86_64', os.version: '11.1', java.version: '11.0.13'
Driver info: org.openqa.selenium.remote.RemoteWebDriver
Capabilities {acceptInsecureCerts: true, browserName: chrome, browserVersion: 98.0.4758.80, chrome: {chromedriverVersion: 98.0.4758.80 (7f0488e8ba0d8..., userDataDir: /var/folders/cb/_cgn98l156b...}, goog:chromeOptions: {debuggerAddress: localhost:49384}, javascriptEnabled: true, networkConnectionEnabled: false, pageLoadStrategy: normal, platform: MAC, platformName: MAC, proxy: Proxy(), setWindowRect: true, strictFileInteractability: false, timeouts: {implicit: 0, pageLoad: 300000, script: 30000}, unhandledPromptBehavior: dismiss and notify, webauthn:extension:credBlob: true, webauthn:extension:largeBlob: true, webauthn:virtualAuthenticators: true}
Session ID: 131f4034a3cf7fb24c785b5c8b3866db
*** Element info: {Using=xpath, value=(//div[@class=' css-12q0e1x-control']//div[@Class=' css-gg2x63'])}
[2022-02-14 01:44:12] [Screenshot.java] [1] [ERROR] ExecutionException error detected on capture full screenshot!
[2022-02-14 01:44:12] [DriverListener.java] [1] [ERROR] no such window: target window already closed
from unknown error: web view not found
  (Session info: chrome=98.0.4758.80)
Build info: version: '3.141.59', revision: 'e82be7d358', time: '2018-11-14T08:17:03'
System info: host: 'solvds-MacBook-Pro.local', ip: 'fe80:0:0:0:14e8:c6a2:e487:315c%en0', os.name: 'Mac OS X', os.arch: 'x86_64', os.version: '11.1', java.version: '11.0.13'
Driver info: org.openqa.selenium.remote.RemoteWebDriver
Capabilities {acceptInsecureCerts: true, browserName: chrome, browserVersion: 98.0.4758.80, chrome: {chromedriverVersion: 98.0.4758.80 (7f0488e8ba0d8..., userDataDir: /var/folders/cb/_cgn98l156b...}, goog:chromeOptions: {debuggerAddress: localhost:49384}, javascriptEnabled: true, networkConnectionEnabled: false, pageLoadStrategy: normal, platform: MAC, platformName: MAC, proxy: Proxy(), setWindowRect: true, strictFileInteractability: false, timeouts: {implicit: 0, pageLoad: 300000, script: 30000}, unhandledPromptBehavior: dismiss and notify, webauthn:extension:credBlob: true, webauthn:extension:largeBlob: true, webauthn:virtualAuthenticators: true}
Session ID: 131f4034a3cf7fb24c785b5c8b3866db
*** Element info: {Using=xpath, value=(//div[@class=' css-12q0e1x-control']//div[@Class=' css-gg2x63'])}
[2022-02-14 01:44:12] [Screenshot.java] [1] [ERROR] ExecutionException error detected on capture full screenshot!
[2022-02-14 01:44:12] [DriverListener.java] [1] [ERROR] no such window: target window already closed
from unknown error: web view not found
  (Session info: chrome=98.0.4758.80)
Build info: version: '3.141.59', revision: 'e82be7d358', time: '2018-11-14T08:17:03'
System info: host: 'solvds-MacBook-Pro.local', ip: 'fe80:0:0:0:14e8:c6a2:e487:315c%en0', os.name: 'Mac OS X', os.arch: 'x86_64', os.version: '11.1', java.version: '11.0.13'
Driver info: org.openqa.selenium.remote.RemoteWebDriver
Capabilities {acceptInsecureCerts: true, browserName: chrome, browserVersion: 98.0.4758.80, chrome: {chromedriverVersion: 98.0.4758.80 (7f0488e8ba0d8..., userDataDir: /var/folders/cb/_cgn98l156b...}, goog:chromeOptions: {debuggerAddress: localhost:49384}, javascriptEnabled: true, networkConnectionEnabled: false, pageLoadStrategy: normal, platform: MAC, platformName: MAC, proxy: Proxy(), setWindowRect: true, strictFileInteractability: false, timeouts: {implicit: 0, pageLoad: 300000, script: 30000}, unhandledPromptBehavior: dismiss and notify, webauthn:extension:credBlob: true, webauthn:extension:largeBlob: true, webauthn:virtualAuthenticators: true}
Session ID: 131f4034a3cf7fb24c785b5c8b3866db
*** Element info: {Using=xpath, value=(//div[@class=' css-12q0e1x-control']//div[@Class=' css-gg2x63'])}
[2022-02-14 01:44:12] [Screenshot.java] [1] [ERROR] ExecutionException error detected on capture full screenshot!
[2022-02-14 01:44:12] [DriverListener.java] [1] [ERROR] no such window: target window already closed
from unknown error: web view not found
  (Session info: chrome=98.0.4758.80)
Build info: version: '3.141.59', revision: 'e82be7d358', time: '2018-11-14T08:17:03'
System info: host: 'solvds-MacBook-Pro.local', ip: 'fe80:0:0:0:14e8:c6a2:e487:315c%en0', os.name: 'Mac OS X', os.arch: 'x86_64', os.version: '11.1', java.version: '11.0.13'
Driver info: org.openqa.selenium.remote.RemoteWebDriver
Capabilities {acceptInsecureCerts: true, browserName: chrome, browserVersion: 98.0.4758.80, chrome: {chromedriverVersion: 98.0.4758.80 (7f0488e8ba0d8..., userDataDir: /var/folders/cb/_cgn98l156b...}, goog:chromeOptions: {debuggerAddress: localhost:49384}, javascriptEnabled: true, networkConnectionEnabled: false, pageLoadStrategy: normal, platform: MAC, platformName: MAC, proxy: Proxy(), setWindowRect: true, strictFileInteractability: false, timeouts: {implicit: 0, pageLoad: 300000, script: 30000}, unhandledPromptBehavior: dismiss and notify, webauthn:extension:credBlob: true, webauthn:extension:largeBlob: true, webauthn:virtualAuthenticators: true}
Session ID: 131f4034a3cf7fb24c785b5c8b3866db
*** Element info: {Using=xpath, value=(//div[@class=' css-12q0e1x-control']//div[@Class=' css-gg2x63'])}
[2022-02-14 01:44:12] [Screenshot.java] [1] [ERROR] ExecutionException error detected on capture full screenshot!
[2022-02-14 01:44:12] [DriverListener.java] [1] [ERROR] no such window: target window already closed
from unknown error: web view not found
  (Session info: chrome=98.0.4758.80)
Build info: version: '3.141.59', revision: 'e82be7d358', time: '2018-11-14T08:17:03'
System info: host: 'solvds-MacBook-Pro.local', ip: 'fe80:0:0:0:14e8:c6a2:e487:315c%en0', os.name: 'Mac OS X', os.arch: 'x86_64', os.version: '11.1', java.version: '11.0.13'
Driver info: org.openqa.selenium.remote.RemoteWebDriver
Capabilities {acceptInsecureCerts: true, browserName: chrome, browserVersion: 98.0.4758.80, chrome: {chromedriverVersion: 98.0.4758.80 (7f0488e8ba0d8..., userDataDir: /var/folders/cb/_cgn98l156b...}, goog:chromeOptions: {debuggerAddress: localhost:49384}, javascriptEnabled: true, networkConnectionEnabled: false, pageLoadStrategy: normal, platform: MAC, platformName: MAC, proxy: Proxy(), setWindowRect: true, strictFileInteractability: false, timeouts: {implicit: 0, pageLoad: 300000, script: 30000}, unhandledPromptBehavior: dismiss and notify, webauthn:extension:credBlob: true, webauthn:extension:largeBlob: true, webauthn:virtualAuthenticators: true}
Session ID: 131f4034a3cf7fb24c785b5c8b3866db
*** Element info: {Using=xpath, value=(//div[@class=' css-12q0e1x-control']//div[@Class=' css-gg2x63'])}
[2022-02-14 01:44:12] [Screenshot.java] [1] [ERROR] ExecutionException error detected on capture full screenshot!
[2022-02-14 01:44:12] [DriverListener.java] [1] [ERROR] no such window: target window already closed
from unknown error: web view not found
  (Session info: chrome=98.0.4758.80)
Build info: version: '3.141.59', revision: 'e82be7d358', time: '2018-11-14T08:17:03'
System info: host: 'solvds-MacBook-Pro.local', ip: 'fe80:0:0:0:14e8:c6a2:e487:315c%en0', os.name: 'Mac OS X', os.arch: 'x86_64', os.version: '11.1', java.version: '11.0.13'
Driver info: org.openqa.selenium.remote.RemoteWebDriver
Capabilities {acceptInsecureCerts: true, browserName: chrome, browserVersion: 98.0.4758.80, chrome: {chromedriverVersion: 98.0.4758.80 (7f0488e8ba0d8..., userDataDir: /var/folders/cb/_cgn98l156b...}, goog:chromeOptions: {debuggerAddress: localhost:49384}, javascriptEnabled: true, networkConnectionEnabled: false, pageLoadStrategy: normal, platform: MAC, platformName: MAC, proxy: Proxy(), setWindowRect: true, strictFileInteractability: false, timeouts: {implicit: 0, pageLoad: 300000, script: 30000}, unhandledPromptBehavior: dismiss and notify, webauthn:extension:credBlob: true, webauthn:extension:largeBlob: true, webauthn:virtualAuthenticators: true}
Session ID: 131f4034a3cf7fb24c785b5c8b3866db
*** Element info: {Using=xpath, value=(//div[@class=' css-12q0e1x-control']//div[@Class=' css-gg2x63'])}
[2022-02-14 01:44:12] [Screenshot.java] [1] [ERROR] ExecutionException error detected on capture full screenshot!
[2022-02-14 01:44:12] [DriverListener.java] [1] [ERROR] no such window: target window already closed
from unknown error: web view not found
  (Session info: chrome=98.0.4758.80)
Build info: version: '3.141.59', revision: 'e82be7d358', time: '2018-11-14T08:17:03'
System info: host: 'solvds-MacBook-Pro.local', ip: 'fe80:0:0:0:14e8:c6a2:e487:315c%en0', os.name: 'Mac OS X', os.arch: 'x86_64', os.version: '11.1', java.version: '11.0.13'
Driver info: org.openqa.selenium.remote.RemoteWebDriver
Capabilities {acceptInsecureCerts: true, browserName: chrome, browserVersion: 98.0.4758.80, chrome: {chromedriverVersion: 98.0.4758.80 (7f0488e8ba0d8..., userDataDir: /var/folders/cb/_cgn98l156b...}, goog:chromeOptions: {debuggerAddress: localhost:49384}, javascriptEnabled: true, networkConnectionEnabled: false, pageLoadStrategy: normal, platform: MAC, platformName: MAC, proxy: Proxy(), setWindowRect: true, strictFileInteractability: false, timeouts: {implicit: 0, pageLoad: 300000, script: 30000}, unhandledPromptBehavior: dismiss and notify, webauthn:extension:credBlob: true, webauthn:extension:largeBlob: true, webauthn:virtualAuthenticators: true}
Session ID: 131f4034a3cf7fb24c785b5c8b3866db
*** Element info: {Using=xpath, value=(//div[@class=' css-12q0e1x-control']//div[@Class=' css-gg2x63'])}
[2022-02-14 01:44:12] [Screenshot.java] [1] [ERROR] ExecutionException error detected on capture full screenshot!
[2022-02-14 01:44:12] [DriverListener.java] [1] [ERROR] no such window: target window already closed
from unknown error: web view not found
  (Session info: chrome=98.0.4758.80)
Build info: version: '3.141.59', revision: 'e82be7d358', time: '2018-11-14T08:17:03'
System info: host: 'solvds-MacBook-Pro.local', ip: 'fe80:0:0:0:14e8:c6a2:e487:315c%en0', os.name: 'Mac OS X', os.arch: 'x86_64', os.version: '11.1', java.version: '11.0.13'
Driver info: org.openqa.selenium.remote.RemoteWebDriver
Capabilities {acceptInsecureCerts: true, browserName: chrome, browserVersion: 98.0.4758.80, chrome: {chromedriverVersion: 98.0.4758.80 (7f0488e8ba0d8..., userDataDir: /var/folders/cb/_cgn98l156b...}, goog:chromeOptions: {debuggerAddress: localhost:49384}, javascriptEnabled: true, networkConnectionEnabled: false, pageLoadStrategy: normal, platform: MAC, platformName: MAC, proxy: Proxy(), setWindowRect: true, strictFileInteractability: false, timeouts: {implicit: 0, pageLoad: 300000, script: 30000}, unhandledPromptBehavior: dismiss and notify, webauthn:extension:credBlob: true, webauthn:extension:largeBlob: true, webauthn:virtualAuthenticators: true}
Session ID: 131f4034a3cf7fb24c785b5c8b3866db
*** Element info: {Using=xpath, value=(//div[@class=' css-12q0e1x-control']//div[@Class=' css-gg2x63'])}
[2022-02-14 01:44:12] [Screenshot.java] [1] [ERROR] ExecutionException error detected on capture full screenshot!
[2022-02-14 01:44:12] [DriverListener.java] [1] [ERROR] no such window: target window already closed
from unknown error: web view not found
  (Session info: chrome=98.0.4758.80)
Build info: version: '3.141.59', revision: 'e82be7d358', time: '2018-11-14T08:17:03'
System info: host: 'solvds-MacBook-Pro.local', ip: 'fe80:0:0:0:14e8:c6a2:e487:315c%en0', os.name: 'Mac OS X', os.arch: 'x86_64', os.version: '11.1', java.version: '11.0.13'
Driver info: org.openqa.selenium.remote.RemoteWebDriver
Capabilities {acceptInsecureCerts: true, browserName: chrome, browserVersion: 98.0.4758.80, chrome: {chromedriverVersion: 98.0.4758.80 (7f0488e8ba0d8..., userDataDir: /var/folders/cb/_cgn98l156b...}, goog:chromeOptions: {debuggerAddress: localhost:49384}, javascriptEnabled: true, networkConnectionEnabled: false, pageLoadStrategy: normal, platform: MAC, platformName: MAC, proxy: Proxy(), setWindowRect: true, strictFileInteractability: false, timeouts: {implicit: 0, pageLoad: 300000, script: 30000}, unhandledPromptBehavior: dismiss and notify, webauthn:extension:credBlob: true, webauthn:extension:largeBlob: true, webauthn:virtualAuthenticators: true}
Session ID: 131f4034a3cf7fb24c785b5c8b3866db
*** Element info: {Using=xpath, value=(//div[@class=' css-12q0e1x-control']//div[@Class=' css-gg2x63'])}
[2022-02-14 01:44:12] [Screenshot.java] [1] [ERROR] ExecutionException error detected on capture full screenshot!
[2022-02-14 01:44:12] [DriverListener.java] [1] [ERROR] no such window: target window already closed
from unknown error: web view not found
  (Session info: chrome=98.0.4758.80)
Build info: version: '3.141.59', revision: 'e82be7d358', time: '2018-11-14T08:17:03'
System info: host: 'solvds-MacBook-Pro.local', ip: 'fe80:0:0:0:14e8:c6a2:e487:315c%en0', os.name: 'Mac OS X', os.arch: 'x86_64', os.version: '11.1', java.version: '11.0.13'
Driver info: org.openqa.selenium.remote.RemoteWebDriver
Capabilities {acceptInsecureCerts: true, browserName: chrome, browserVersion: 98.0.4758.80, chrome: {chromedriverVersion: 98.0.4758.80 (7f0488e8ba0d8..., userDataDir: /var/folders/cb/_cgn98l156b...}, goog:chromeOptions: {debuggerAddress: localhost:49384}, javascriptEnabled: true, networkConnectionEnabled: false, pageLoadStrategy: normal, platform: MAC, platformName: MAC, proxy: Proxy(), setWindowRect: true, strictFileInteractability: false, timeouts: {implicit: 0, pageLoad: 300000, script: 30000}, unhandledPromptBehavior: dismiss and notify, webauthn:extension:credBlob: true, webauthn:extension:largeBlob: true, webauthn:virtualAuthenticators: true}
Session ID: 131f4034a3cf7fb24c785b5c8b3866db
*** Element info: {Using=xpath, value=(//div[@class=' css-12q0e1x-control']//div[@Class=' css-gg2x63'])}
[2022-02-14 01:44:12] [Screenshot.java] [1] [ERROR] ExecutionException error detected on capture full screenshot!
[2022-02-14 01:44:12] [DriverListener.java] [1] [ERROR] no such window: target window already closed
from unknown error: web view not found
  (Session info: chrome=98.0.4758.80)
Build info: version: '3.141.59', revision: 'e82be7d358', time: '2018-11-14T08:17:03'
System info: host: 'solvds-MacBook-Pro.local', ip: 'fe80:0:0:0:14e8:c6a2:e487:315c%en0', os.name: 'Mac OS X', os.arch: 'x86_64', os.version: '11.1', java.version: '11.0.13'
Driver info: org.openqa.selenium.remote.RemoteWebDriver
Capabilities {acceptInsecureCerts: true, browserName: chrome, browserVersion: 98.0.4758.80, chrome: {chromedriverVersion: 98.0.4758.80 (7f0488e8ba0d8..., userDataDir: /var/folders/cb/_cgn98l156b...}, goog:chromeOptions: {debuggerAddress: localhost:49384}, javascriptEnabled: true, networkConnectionEnabled: false, pageLoadStrategy: normal, platform: MAC, platformName: MAC, proxy: Proxy(), setWindowRect: true, strictFileInteractability: false, timeouts: {implicit: 0, pageLoad: 300000, script: 30000}, unhandledPromptBehavior: dismiss and notify, webauthn:extension:credBlob: true, webauthn:extension:largeBlob: true, webauthn:virtualAuthenticators: true}
Session ID: 131f4034a3cf7fb24c785b5c8b3866db
*** Element info: {Using=xpath, value=(//div[@class=' css-12q0e1x-control']//div[@Class=' css-gg2x63'])}
[2022-02-14 01:44:12] [Screenshot.java] [1] [ERROR] ExecutionException error detected on capture full screenshot!
[2022-02-14 01:44:12] [DriverListener.java] [1] [ERROR] no such window: target window already closed
from unknown error: web view not found
  (Session info: chrome=98.0.4758.80)
Build info: version: '3.141.59', revision: 'e82be7d358', time: '2018-11-14T08:17:03'
System info: host: 'solvds-MacBook-Pro.local', ip: 'fe80:0:0:0:14e8:c6a2:e487:315c%en0', os.name: 'Mac OS X', os.arch: 'x86_64', os.version: '11.1', java.version: '11.0.13'
Driver info: org.openqa.selenium.remote.RemoteWebDriver
Capabilities {acceptInsecureCerts: true, browserName: chrome, browserVersion: 98.0.4758.80, chrome: {chromedriverVersion: 98.0.4758.80 (7f0488e8ba0d8..., userDataDir: /var/folders/cb/_cgn98l156b...}, goog:chromeOptions: {debuggerAddress: localhost:49384}, javascriptEnabled: true, networkConnectionEnabled: false, pageLoadStrategy: normal, platform: MAC, platformName: MAC, proxy: Proxy(), setWindowRect: true, strictFileInteractability: false, timeouts: {implicit: 0, pageLoad: 300000, script: 30000}, unhandledPromptBehavior: dismiss and notify, webauthn:extension:credBlob: true, webauthn:extension:largeBlob: true, webauthn:virtualAuthenticators: true}
Session ID: 131f4034a3cf7fb24c785b5c8b3866db
*** Element info: {Using=xpath, value=(//div[@class=' css-12q0e1x-control']//div[@Class=' css-gg2x63'])}
[2022-02-14 01:44:12] [Screenshot.java] [1] [ERROR] ExecutionException error detected on capture full screenshot!
[2022-02-14 01:44:12] [DriverListener.java] [1] [ERROR] no such window: target window already closed
from unknown error: web view not found
  (Session info: chrome=98.0.4758.80)
Build info: version: '3.141.59', revision: 'e82be7d358', time: '2018-11-14T08:17:03'
System info: host: 'solvds-MacBook-Pro.local', ip: 'fe80:0:0:0:14e8:c6a2:e487:315c%en0', os.name: 'Mac OS X', os.arch: 'x86_64', os.version: '11.1', java.version: '11.0.13'
Driver info: org.openqa.selenium.remote.RemoteWebDriver
Capabilities {acceptInsecureCerts: true, browserName: chrome, browserVersion: 98.0.4758.80, chrome: {chromedriverVersion: 98.0.4758.80 (7f0488e8ba0d8..., userDataDir: /var/folders/cb/_cgn98l156b...}, goog:chromeOptions: {debuggerAddress: localhost:49384}, javascriptEnabled: true, networkConnectionEnabled: false, pageLoadStrategy: normal, platform: MAC, platformName: MAC, proxy: Proxy(), setWindowRect: true, strictFileInteractability: false, timeouts: {implicit: 0, pageLoad: 300000, script: 30000}, unhandledPromptBehavior: dismiss and notify, webauthn:extension:credBlob: true, webauthn:extension:largeBlob: true, webauthn:virtualAuthenticators: true}
Session ID: 131f4034a3cf7fb24c785b5c8b3866db
*** Element info: {Using=xpath, value=(//div[@class=' css-12q0e1x-control']//div[@Class=' css-gg2x63'])}
[2022-02-14 01:44:12] [Screenshot.java] [1] [ERROR] ExecutionException error detected on capture full screenshot!
[2022-02-14 01:44:12] [DriverListener.java] [1] [ERROR] no such window: target window already closed
from unknown error: web view not found
  (Session info: chrome=98.0.4758.80)
Build info: version: '3.141.59', revision: 'e82be7d358', time: '2018-11-14T08:17:03'
System info: host: 'solvds-MacBook-Pro.local', ip: 'fe80:0:0:0:14e8:c6a2:e487:315c%en0', os.name: 'Mac OS X', os.arch: 'x86_64', os.version: '11.1', java.version: '11.0.13'
Driver info: org.openqa.selenium.remote.RemoteWebDriver
Capabilities {acceptInsecureCerts: true, browserName: chrome, browserVersion: 98.0.4758.80, chrome: {chromedriverVersion: 98.0.4758.80 (7f0488e8ba0d8..., userDataDir: /var/folders/cb/_cgn98l156b...}, goog:chromeOptions: {debuggerAddress: localhost:49384}, javascriptEnabled: true, networkConnectionEnabled: false, pageLoadStrategy: normal, platform: MAC, platformName: MAC, proxy: Proxy(), setWindowRect: true, strictFileInteractability: false, timeouts: {implicit: 0, pageLoad: 300000, script: 30000}, unhandledPromptBehavior: dismiss and notify, webauthn:extension:credBlob: true, webauthn:extension:largeBlob: true, webauthn:virtualAuthenticators: true}
Session ID: 131f4034a3cf7fb24c785b5c8b3866db
*** Element info: {Using=xpath, value=(//div[@class=' css-12q0e1x-control']//div[@Class=' css-gg2x63'])}
[2022-02-14 01:44:12] [Screenshot.java] [1] [ERROR] ExecutionException error detected on capture full screenshot!
[2022-02-14 01:44:12] [DriverListener.java] [1] [ERROR] no such window: target window already closed
from unknown error: web view not found
  (Session info: chrome=98.0.4758.80)
Build info: version: '3.141.59', revision: 'e82be7d358', time: '2018-11-14T08:17:03'
System info: host: 'solvds-MacBook-Pro.local', ip: 'fe80:0:0:0:14e8:c6a2:e487:315c%en0', os.name: 'Mac OS X', os.arch: 'x86_64', os.version: '11.1', java.version: '11.0.13'
Driver info: org.openqa.selenium.remote.RemoteWebDriver
Capabilities {acceptInsecureCerts: true, browserName: chrome, browserVersion: 98.0.4758.80, chrome: {chromedriverVersion: 98.0.4758.80 (7f0488e8ba0d8..., userDataDir: /var/folders/cb/_cgn98l156b...}, goog:chromeOptions: {debuggerAddress: localhost:49384}, javascriptEnabled: true, networkConnectionEnabled: false, pageLoadStrategy: normal, platform: MAC, platformName: MAC, proxy: Proxy(), setWindowRect: true, strictFileInteractability: false, timeouts: {implicit: 0, pageLoad: 300000, script: 30000}, unhandledPromptBehavior: dismiss and notify, webauthn:extension:credBlob: true, webauthn:extension:largeBlob: true, webauthn:virtualAuthenticators: true}
Session ID: 131f4034a3cf7fb24c785b5c8b3866db
*** Element info: {Using=xpath, value=(//div[@class=' css-12q0e1x-control']//div[@Class=' css-gg2x63'])}
[2022-02-14 01:44:12] [Screenshot.java] [1] [ERROR] ExecutionException error detected on capture full screenshot!
[2022-02-14 01:44:12] [DriverListener.java] [1] [ERROR] no such window: target window already closed
from unknown error: web view not found
  (Session info: chrome=98.0.4758.80)
Build info: version: '3.141.59', revision: 'e82be7d358', time: '2018-11-14T08:17:03'
System info: host: 'solvds-MacBook-Pro.local', ip: 'fe80:0:0:0:14e8:c6a2:e487:315c%en0', os.name: 'Mac OS X', os.arch: 'x86_64', os.version: '11.1', java.version: '11.0.13'
Driver info: org.openqa.selenium.remote.RemoteWebDriver
Capabilities {acceptInsecureCerts: true, browserName: chrome, browserVersion: 98.0.4758.80, chrome: {chromedriverVersion: 98.0.4758.80 (7f0488e8ba0d8..., userDataDir: /var/folders/cb/_cgn98l156b...}, goog:chromeOptions: {debuggerAddress: localhost:49384}, javascriptEnabled: true, networkConnectionEnabled: false, pageLoadStrategy: normal, platform: MAC, platformName: MAC, proxy: Proxy(), setWindowRect: true, strictFileInteractability: false, timeouts: {implicit: 0, pageLoad: 300000, script: 30000}, unhandledPromptBehavior: dismiss and notify, webauthn:extension:credBlob: true, webauthn:extension:largeBlob: true, webauthn:virtualAuthenticators: true}
Session ID: 131f4034a3cf7fb24c785b5c8b3866db
*** Element info: {Using=xpath, value=(//div[@class=' css-12q0e1x-control']//div[@Class=' css-gg2x63'])}
[2022-02-14 01:44:12] [Screenshot.java] [1] [ERROR] ExecutionException error detected on capture full screenshot!
[2022-02-14 01:44:12] [DriverListener.java] [1] [ERROR] no such window: target window already closed
from unknown error: web view not found
  (Session info: chrome=98.0.4758.80)
Build info: version: '3.141.59', revision: 'e82be7d358', time: '2018-11-14T08:17:03'
System info: host: 'solvds-MacBook-Pro.local', ip: 'fe80:0:0:0:14e8:c6a2:e487:315c%en0', os.name: 'Mac OS X', os.arch: 'x86_64', os.version: '11.1', java.version: '11.0.13'
Driver info: org.openqa.selenium.remote.RemoteWebDriver
Capabilities {acceptInsecureCerts: true, browserName: chrome, browserVersion: 98.0.4758.80, chrome: {chromedriverVersion: 98.0.4758.80 (7f0488e8ba0d8..., userDataDir: /var/folders/cb/_cgn98l156b...}, goog:chromeOptions: {debuggerAddress: localhost:49384}, javascriptEnabled: true, networkConnectionEnabled: false, pageLoadStrategy: normal, platform: MAC, platformName: MAC, proxy: Proxy(), setWindowRect: true, strictFileInteractability: false, timeouts: {implicit: 0, pageLoad: 300000, script: 30000}, unhandledPromptBehavior: dismiss and notify, webauthn:extension:credBlob: true, webauthn:extension:largeBlob: true, webauthn:virtualAuthenticators: true}
Session ID: 131f4034a3cf7fb24c785b5c8b3866db
*** Element info: {Using=xpath, value=(//div[@class=' css-12q0e1x-control']//div[@Class=' css-gg2x63'])}
[2022-02-14 01:44:12] [Screenshot.java] [1] [ERROR] ExecutionException error detected on capture full screenshot!
[2022-02-14 01:44:12] [DriverListener.java] [1] [ERROR] no such window: target window already closed
from unknown error: web view not found
  (Session info: chrome=98.0.4758.80)
Build info: version: '3.141.59', revision: 'e82be7d358', time: '2018-11-14T08:17:03'
System info: host: 'solvds-MacBook-Pro.local', ip: 'fe80:0:0:0:14e8:c6a2:e487:315c%en0', os.name: 'Mac OS X', os.arch: 'x86_64', os.version: '11.1', java.version: '11.0.13'
Driver info: org.openqa.selenium.remote.RemoteWebDriver
Capabilities {acceptInsecureCerts: true, browserName: chrome, browserVersion: 98.0.4758.80, chrome: {chromedriverVersion: 98.0.4758.80 (7f0488e8ba0d8..., userDataDir: /var/folders/cb/_cgn98l156b...}, goog:chromeOptions: {debuggerAddress: localhost:49384}, javascriptEnabled: true, networkConnectionEnabled: false, pageLoadStrategy: normal, platform: MAC, platformName: MAC, proxy: Proxy(), setWindowRect: true, strictFileInteractability: false, timeouts: {implicit: 0, pageLoad: 300000, script: 30000}, unhandledPromptBehavior: dismiss and notify, webauthn:extension:credBlob: true, webauthn:extension:largeBlob: true, webauthn:virtualAuthenticators: true}
Session ID: 131f4034a3cf7fb24c785b5c8b3866db
*** Element info: {Using=xpath, value=(//div[@class=' css-12q0e1x-control']//div[@Class=' css-gg2x63'])}
[2022-02-14 01:44:12] [Screenshot.java] [1] [ERROR] ExecutionException error detected on capture full screenshot!
[2022-02-14 01:44:12] [DriverListener.java] [1] [ERROR] no such window: target window already closed
from unknown error: web view not found
  (Session info: chrome=98.0.4758.80)
Build info: version: '3.141.59', revision: 'e82be7d358', time: '2018-11-14T08:17:03'
System info: host: 'solvds-MacBook-Pro.local', ip: 'fe80:0:0:0:14e8:c6a2:e487:315c%en0', os.name: 'Mac OS X', os.arch: 'x86_64', os.version: '11.1', java.version: '11.0.13'
Driver info: org.openqa.selenium.remote.RemoteWebDriver
Capabilities {acceptInsecureCerts: true, browserName: chrome, browserVersion: 98.0.4758.80, chrome: {chromedriverVersion: 98.0.4758.80 (7f0488e8ba0d8..., userDataDir: /var/folders/cb/_cgn98l156b...}, goog:chromeOptions: {debuggerAddress: localhost:49384}, javascriptEnabled: true, networkConnectionEnabled: false, pageLoadStrategy: normal, platform: MAC, platformName: MAC, proxy: Proxy(), setWindowRect: true, strictFileInteractability: false, timeouts: {implicit: 0, pageLoad: 300000, script: 30000}, unhandledPromptBehavior: dismiss and notify, webauthn:extension:credBlob: true, webauthn:extension:largeBlob: true, webauthn:virtualAuthenticators: true}
Session ID: 131f4034a3cf7fb24c785b5c8b3866db
*** Element info: {Using=xpath, value=(//div[@class=' css-12q0e1x-control']//div[@Class=' css-gg2x63'])}
[2022-02-14 01:44:12] [Screenshot.java] [1] [ERROR] ExecutionException error detected on capture full screenshot!
[2022-02-14 01:44:12] [DriverListener.java] [1] [ERROR] no such window: target window already closed
from unknown error: web view not found
  (Session info: chrome=98.0.4758.80)
Build info: version: '3.141.59', revision: 'e82be7d358', time: '2018-11-14T08:17:03'
System info: host: 'solvds-MacBook-Pro.local', ip: 'fe80:0:0:0:14e8:c6a2:e487:315c%en0', os.name: 'Mac OS X', os.arch: 'x86_64', os.version: '11.1', java.version: '11.0.13'
Driver info: org.openqa.selenium.remote.RemoteWebDriver
Capabilities {acceptInsecureCerts: true, browserName: chrome, browserVersion: 98.0.4758.80, chrome: {chromedriverVersion: 98.0.4758.80 (7f0488e8ba0d8..., userDataDir: /var/folders/cb/_cgn98l156b...}, goog:chromeOptions: {debuggerAddress: localhost:49384}, javascriptEnabled: true, networkConnectionEnabled: false, pageLoadStrategy: normal, platform: MAC, platformName: MAC, proxy: Proxy(), setWindowRect: true, strictFileInteractability: false, timeouts: {implicit: 0, pageLoad: 300000, script: 30000}, unhandledPromptBehavior: dismiss and notify, webauthn:extension:credBlob: true, webauthn:extension:largeBlob: true, webauthn:virtualAuthenticators: true}
Session ID: 131f4034a3cf7fb24c785b5c8b3866db
*** Element info: {Using=xpath, value=(//div[@class=' css-12q0e1x-control']//div[@Class=' css-gg2x63'])}
[2022-02-14 01:44:12] [Screenshot.java] [1] [ERROR] ExecutionException error detected on capture full screenshot!
[2022-02-14 01:44:12] [DriverListener.java] [1] [ERROR] no such window: target window already closed
from unknown error: web view not found
  (Session info: chrome=98.0.4758.80)
Build info: version: '3.141.59', revision: 'e82be7d358', time: '2018-11-14T08:17:03'
System info: host: 'solvds-MacBook-Pro.local', ip: 'fe80:0:0:0:14e8:c6a2:e487:315c%en0', os.name: 'Mac OS X', os.arch: 'x86_64', os.version: '11.1', java.version: '11.0.13'
Driver info: org.openqa.selenium.remote.RemoteWebDriver
Capabilities {acceptInsecureCerts: true, browserName: chrome, browserVersion: 98.0.4758.80, chrome: {chromedriverVersion: 98.0.4758.80 (7f0488e8ba0d8..., userDataDir: /var/folders/cb/_cgn98l156b...}, goog:chromeOptions: {debuggerAddress: localhost:49384}, javascriptEnabled: true, networkConnectionEnabled: false, pageLoadStrategy: normal, platform: MAC, platformName: MAC, proxy: Proxy(), setWindowRect: true, strictFileInteractability: false, timeouts: {implicit: 0, pageLoad: 300000, script: 30000}, unhandledPromptBehavior: dismiss and notify, webauthn:extension:credBlob: true, webauthn:extension:largeBlob: true, webauthn:virtualAuthenticators: true}
Session ID: 131f4034a3cf7fb24c785b5c8b3866db
*** Element info: {Using=xpath, value=(//div[@class=' css-12q0e1x-control']//div[@Class=' css-gg2x63'])}
[2022-02-14 01:44:12] [Screenshot.java] [1] [ERROR] ExecutionException error detected on capture full screenshot!
[2022-02-14 01:44:12] [DriverListener.java] [1] [ERROR] no such window: target window already closed
from unknown error: web view not found
  (Session info: chrome=98.0.4758.80)
Build info: version: '3.141.59', revision: 'e82be7d358', time: '2018-11-14T08:17:03'
System info: host: 'solvds-MacBook-Pro.local', ip: 'fe80:0:0:0:14e8:c6a2:e487:315c%en0', os.name: 'Mac OS X', os.arch: 'x86_64', os.version: '11.1', java.version: '11.0.13'
Driver info: org.openqa.selenium.remote.RemoteWebDriver
Capabilities {acceptInsecureCerts: true, browserName: chrome, browserVersion: 98.0.4758.80, chrome: {chromedriverVersion: 98.0.4758.80 (7f0488e8ba0d8..., userDataDir: /var/folders/cb/_cgn98l156b...}, goog:chromeOptions: {debuggerAddress: localhost:49384}, javascriptEnabled: true, networkConnectionEnabled: false, pageLoadStrategy: normal, platform: MAC, platformName: MAC, proxy: Proxy(), setWindowRect: true, strictFileInteractability: false, timeouts: {implicit: 0, pageLoad: 300000, script: 30000}, unhandledPromptBehavior: dismiss and notify, webauthn:extension:credBlob: true, webauthn:extension:largeBlob: true, webauthn:virtualAuthenticators: true}
Session ID: 131f4034a3cf7fb24c785b5c8b3866db
*** Element info: {Using=xpath, value=(//div[@class=' css-12q0e1x-control']//div[@Class=' css-gg2x63'])}
[2022-02-14 01:44:12] [Screenshot.java] [1] [ERROR] ExecutionException error detected on capture full screenshot!
[2022-02-14 01:44:12] [DriverListener.java] [1] [ERROR] no such window: target window already closed
from unknown error: web view not found
  (Session info: chrome=98.0.4758.80)
Build info: version: '3.141.59', revision: 'e82be7d358', time: '2018-11-14T08:17:03'
System info: host: 'solvds-MacBook-Pro.local', ip: 'fe80:0:0:0:14e8:c6a2:e487:315c%en0', os.name: 'Mac OS X', os.arch: 'x86_64', os.version: '11.1', java.version: '11.0.13'
Driver info: org.openqa.selenium.remote.RemoteWebDriver
Capabilities {acceptInsecureCerts: true, browserName: chrome, browserVersion: 98.0.4758.80, chrome: {chromedriverVersion: 98.0.4758.80 (7f0488e8ba0d8..., userDataDir: /var/folders/cb/_cgn98l156b...}, goog:chromeOptions: {debuggerAddress: localhost:49384}, javascriptEnabled: true, networkConnectionEnabled: false, pageLoadStrategy: normal, platform: MAC, platformName: MAC, proxy: Proxy(), setWindowRect: true, strictFileInteractability: false, timeouts: {implicit: 0, pageLoad: 300000, script: 30000}, unhandledPromptBehavior: dismiss and notify, webauthn:extension:credBlob: true, webauthn:extension:largeBlob: true, webauthn:virtualAuthenticators: true}
Session ID: 131f4034a3cf7fb24c785b5c8b3866db
*** Element info: {Using=xpath, value=(//div[@class=' css-12q0e1x-control']//div[@Class=' css-gg2x63'])}
[2022-02-14 01:44:12] [Screenshot.java] [1] [ERROR] ExecutionException error detected on capture full screenshot!
[2022-02-14 01:44:12] [DriverListener.java] [1] [ERROR] no such window: target window already closed
from unknown error: web view not found
  (Session info: chrome=98.0.4758.80)
Build info: version: '3.141.59', revision: 'e82be7d358', time: '2018-11-14T08:17:03'
System info: host: 'solvds-MacBook-Pro.local', ip: 'fe80:0:0:0:14e8:c6a2:e487:315c%en0', os.name: 'Mac OS X', os.arch: 'x86_64', os.version: '11.1', java.version: '11.0.13'
Driver info: org.openqa.selenium.remote.RemoteWebDriver
Capabilities {acceptInsecureCerts: true, browserName: chrome, browserVersion: 98.0.4758.80, chrome: {chromedriverVersion: 98.0.4758.80 (7f0488e8ba0d8..., userDataDir: /var/folders/cb/_cgn98l156b...}, goog:chromeOptions: {debuggerAddress: localhost:49384}, javascriptEnabled: true, networkConnectionEnabled: false, pageLoadStrategy: normal, platform: MAC, platformName: MAC, proxy: Proxy(), setWindowRect: true, strictFileInteractability: false, timeouts: {implicit: 0, pageLoad: 300000, script: 30000}, unhandledPromptBehavior: dismiss and notify, webauthn:extension:credBlob: true, webauthn:extension:largeBlob: true, webauthn:virtualAuthenticators: true}
Session ID: 131f4034a3cf7fb24c785b5c8b3866db
*** Element info: {Using=xpath, value=(//div[@class=' css-12q0e1x-control']//div[@Class=' css-gg2x63'])}
[2022-02-14 01:44:12] [Screenshot.java] [1] [ERROR] ExecutionException error detected on capture full screenshot!
[2022-02-14 01:44:12] [DriverListener.java] [1] [ERROR] no such window: target window already closed
from unknown error: web view not found
  (Session info: chrome=98.0.4758.80)
Build info: version: '3.141.59', revision: 'e82be7d358', time: '2018-11-14T08:17:03'
System info: host: 'solvds-MacBook-Pro.local', ip: 'fe80:0:0:0:14e8:c6a2:e487:315c%en0', os.name: 'Mac OS X', os.arch: 'x86_64', os.version: '11.1', java.version: '11.0.13'
Driver info: org.openqa.selenium.remote.RemoteWebDriver
Capabilities {acceptInsecureCerts: true, browserName: chrome, browserVersion: 98.0.4758.80, chrome: {chromedriverVersion: 98.0.4758.80 (7f0488e8ba0d8..., userDataDir: /var/folders/cb/_cgn98l156b...}, goog:chromeOptions: {debuggerAddress: localhost:49384}, javascriptEnabled: true, networkConnectionEnabled: false, pageLoadStrategy: normal, platform: MAC, platformName: MAC, proxy: Proxy(), setWindowRect: true, strictFileInteractability: false, timeouts: {implicit: 0, pageLoad: 300000, script: 30000}, unhandledPromptBehavior: dismiss and notify, webauthn:extension:credBlob: true, webauthn:extension:largeBlob: true, webauthn:virtualAuthenticators: true}
Session ID: 131f4034a3cf7fb24c785b5c8b3866db
*** Element info: {Using=xpath, value=(//div[@class=' css-12q0e1x-control']//div[@Class=' css-gg2x63'])}
[2022-02-14 01:44:12] [Screenshot.java] [1] [ERROR] ExecutionException error detected on capture full screenshot!
[2022-02-14 01:44:12] [DriverListener.java] [1] [ERROR] no such window: target window already closed
from unknown error: web view not found
  (Session info: chrome=98.0.4758.80)
Build info: version: '3.141.59', revision: 'e82be7d358', time: '2018-11-14T08:17:03'
System info: host: 'solvds-MacBook-Pro.local', ip: 'fe80:0:0:0:14e8:c6a2:e487:315c%en0', os.name: 'Mac OS X', os.arch: 'x86_64', os.version: '11.1', java.version: '11.0.13'
Driver info: org.openqa.selenium.remote.RemoteWebDriver
Capabilities {acceptInsecureCerts: true, browserName: chrome, browserVersion: 98.0.4758.80, chrome: {chromedriverVersion: 98.0.4758.80 (7f0488e8ba0d8..., userDataDir: /var/folders/cb/_cgn98l156b...}, goog:chromeOptions: {debuggerAddress: localhost:49384}, javascriptEnabled: true, networkConnectionEnabled: false, pageLoadStrategy: normal, platform: MAC, platformName: MAC, proxy: Proxy(), setWindowRect: true, strictFileInteractability: false, timeouts: {implicit: 0, pageLoad: 300000, script: 30000}, unhandledPromptBehavior: dismiss and notify, webauthn:extension:credBlob: true, webauthn:extension:largeBlob: true, webauthn:virtualAuthenticators: true}
Session ID: 131f4034a3cf7fb24c785b5c8b3866db
*** Element info: {Using=xpath, value=(//div[@class=' css-12q0e1x-control']//div[@Class=' css-gg2x63'])}
[2022-02-14 01:44:12] [Screenshot.java] [1] [ERROR] ExecutionException error detected on capture full screenshot!
[2022-02-14 01:44:12] [DriverListener.java] [1] [ERROR] no such window: target window already closed
from unknown error: web view not found
  (Session info: chrome=98.0.4758.80)
Build info: version: '3.141.59', revision: 'e82be7d358', time: '2018-11-14T08:17:03'
System info: host: 'solvds-MacBook-Pro.local', ip: 'fe80:0:0:0:14e8:c6a2:e487:315c%en0', os.name: 'Mac OS X', os.arch: 'x86_64', os.version: '11.1', java.version: '11.0.13'
Driver info: org.openqa.selenium.remote.RemoteWebDriver
Capabilities {acceptInsecureCerts: true, browserName: chrome, browserVersion: 98.0.4758.80, chrome: {chromedriverVersion: 98.0.4758.80 (7f0488e8ba0d8..., userDataDir: /var/folders/cb/_cgn98l156b...}, goog:chromeOptions: {debuggerAddress: localhost:49384}, javascriptEnabled: true, networkConnectionEnabled: false, pageLoadStrategy: normal, platform: MAC, platformName: MAC, proxy: Proxy(), setWindowRect: true, strictFileInteractability: false, timeouts: {implicit: 0, pageLoad: 300000, script: 30000}, unhandledPromptBehavior: dismiss and notify, webauthn:extension:credBlob: true, webauthn:extension:largeBlob: true, webauthn:virtualAuthenticators: true}
Session ID: 131f4034a3cf7fb24c785b5c8b3866db
*** Element info: {Using=xpath, value=(//div[@class=' css-12q0e1x-control']//div[@Class=' css-gg2x63'])}
[2022-02-14 01:44:12] [Screenshot.java] [1] [ERROR] ExecutionException error detected on capture full screenshot!
[2022-02-14 01:44:12] [DriverListener.java] [1] [ERROR] no such window: target window already closed
from unknown error: web view not found
  (Session info: chrome=98.0.4758.80)
Build info: version: '3.141.59', revision: 'e82be7d358', time: '2018-11-14T08:17:03'
System info: host: 'solvds-MacBook-Pro.local', ip: 'fe80:0:0:0:14e8:c6a2:e487:315c%en0', os.name: 'Mac OS X', os.arch: 'x86_64', os.version: '11.1', java.version: '11.0.13'
Driver info: org.openqa.selenium.remote.RemoteWebDriver
Capabilities {acceptInsecureCerts: true, browserName: chrome, browserVersion: 98.0.4758.80, chrome: {chromedriverVersion: 98.0.4758.80 (7f0488e8ba0d8..., userDataDir: /var/folders/cb/_cgn98l156b...}, goog:chromeOptions: {debuggerAddress: localhost:49384}, javascriptEnabled: true, networkConnectionEnabled: false, pageLoadStrategy: normal, platform: MAC, platformName: MAC, proxy: Proxy(), setWindowRect: true, strictFileInteractability: false, timeouts: {implicit: 0, pageLoad: 300000, script: 30000}, unhandledPromptBehavior: dismiss and notify, webauthn:extension:credBlob: true, webauthn:extension:largeBlob: true, webauthn:virtualAuthenticators: true}
Session ID: 131f4034a3cf7fb24c785b5c8b3866db
*** Element info: {Using=xpath, value=(//div[@class=' css-12q0e1x-control']//div[@Class=' css-gg2x63'])}
[2022-02-14 01:44:12] [Screenshot.java] [1] [ERROR] ExecutionException error detected on capture full screenshot!
[2022-02-14 01:44:12] [DriverListener.java] [1] [ERROR] no such window: target window already closed
from unknown error: web view not found
  (Session info: chrome=98.0.4758.80)
Build info: version: '3.141.59', revision: 'e82be7d358', time: '2018-11-14T08:17:03'
System info: host: 'solvds-MacBook-Pro.local', ip: 'fe80:0:0:0:14e8:c6a2:e487:315c%en0', os.name: 'Mac OS X', os.arch: 'x86_64', os.version: '11.1', java.version: '11.0.13'
Driver info: org.openqa.selenium.remote.RemoteWebDriver
Capabilities {acceptInsecureCerts: true, browserName: chrome, browserVersion: 98.0.4758.80, chrome: {chromedriverVersion: 98.0.4758.80 (7f0488e8ba0d8..., userDataDir: /var/folders/cb/_cgn98l156b...}, goog:chromeOptions: {debuggerAddress: localhost:49384}, javascriptEnabled: true, networkConnectionEnabled: false, pageLoadStrategy: normal, platform: MAC, platformName: MAC, proxy: Proxy(), setWindowRect: true, strictFileInteractability: false, timeouts: {implicit: 0, pageLoad: 300000, script: 30000}, unhandledPromptBehavior: dismiss and notify, webauthn:extension:credBlob: true, webauthn:extension:largeBlob: true, webauthn:virtualAuthenticators: true}
Session ID: 131f4034a3cf7fb24c785b5c8b3866db
*** Element info: {Using=xpath, value=(//div[@class=' css-12q0e1x-control']//div[@Class=' css-gg2x63'])}
[2022-02-14 01:44:12] [Screenshot.java] [1] [ERROR] ExecutionException error detected on capture full screenshot!
[2022-02-14 01:44:12] [DriverListener.java] [1] [ERROR] no such window: target window already closed
from unknown error: web view not found
  (Session info: chrome=98.0.4758.80)
Build info: version: '3.141.59', revision: 'e82be7d358', time: '2018-11-14T08:17:03'
System info: host: 'solvds-MacBook-Pro.local', ip: 'fe80:0:0:0:14e8:c6a2:e487:315c%en0', os.name: 'Mac OS X', os.arch: 'x86_64', os.version: '11.1', java.version: '11.0.13'
Driver info: org.openqa.selenium.remote.RemoteWebDriver
Capabilities {acceptInsecureCerts: true, browserName: chrome, browserVersion: 98.0.4758.80, chrome: {chromedriverVersion: 98.0.4758.80 (7f0488e8ba0d8..., userDataDir: /var/folders/cb/_cgn98l156b...}, goog:chromeOptions: {debuggerAddress: localhost:49384}, javascriptEnabled: true, networkConnectionEnabled: false, pageLoadStrategy: normal, platform: MAC, platformName: MAC, proxy: Proxy(), setWindowRect: true, strictFileInteractability: false, timeouts: {implicit: 0, pageLoad: 300000, script: 30000}, unhandledPromptBehavior: dismiss and notify, webauthn:extension:credBlob: true, webauthn:extension:largeBlob: true, webauthn:virtualAuthenticators: true}
Session ID: 131f4034a3cf7fb24c785b5c8b3866db
*** Element info: {Using=xpath, value=(//div[@class=' css-12q0e1x-control']//div[@Class=' css-gg2x63'])}
[2022-02-14 01:44:12] [Screenshot.java] [1] [ERROR] ExecutionException error detected on capture full screenshot!
[2022-02-14 01:44:12] [DriverListener.java] [1] [ERROR] no such window: target window already closed
from unknown error: web view not found
  (Session info: chrome=98.0.4758.80)
Build info: version: '3.141.59', revision: 'e82be7d358', time: '2018-11-14T08:17:03'
System info: host: 'solvds-MacBook-Pro.local', ip: 'fe80:0:0:0:14e8:c6a2:e487:315c%en0', os.name: 'Mac OS X', os.arch: 'x86_64', os.version: '11.1', java.version: '11.0.13'
Driver info: org.openqa.selenium.remote.RemoteWebDriver
Capabilities {acceptInsecureCerts: true, browserName: chrome, browserVersion: 98.0.4758.80, chrome: {chromedriverVersion: 98.0.4758.80 (7f0488e8ba0d8..., userDataDir: /var/folders/cb/_cgn98l156b...}, goog:chromeOptions: {debuggerAddress: localhost:49384}, javascriptEnabled: true, networkConnectionEnabled: false, pageLoadStrategy: normal, platform: MAC, platformName: MAC, proxy: Proxy(), setWindowRect: true, strictFileInteractability: false, timeouts: {implicit: 0, pageLoad: 300000, script: 30000}, unhandledPromptBehavior: dismiss and notify, webauthn:extension:credBlob: true, webauthn:extension:largeBlob: true, webauthn:virtualAuthenticators: true}
Session ID: 131f4034a3cf7fb24c785b5c8b3866db
*** Element info: {Using=xpath, value=(//div[@class=' css-12q0e1x-control']//div[@Class=' css-gg2x63'])}
[2022-02-14 01:44:12] [Screenshot.java] [1] [ERROR] ExecutionException error detected on capture full screenshot!
[2022-02-14 01:44:12] [DriverListener.java] [1] [ERROR] no such window: target window already closed
from unknown error: web view not found
  (Session info: chrome=98.0.4758.80)
Build info: version: '3.141.59', revision: 'e82be7d358', time: '2018-11-14T08:17:03'
System info: host: 'solvds-MacBook-Pro.local', ip: 'fe80:0:0:0:14e8:c6a2:e487:315c%en0', os.name: 'Mac OS X', os.arch: 'x86_64', os.version: '11.1', java.version: '11.0.13'
Driver info: org.openqa.selenium.remote.RemoteWebDriver
Capabilities {acceptInsecureCerts: true, browserName: chrome, browserVersion: 98.0.4758.80, chrome: {chromedriverVersion: 98.0.4758.80 (7f0488e8ba0d8..., userDataDir: /var/folders/cb/_cgn98l156b...}, goog:chromeOptions: {debuggerAddress: localhost:49384}, javascriptEnabled: true, networkConnectionEnabled: false, pageLoadStrategy: normal, platform: MAC, platformName: MAC, proxy: Proxy(), setWindowRect: true, strictFileInteractability: false, timeouts: {implicit: 0, pageLoad: 300000, script: 30000}, unhandledPromptBehavior: dismiss and notify, webauthn:extension:credBlob: true, webauthn:extension:largeBlob: true, webauthn:virtualAuthenticators: true}
Session ID: 131f4034a3cf7fb24c785b5c8b3866db
*** Element info: {Using=xpath, value=(//div[@class=' css-12q0e1x-control']//div[@Class=' css-gg2x63'])}
[2022-02-14 01:44:12] [Screenshot.java] [1] [ERROR] ExecutionException error detected on capture full screenshot!
[2022-02-14 01:44:12] [DriverListener.java] [1] [ERROR] no such window: target window already closed
from unknown error: web view not found
  (Session info: chrome=98.0.4758.80)
Build info: version: '3.141.59', revision: 'e82be7d358', time: '2018-11-14T08:17:03'
System info: host: 'solvds-MacBook-Pro.local', ip: 'fe80:0:0:0:14e8:c6a2:e487:315c%en0', os.name: 'Mac OS X', os.arch: 'x86_64', os.version: '11.1', java.version: '11.0.13'
Driver info: org.openqa.selenium.remote.RemoteWebDriver
Capabilities {acceptInsecureCerts: true, browserName: chrome, browserVersion: 98.0.4758.80, chrome: {chromedriverVersion: 98.0.4758.80 (7f0488e8ba0d8..., userDataDir: /var/folders/cb/_cgn98l156b...}, goog:chromeOptions: {debuggerAddress: localhost:49384}, javascriptEnabled: true, networkConnectionEnabled: false, pageLoadStrategy: normal, platform: MAC, platformName: MAC, proxy: Proxy(), setWindowRect: true, strictFileInteractability: false, timeouts: {implicit: 0, pageLoad: 300000, script: 30000}, unhandledPromptBehavior: dismiss and notify, webauthn:extension:credBlob: true, webauthn:extension:largeBlob: true, webauthn:virtualAuthenticators: true}
Session ID: 131f4034a3cf7fb24c785b5c8b3866db
*** Element info: {Using=xpath, value=(//div[@class=' css-12q0e1x-control']//div[@Class=' css-gg2x63'])}
[2022-02-14 01:44:12] [Screenshot.java] [1] [ERROR] ExecutionException error detected on capture full screenshot!
[2022-02-14 01:44:12] [DriverListener.java] [1] [ERROR] no such window: target window already closed
from unknown error: web view not found
  (Session info: chrome=98.0.4758.80)
Build info: version: '3.141.59', revision: 'e82be7d358', time: '2018-11-14T08:17:03'
System info: host: 'solvds-MacBook-Pro.local', ip: 'fe80:0:0:0:14e8:c6a2:e487:315c%en0', os.name: 'Mac OS X', os.arch: 'x86_64', os.version: '11.1', java.version: '11.0.13'
Driver info: org.openqa.selenium.remote.RemoteWebDriver
Capabilities {acceptInsecureCerts: true, browserName: chrome, browserVersion: 98.0.4758.80, chrome: {chromedriverVersion: 98.0.4758.80 (7f0488e8ba0d8..., userDataDir: /var/folders/cb/_cgn98l156b...}, goog:chromeOptions: {debuggerAddress: localhost:49384}, javascriptEnabled: true, networkConnectionEnabled: false, pageLoadStrategy: normal, platform: MAC, platformName: MAC, proxy: Proxy(), setWindowRect: true, strictFileInteractability: false, timeouts: {implicit: 0, pageLoad: 300000, script: 30000}, unhandledPromptBehavior: dismiss and notify, webauthn:extension:credBlob: true, webauthn:extension:largeBlob: true, webauthn:virtualAuthenticators: true}
Session ID: 131f4034a3cf7fb24c785b5c8b3866db
*** Element info: {Using=xpath, value=(//div[@class=' css-12q0e1x-control']//div[@Class=' css-gg2x63'])}
[2022-02-14 01:44:12] [Screenshot.java] [1] [ERROR] ExecutionException error detected on capture full screenshot!
[2022-02-14 01:44:13] [DriverListener.java] [1] [ERROR] no such window: target window already closed
from unknown error: web view not found
  (Session info: chrome=98.0.4758.80)
Build info: version: '3.141.59', revision: 'e82be7d358', time: '2018-11-14T08:17:03'
System info: host: 'solvds-MacBook-Pro.local', ip: 'fe80:0:0:0:14e8:c6a2:e487:315c%en0', os.name: 'Mac OS X', os.arch: 'x86_64', os.version: '11.1', java.version: '11.0.13'
Driver info: org.openqa.selenium.remote.RemoteWebDriver
Capabilities {acceptInsecureCerts: true, browserName: chrome, browserVersion: 98.0.4758.80, chrome: {chromedriverVersion: 98.0.4758.80 (7f0488e8ba0d8..., userDataDir: /var/folders/cb/_cgn98l156b...}, goog:chromeOptions: {debuggerAddress: localhost:49384}, javascriptEnabled: true, networkConnectionEnabled: false, pageLoadStrategy: normal, platform: MAC, platformName: MAC, proxy: Proxy(), setWindowRect: true, strictFileInteractability: false, timeouts: {implicit: 0, pageLoad: 300000, script: 30000}, unhandledPromptBehavior: dismiss and notify, webauthn:extension:credBlob: true, webauthn:extension:largeBlob: true, webauthn:virtualAuthenticators: true}
Session ID: 131f4034a3cf7fb24c785b5c8b3866db
*** Element info: {Using=xpath, value=(//div[@class=' css-12q0e1x-control']//div[@Class=' css-gg2x63'])}
[2022-02-14 01:44:13] [Screenshot.java] [1] [ERROR] ExecutionException error detected on capture full screenshot!
[2022-02-14 01:44:13] [DriverListener.java] [1] [ERROR] no such window: target window already closed
from unknown error: web view not found
  (Session info: chrome=98.0.4758.80)
Build info: version: '3.141.59', revision: 'e82be7d358', time: '2018-11-14T08:17:03'
System info: host: 'solvds-MacBook-Pro.local', ip: 'fe80:0:0:0:14e8:c6a2:e487:315c%en0', os.name: 'Mac OS X', os.arch: 'x86_64', os.version: '11.1', java.version: '11.0.13'
Driver info: org.openqa.selenium.remote.RemoteWebDriver
Capabilities {acceptInsecureCerts: true, browserName: chrome, browserVersion: 98.0.4758.80, chrome: {chromedriverVersion: 98.0.4758.80 (7f0488e8ba0d8..., userDataDir: /var/folders/cb/_cgn98l156b...}, goog:chromeOptions: {debuggerAddress: localhost:49384}, javascriptEnabled: true, networkConnectionEnabled: false, pageLoadStrategy: normal, platform: MAC, platformName: MAC, proxy: Proxy(), setWindowRect: true, strictFileInteractability: false, timeouts: {implicit: 0, pageLoad: 300000, script: 30000}, unhandledPromptBehavior: dismiss and notify, webauthn:extension:credBlob: true, webauthn:extension:largeBlob: true, webauthn:virtualAuthenticators: true}
Session ID: 131f4034a3cf7fb24c785b5c8b3866db
*** Element info: {Using=xpath, value=(//div[@class=' css-12q0e1x-control']//div[@Class=' css-gg2x63'])}
[2022-02-14 01:44:13] [Screenshot.java] [1] [ERROR] ExecutionException error detected on capture full screenshot!
[2022-02-14 01:44:13] [DriverListener.java] [1] [ERROR] no such window: target window already closed
from unknown error: web view not found
  (Session info: chrome=98.0.4758.80)
Build info: version: '3.141.59', revision: 'e82be7d358', time: '2018-11-14T08:17:03'
System info: host: 'solvds-MacBook-Pro.local', ip: 'fe80:0:0:0:14e8:c6a2:e487:315c%en0', os.name: 'Mac OS X', os.arch: 'x86_64', os.version: '11.1', java.version: '11.0.13'
Driver info: org.openqa.selenium.remote.RemoteWebDriver
Capabilities {acceptInsecureCerts: true, browserName: chrome, browserVersion: 98.0.4758.80, chrome: {chromedriverVersion: 98.0.4758.80 (7f0488e8ba0d8..., userDataDir: /var/folders/cb/_cgn98l156b...}, goog:chromeOptions: {debuggerAddress: localhost:49384}, javascriptEnabled: true, networkConnectionEnabled: false, pageLoadStrategy: normal, platform: MAC, platformName: MAC, proxy: Proxy(), setWindowRect: true, strictFileInteractability: false, timeouts: {implicit: 0, pageLoad: 300000, script: 30000}, unhandledPromptBehavior: dismiss and notify, webauthn:extension:credBlob: true, webauthn:extension:largeBlob: true, webauthn:virtualAuthenticators: true}
Session ID: 131f4034a3cf7fb24c785b5c8b3866db
*** Element info: {Using=xpath, value=(//div[@class=' css-12q0e1x-control']//div[@Class=' css-gg2x63'])}
[2022-02-14 01:44:13] [Screenshot.java] [1] [ERROR] ExecutionException error detected on capture full screenshot!
[2022-02-14 01:44:13] [DriverListener.java] [1] [ERROR] no such window: target window already closed
from unknown error: web view not found
  (Session info: chrome=98.0.4758.80)
Build info: version: '3.141.59', revision: 'e82be7d358', time: '2018-11-14T08:17:03'
System info: host: 'solvds-MacBook-Pro.local', ip: 'fe80:0:0:0:14e8:c6a2:e487:315c%en0', os.name: 'Mac OS X', os.arch: 'x86_64', os.version: '11.1', java.version: '11.0.13'
Driver info: org.openqa.selenium.remote.RemoteWebDriver
Capabilities {acceptInsecureCerts: true, browserName: chrome, browserVersion: 98.0.4758.80, chrome: {chromedriverVersion: 98.0.4758.80 (7f0488e8ba0d8..., userDataDir: /var/folders/cb/_cgn98l156b...}, goog:chromeOptions: {debuggerAddress: localhost:49384}, javascriptEnabled: true, networkConnectionEnabled: false, pageLoadStrategy: normal, platform: MAC, platformName: MAC, proxy: Proxy(), setWindowRect: true, strictFileInteractability: false, timeouts: {implicit: 0, pageLoad: 300000, script: 30000}, unhandledPromptBehavior: dismiss and notify, webauthn:extension:credBlob: true, webauthn:extension:largeBlob: true, webauthn:virtualAuthenticators: true}
Session ID: 131f4034a3cf7fb24c785b5c8b3866db
*** Element info: {Using=xpath, value=(//div[@class=' css-12q0e1x-control']//div[@Class=' css-gg2x63'])}
[2022-02-14 01:44:13] [Screenshot.java] [1] [ERROR] ExecutionException error detected on capture full screenshot!
[2022-02-14 01:44:13] [DriverListener.java] [1] [ERROR] no such window: target window already closed
from unknown error: web view not found
  (Session info: chrome=98.0.4758.80)
Build info: version: '3.141.59', revision: 'e82be7d358', time: '2018-11-14T08:17:03'
System info: host: 'solvds-MacBook-Pro.local', ip: 'fe80:0:0:0:14e8:c6a2:e487:315c%en0', os.name: 'Mac OS X', os.arch: 'x86_64', os.version: '11.1', java.version: '11.0.13'
Driver info: org.openqa.selenium.remote.RemoteWebDriver
Capabilities {acceptInsecureCerts: true, browserName: chrome, browserVersion: 98.0.4758.80, chrome: {chromedriverVersion: 98.0.4758.80 (7f0488e8ba0d8..., userDataDir: /var/folders/cb/_cgn98l156b...}, goog:chromeOptions: {debuggerAddress: localhost:49384}, javascriptEnabled: true, networkConnectionEnabled: false, pageLoadStrategy: normal, platform: MAC, platformName: MAC, proxy: Proxy(), setWindowRect: true, strictFileInteractability: false, timeouts: {implicit: 0, pageLoad: 300000, script: 30000}, unhandledPromptBehavior: dismiss and notify, webauthn:extension:credBlob: true, webauthn:extension:largeBlob: true, webauthn:virtualAuthenticators: true}
Session ID: 131f4034a3cf7fb24c785b5c8b3866db
*** Element info: {Using=xpath, value=(//div[@class=' css-12q0e1x-control']//div[@Class=' css-gg2x63'])}
[2022-02-14 01:44:13] [Screenshot.java] [1] [ERROR] ExecutionException error detected on capture full screenshot!
[2022-02-14 01:44:13] [DriverListener.java] [1] [ERROR] no such window: target window already closed
from unknown error: web view not found
  (Session info: chrome=98.0.4758.80)
Build info: version: '3.141.59', revision: 'e82be7d358', time: '2018-11-14T08:17:03'
System info: host: 'solvds-MacBook-Pro.local', ip: 'fe80:0:0:0:14e8:c6a2:e487:315c%en0', os.name: 'Mac OS X', os.arch: 'x86_64', os.version: '11.1', java.version: '11.0.13'
Driver info: org.openqa.selenium.remote.RemoteWebDriver
Capabilities {acceptInsecureCerts: true, browserName: chrome, browserVersion: 98.0.4758.80, chrome: {chromedriverVersion: 98.0.4758.80 (7f0488e8ba0d8..., userDataDir: /var/folders/cb/_cgn98l156b...}, goog:chromeOptions: {debuggerAddress: localhost:49384}, javascriptEnabled: true, networkConnectionEnabled: false, pageLoadStrategy: normal, platform: MAC, platformName: MAC, proxy: Proxy(), setWindowRect: true, strictFileInteractability: false, timeouts: {implicit: 0, pageLoad: 300000, script: 30000}, unhandledPromptBehavior: dismiss and notify, webauthn:extension:credBlob: true, webauthn:extension:largeBlob: true, webauthn:virtualAuthenticators: true}
Session ID: 131f4034a3cf7fb24c785b5c8b3866db
*** Element info: {Using=xpath, value=(//div[@class=' css-12q0e1x-control']//div[@Class=' css-gg2x63'])}
[2022-02-14 01:44:13] [Screenshot.java] [1] [ERROR] ExecutionException error detected on capture full screenshot!
[2022-02-14 01:44:13] [DriverListener.java] [1] [ERROR] no such window: target window already closed
from unknown error: web view not found
  (Session info: chrome=98.0.4758.80)
Build info: version: '3.141.59', revision: 'e82be7d358', time: '2018-11-14T08:17:03'
System info: host: 'solvds-MacBook-Pro.local', ip: 'fe80:0:0:0:14e8:c6a2:e487:315c%en0', os.name: 'Mac OS X', os.arch: 'x86_64', os.version: '11.1', java.version: '11.0.13'
Driver info: org.openqa.selenium.remote.RemoteWebDriver
Capabilities {acceptInsecureCerts: true, browserName: chrome, browserVersion: 98.0.4758.80, chrome: {chromedriverVersion: 98.0.4758.80 (7f0488e8ba0d8..., userDataDir: /var/folders/cb/_cgn98l156b...}, goog:chromeOptions: {debuggerAddress: localhost:49384}, javascriptEnabled: true, networkConnectionEnabled: false, pageLoadStrategy: normal, platform: MAC, platformName: MAC, proxy: Proxy(), setWindowRect: true, strictFileInteractability: false, timeouts: {implicit: 0, pageLoad: 300000, script: 30000}, unhandledPromptBehavior: dismiss and notify, webauthn:extension:credBlob: true, webauthn:extension:largeBlob: true, webauthn:virtualAuthenticators: true}
Session ID: 131f4034a3cf7fb24c785b5c8b3866db
*** Element info: {Using=xpath, value=(//div[@class=' css-12q0e1x-control']//div[@Class=' css-gg2x63'])}
[2022-02-14 01:44:13] [Screenshot.java] [1] [ERROR] ExecutionException error detected on capture full screenshot!
[2022-02-14 01:44:13] [DriverListener.java] [1] [ERROR] no such window: target window already closed
from unknown error: web view not found
  (Session info: chrome=98.0.4758.80)
Build info: version: '3.141.59', revision: 'e82be7d358', time: '2018-11-14T08:17:03'
System info: host: 'solvds-MacBook-Pro.local', ip: 'fe80:0:0:0:14e8:c6a2:e487:315c%en0', os.name: 'Mac OS X', os.arch: 'x86_64', os.version: '11.1', java.version: '11.0.13'
Driver info: org.openqa.selenium.remote.RemoteWebDriver
Capabilities {acceptInsecureCerts: true, browserName: chrome, browserVersion: 98.0.4758.80, chrome: {chromedriverVersion: 98.0.4758.80 (7f0488e8ba0d8..., userDataDir: /var/folders/cb/_cgn98l156b...}, goog:chromeOptions: {debuggerAddress: localhost:49384}, javascriptEnabled: true, networkConnectionEnabled: false, pageLoadStrategy: normal, platform: MAC, platformName: MAC, proxy: Proxy(), setWindowRect: true, strictFileInteractability: false, timeouts: {implicit: 0, pageLoad: 300000, script: 30000}, unhandledPromptBehavior: dismiss and notify, webauthn:extension:credBlob: true, webauthn:extension:largeBlob: true, webauthn:virtualAuthenticators: true}
Session ID: 131f4034a3cf7fb24c785b5c8b3866db
*** Element info: {Using=xpath, value=(//div[@class=' css-12q0e1x-control']//div[@Class=' css-gg2x63'])}
[2022-02-14 01:44:13] [Screenshot.java] [1] [ERROR] ExecutionException error detected on capture full screenshot!
[2022-02-14 01:44:13] [DriverListener.java] [1] [ERROR] no such window: target window already closed
from unknown error: web view not found
  (Session info: chrome=98.0.4758.80)
Build info: version: '3.141.59', revision: 'e82be7d358', time: '2018-11-14T08:17:03'
System info: host: 'solvds-MacBook-Pro.local', ip: 'fe80:0:0:0:14e8:c6a2:e487:315c%en0', os.name: 'Mac OS X', os.arch: 'x86_64', os.version: '11.1', java.version: '11.0.13'
Driver info: org.openqa.selenium.remote.RemoteWebDriver
Capabilities {acceptInsecureCerts: true, browserName: chrome, browserVersion: 98.0.4758.80, chrome: {chromedriverVersion: 98.0.4758.80 (7f0488e8ba0d8..., userDataDir: /var/folders/cb/_cgn98l156b...}, goog:chromeOptions: {debuggerAddress: localhost:49384}, javascriptEnabled: true, networkConnectionEnabled: false, pageLoadStrategy: normal, platform: MAC, platformName: MAC, proxy: Proxy(), setWindowRect: true, strictFileInteractability: false, timeouts: {implicit: 0, pageLoad: 300000, script: 30000}, unhandledPromptBehavior: dismiss and notify, webauthn:extension:credBlob: true, webauthn:extension:largeBlob: true, webauthn:virtualAuthenticators: true}
Session ID: 131f4034a3cf7fb24c785b5c8b3866db
*** Element info: {Using=xpath, value=(//div[@class=' css-12q0e1x-control']//div[@Class=' css-gg2x63'])}
[2022-02-14 01:44:13] [Screenshot.java] [1] [ERROR] ExecutionException error detected on capture full screenshot!
[2022-02-14 01:44:13] [DriverListener.java] [1] [ERROR] no such window: target window already closed
from unknown error: web view not found
  (Session info: chrome=98.0.4758.80)
Build info: version: '3.141.59', revision: 'e82be7d358', time: '2018-11-14T08:17:03'
System info: host: 'solvds-MacBook-Pro.local', ip: 'fe80:0:0:0:14e8:c6a2:e487:315c%en0', os.name: 'Mac OS X', os.arch: 'x86_64', os.version: '11.1', java.version: '11.0.13'
Driver info: org.openqa.selenium.remote.RemoteWebDriver
Capabilities {acceptInsecureCerts: true, browserName: chrome, browserVersion: 98.0.4758.80, chrome: {chromedriverVersion: 98.0.4758.80 (7f0488e8ba0d8..., userDataDir: /var/folders/cb/_cgn98l156b...}, goog:chromeOptions: {debuggerAddress: localhost:49384}, javascriptEnabled: true, networkConnectionEnabled: false, pageLoadStrategy: normal, platform: MAC, platformName: MAC, proxy: Proxy(), setWindowRect: true, strictFileInteractability: false, timeouts: {implicit: 0, pageLoad: 300000, script: 30000}, unhandledPromptBehavior: dismiss and notify, webauthn:extension:credBlob: true, webauthn:extension:largeBlob: true, webauthn:virtualAuthenticators: true}
Session ID: 131f4034a3cf7fb24c785b5c8b3866db
*** Element info: {Using=xpath, value=(//div[@class=' css-12q0e1x-control']//div[@Class=' css-gg2x63'])}
[2022-02-14 01:44:13] [Screenshot.java] [1] [ERROR] ExecutionException error detected on capture full screenshot!
[2022-02-14 01:44:13] [DriverListener.java] [1] [ERROR] no such window: target window already closed
from unknown error: web view not found
  (Session info: chrome=98.0.4758.80)
Build info: version: '3.141.59', revision: 'e82be7d358', time: '2018-11-14T08:17:03'
System info: host: 'solvds-MacBook-Pro.local', ip: 'fe80:0:0:0:14e8:c6a2:e487:315c%en0', os.name: 'Mac OS X', os.arch: 'x86_64', os.version: '11.1', java.version: '11.0.13'
Driver info: org.openqa.selenium.remote.RemoteWebDriver
Capabilities {acceptInsecureCerts: true, browserName: chrome, browserVersion: 98.0.4758.80, chrome: {chromedriverVersion: 98.0.4758.80 (7f0488e8ba0d8..., userDataDir: /var/folders/cb/_cgn98l156b...}, goog:chromeOptions: {debuggerAddress: localhost:49384}, javascriptEnabled: true, networkConnectionEnabled: false, pageLoadStrategy: normal, platform: MAC, platformName: MAC, proxy: Proxy(), setWindowRect: true, strictFileInteractability: false, timeouts: {implicit: 0, pageLoad: 300000, script: 30000}, unhandledPromptBehavior: dismiss and notify, webauthn:extension:credBlob: true, webauthn:extension:largeBlob: true, webauthn:virtualAuthenticators: true}
Session ID: 131f4034a3cf7fb24c785b5c8b3866db
*** Element info: {Using=xpath, value=(//div[@class=' css-12q0e1x-control']//div[@Class=' css-gg2x63'])}
[2022-02-14 01:44:13] [Screenshot.java] [1] [ERROR] ExecutionException error detected on capture full screenshot!
[2022-02-14 01:44:13] [DriverListener.java] [1] [ERROR] no such window: target window already closed
from unknown error: web view not found
  (Session info: chrome=98.0.4758.80)
Build info: version: '3.141.59', revision: 'e82be7d358', time: '2018-11-14T08:17:03'
System info: host: 'solvds-MacBook-Pro.local', ip: 'fe80:0:0:0:14e8:c6a2:e487:315c%en0', os.name: 'Mac OS X', os.arch: 'x86_64', os.version: '11.1', java.version: '11.0.13'
Driver info: org.openqa.selenium.remote.RemoteWebDriver
Capabilities {acceptInsecureCerts: true, browserName: chrome, browserVersion: 98.0.4758.80, chrome: {chromedriverVersion: 98.0.4758.80 (7f0488e8ba0d8..., userDataDir: /var/folders/cb/_cgn98l156b...}, goog:chromeOptions: {debuggerAddress: localhost:49384}, javascriptEnabled: true, networkConnectionEnabled: false, pageLoadStrategy: normal, platform: MAC, platformName: MAC, proxy: Proxy(), setWindowRect: true, strictFileInteractability: false, timeouts: {implicit: 0, pageLoad: 300000, script: 30000}, unhandledPromptBehavior: dismiss and notify, webauthn:extension:credBlob: true, webauthn:extension:largeBlob: true, webauthn:virtualAuthenticators: true}
Session ID: 131f4034a3cf7fb24c785b5c8b3866db
*** Element info: {Using=xpath, value=(//div[@class=' css-12q0e1x-control']//div[@Class=' css-gg2x63'])}
[2022-02-14 01:44:13] [Screenshot.java] [1] [ERROR] ExecutionException error detected on capture full screenshot!
[2022-02-14 01:44:13] [DriverListener.java] [1] [ERROR] no such window: target window already closed
from unknown error: web view not found
  (Session info: chrome=98.0.4758.80)
Build info: version: '3.141.59', revision: 'e82be7d358', time: '2018-11-14T08:17:03'
System info: host: 'solvds-MacBook-Pro.local', ip: 'fe80:0:0:0:14e8:c6a2:e487:315c%en0', os.name: 'Mac OS X', os.arch: 'x86_64', os.version: '11.1', java.version: '11.0.13'
Driver info: org.openqa.selenium.remote.RemoteWebDriver
Capabilities {acceptInsecureCerts: true, browserName: chrome, browserVersion: 98.0.4758.80, chrome: {chromedriverVersion: 98.0.4758.80 (7f0488e8ba0d8..., userDataDir: /var/folders/cb/_cgn98l156b...}, goog:chromeOptions: {debuggerAddress: localhost:49384}, javascriptEnabled: true, networkConnectionEnabled: false, pageLoadStrategy: normal, platform: MAC, platformName: MAC, proxy: Proxy(), setWindowRect: true, strictFileInteractability: false, timeouts: {implicit: 0, pageLoad: 300000, script: 30000}, unhandledPromptBehavior: dismiss and notify, webauthn:extension:credBlob: true, webauthn:extension:largeBlob: true, webauthn:virtualAuthenticators: true}
Session ID: 131f4034a3cf7fb24c785b5c8b3866db
*** Element info: {Using=xpath, value=(//div[@class=' css-12q0e1x-control']//div[@Class=' css-gg2x63'])}
[2022-02-14 01:44:13] [Screenshot.java] [1] [ERROR] ExecutionException error detected on capture full screenshot!
[2022-02-14 01:44:13] [DriverListener.java] [1] [ERROR] no such window: target window already closed
from unknown error: web view not found
  (Session info: chrome=98.0.4758.80)
Build info: version: '3.141.59', revision: 'e82be7d358', time: '2018-11-14T08:17:03'
System info: host: 'solvds-MacBook-Pro.local', ip: 'fe80:0:0:0:14e8:c6a2:e487:315c%en0', os.name: 'Mac OS X', os.arch: 'x86_64', os.version: '11.1', java.version: '11.0.13'
Driver info: org.openqa.selenium.remote.RemoteWebDriver
Capabilities {acceptInsecureCerts: true, browserName: chrome, browserVersion: 98.0.4758.80, chrome: {chromedriverVersion: 98.0.4758.80 (7f0488e8ba0d8..., userDataDir: /var/folders/cb/_cgn98l156b...}, goog:chromeOptions: {debuggerAddress: localhost:49384}, javascriptEnabled: true, networkConnectionEnabled: false, pageLoadStrategy: normal, platform: MAC, platformName: MAC, proxy: Proxy(), setWindowRect: true, strictFileInteractability: false, timeouts: {implicit: 0, pageLoad: 300000, script: 30000}, unhandledPromptBehavior: dismiss and notify, webauthn:extension:credBlob: true, webauthn:extension:largeBlob: true, webauthn:virtualAuthenticators: true}
Session ID: 131f4034a3cf7fb24c785b5c8b3866db
*** Element info: {Using=xpath, value=(//div[@class=' css-12q0e1x-control']//div[@Class=' css-gg2x63'])}
[2022-02-14 01:44:13] [Screenshot.java] [1] [ERROR] ExecutionException error detected on capture full screenshot!
[2022-02-14 01:44:13] [DriverListener.java] [1] [ERROR] no such window: target window already closed
from unknown error: web view not found
  (Session info: chrome=98.0.4758.80)
Build info: version: '3.141.59', revision: 'e82be7d358', time: '2018-11-14T08:17:03'
System info: host: 'solvds-MacBook-Pro.local', ip: 'fe80:0:0:0:14e8:c6a2:e487:315c%en0', os.name: 'Mac OS X', os.arch: 'x86_64', os.version: '11.1', java.version: '11.0.13'
Driver info: org.openqa.selenium.remote.RemoteWebDriver
Capabilities {acceptInsecureCerts: true, browserName: chrome, browserVersion: 98.0.4758.80, chrome: {chromedriverVersion: 98.0.4758.80 (7f0488e8ba0d8..., userDataDir: /var/folders/cb/_cgn98l156b...}, goog:chromeOptions: {debuggerAddress: localhost:49384}, javascriptEnabled: true, networkConnectionEnabled: false, pageLoadStrategy: normal, platform: MAC, platformName: MAC, proxy: Proxy(), setWindowRect: true, strictFileInteractability: false, timeouts: {implicit: 0, pageLoad: 300000, script: 30000}, unhandledPromptBehavior: dismiss and notify, webauthn:extension:credBlob: true, webauthn:extension:largeBlob: true, webauthn:virtualAuthenticators: true}
Session ID: 131f4034a3cf7fb24c785b5c8b3866db
*** Element info: {Using=xpath, value=(//div[@class=' css-12q0e1x-control']//div[@Class=' css-gg2x63'])}
[2022-02-14 01:44:13] [Screenshot.java] [1] [ERROR] ExecutionException error detected on capture full screenshot!
[2022-02-14 01:44:13] [DriverListener.java] [1] [ERROR] no such window: target window already closed
from unknown error: web view not found
  (Session info: chrome=98.0.4758.80)
Build info: version: '3.141.59', revision: 'e82be7d358', time: '2018-11-14T08:17:03'
System info: host: 'solvds-MacBook-Pro.local', ip: 'fe80:0:0:0:14e8:c6a2:e487:315c%en0', os.name: 'Mac OS X', os.arch: 'x86_64', os.version: '11.1', java.version: '11.0.13'
Driver info: org.openqa.selenium.remote.RemoteWebDriver
Capabilities {acceptInsecureCerts: true, browserName: chrome, browserVersion: 98.0.4758.80, chrome: {chromedriverVersion: 98.0.4758.80 (7f0488e8ba0d8..., userDataDir: /var/folders/cb/_cgn98l156b...}, goog:chromeOptions: {debuggerAddress: localhost:49384}, javascriptEnabled: true, networkConnectionEnabled: false, pageLoadStrategy: normal, platform: MAC, platformName: MAC, proxy: Proxy(), setWindowRect: true, strictFileInteractability: false, timeouts: {implicit: 0, pageLoad: 300000, script: 30000}, unhandledPromptBehavior: dismiss and notify, webauthn:extension:credBlob: true, webauthn:extension:largeBlob: true, webauthn:virtualAuthenticators: true}
Session ID: 131f4034a3cf7fb24c785b5c8b3866db
*** Element info: {Using=xpath, value=(//div[@class=' css-12q0e1x-control']//div[@Class=' css-gg2x63'])}
[2022-02-14 01:44:13] [Screenshot.java] [1] [ERROR] ExecutionException error detected on capture full screenshot!
[2022-02-14 01:44:13] [DriverListener.java] [1] [ERROR] no such window: target window already closed
from unknown error: web view not found
  (Session info: chrome=98.0.4758.80)
Build info: version: '3.141.59', revision: 'e82be7d358', time: '2018-11-14T08:17:03'
System info: host: 'solvds-MacBook-Pro.local', ip: 'fe80:0:0:0:14e8:c6a2:e487:315c%en0', os.name: 'Mac OS X', os.arch: 'x86_64', os.version: '11.1', java.version: '11.0.13'
Driver info: org.openqa.selenium.remote.RemoteWebDriver
Capabilities {acceptInsecureCerts: true, browserName: chrome, browserVersion: 98.0.4758.80, chrome: {chromedriverVersion: 98.0.4758.80 (7f0488e8ba0d8..., userDataDir: /var/folders/cb/_cgn98l156b...}, goog:chromeOptions: {debuggerAddress: localhost:49384}, javascriptEnabled: true, networkConnectionEnabled: false, pageLoadStrategy: normal, platform: MAC, platformName: MAC, proxy: Proxy(), setWindowRect: true, strictFileInteractability: false, timeouts: {implicit: 0, pageLoad: 300000, script: 30000}, unhandledPromptBehavior: dismiss and notify, webauthn:extension:credBlob: true, webauthn:extension:largeBlob: true, webauthn:virtualAuthenticators: true}
Session ID: 131f4034a3cf7fb24c785b5c8b3866db
*** Element info: {Using=xpath, value=(//div[@class=' css-12q0e1x-control']//div[@Class=' css-gg2x63'])}
[2022-02-14 01:44:13] [Screenshot.java] [1] [ERROR] ExecutionException error detected on capture full screenshot!
[2022-02-14 01:44:13] [DriverListener.java] [1] [ERROR] no such window: target window already closed
from unknown error: web view not found
  (Session info: chrome=98.0.4758.80)
Build info: version: '3.141.59', revision: 'e82be7d358', time: '2018-11-14T08:17:03'
System info: host: 'solvds-MacBook-Pro.local', ip: 'fe80:0:0:0:14e8:c6a2:e487:315c%en0', os.name: 'Mac OS X', os.arch: 'x86_64', os.version: '11.1', java.version: '11.0.13'
Driver info: org.openqa.selenium.remote.RemoteWebDriver
Capabilities {acceptInsecureCerts: true, browserName: chrome, browserVersion: 98.0.4758.80, chrome: {chromedriverVersion: 98.0.4758.80 (7f0488e8ba0d8..., userDataDir: /var/folders/cb/_cgn98l156b...}, goog:chromeOptions: {debuggerAddress: localhost:49384}, javascriptEnabled: true, networkConnectionEnabled: false, pageLoadStrategy: normal, platform: MAC, platformName: MAC, proxy: Proxy(), setWindowRect: true, strictFileInteractability: false, timeouts: {implicit: 0, pageLoad: 300000, script: 30000}, unhandledPromptBehavior: dismiss and notify, webauthn:extension:credBlob: true, webauthn:extension:largeBlob: true, webauthn:virtualAuthenticators: true}
Session ID: 131f4034a3cf7fb24c785b5c8b3866db
*** Element info: {Using=xpath, value=(//div[@class=' css-12q0e1x-control']//div[@Class=' css-gg2x63'])}
[2022-02-14 01:44:13] [Screenshot.java] [1] [ERROR] ExecutionException error detected on capture full screenshot!
[2022-02-14 01:44:13] [DriverListener.java] [1] [ERROR] no such window: target window already closed
from unknown error: web view not found
  (Session info: chrome=98.0.4758.80)
Build info: version: '3.141.59', revision: 'e82be7d358', time: '2018-11-14T08:17:03'
System info: host: 'solvds-MacBook-Pro.local', ip: 'fe80:0:0:0:14e8:c6a2:e487:315c%en0', os.name: 'Mac OS X', os.arch: 'x86_64', os.version: '11.1', java.version: '11.0.13'
Driver info: org.openqa.selenium.remote.RemoteWebDriver
Capabilities {acceptInsecureCerts: true, browserName: chrome, browserVersion: 98.0.4758.80, chrome: {chromedriverVersion: 98.0.4758.80 (7f0488e8ba0d8..., userDataDir: /var/folders/cb/_cgn98l156b...}, goog:chromeOptions: {debuggerAddress: localhost:49384}, javascriptEnabled: true, networkConnectionEnabled: false, pageLoadStrategy: normal, platform: MAC, platformName: MAC, proxy: Proxy(), setWindowRect: true, strictFileInteractability: false, timeouts: {implicit: 0, pageLoad: 300000, script: 30000}, unhandledPromptBehavior: dismiss and notify, webauthn:extension:credBlob: true, webauthn:extension:largeBlob: true, webauthn:virtualAuthenticators: true}
Session ID: 131f4034a3cf7fb24c785b5c8b3866db
*** Element info: {Using=xpath, value=(//div[@class=' css-12q0e1x-control']//div[@Class=' css-gg2x63'])}
[2022-02-14 01:44:13] [Screenshot.java] [1] [ERROR] ExecutionException error detected on capture full screenshot!
[2022-02-14 01:44:13] [DriverListener.java] [1] [ERROR] no such window: target window already closed
from unknown error: web view not found
  (Session info: chrome=98.0.4758.80)
Build info: version: '3.141.59', revision: 'e82be7d358', time: '2018-11-14T08:17:03'
System info: host: 'solvds-MacBook-Pro.local', ip: 'fe80:0:0:0:14e8:c6a2:e487:315c%en0', os.name: 'Mac OS X', os.arch: 'x86_64', os.version: '11.1', java.version: '11.0.13'
Driver info: org.openqa.selenium.remote.RemoteWebDriver
Capabilities {acceptInsecureCerts: true, browserName: chrome, browserVersion: 98.0.4758.80, chrome: {chromedriverVersion: 98.0.4758.80 (7f0488e8ba0d8..., userDataDir: /var/folders/cb/_cgn98l156b...}, goog:chromeOptions: {debuggerAddress: localhost:49384}, javascriptEnabled: true, networkConnectionEnabled: false, pageLoadStrategy: normal, platform: MAC, platformName: MAC, proxy: Proxy(), setWindowRect: true, strictFileInteractability: false, timeouts: {implicit: 0, pageLoad: 300000, script: 30000}, unhandledPromptBehavior: dismiss and notify, webauthn:extension:credBlob: true, webauthn:extension:largeBlob: true, webauthn:virtualAuthenticators: true}
Session ID: 131f4034a3cf7fb24c785b5c8b3866db
*** Element info: {Using=xpath, value=(//div[@class=' css-12q0e1x-control']//div[@Class=' css-gg2x63'])}
[2022-02-14 01:44:13] [Screenshot.java] [1] [ERROR] ExecutionException error detected on capture full screenshot!
[2022-02-14 01:44:13] [DriverListener.java] [1] [ERROR] no such window: target window already closed
from unknown error: web view not found
  (Session info: chrome=98.0.4758.80)
Build info: version: '3.141.59', revision: 'e82be7d358', time: '2018-11-14T08:17:03'
System info: host: 'solvds-MacBook-Pro.local', ip: 'fe80:0:0:0:14e8:c6a2:e487:315c%en0', os.name: 'Mac OS X', os.arch: 'x86_64', os.version: '11.1', java.version: '11.0.13'
Driver info: org.openqa.selenium.remote.RemoteWebDriver
Capabilities {acceptInsecureCerts: true, browserName: chrome, browserVersion: 98.0.4758.80, chrome: {chromedriverVersion: 98.0.4758.80 (7f0488e8ba0d8..., userDataDir: /var/folders/cb/_cgn98l156b...}, goog:chromeOptions: {debuggerAddress: localhost:49384}, javascriptEnabled: true, networkConnectionEnabled: false, pageLoadStrategy: normal, platform: MAC, platformName: MAC, proxy: Proxy(), setWindowRect: true, strictFileInteractability: false, timeouts: {implicit: 0, pageLoad: 300000, script: 30000}, unhandledPromptBehavior: dismiss and notify, webauthn:extension:credBlob: true, webauthn:extension:largeBlob: true, webauthn:virtualAuthenticators: true}
Session ID: 131f4034a3cf7fb24c785b5c8b3866db
*** Element info: {Using=xpath, value=(//div[@class=' css-12q0e1x-control']//div[@Class=' css-gg2x63'])}
[2022-02-14 01:44:13] [Screenshot.java] [1] [ERROR] ExecutionException error detected on capture full screenshot!
[2022-02-14 01:44:13] [DriverListener.java] [1] [ERROR] no such window: target window already closed
from unknown error: web view not found
  (Session info: chrome=98.0.4758.80)
Build info: version: '3.141.59', revision: 'e82be7d358', time: '2018-11-14T08:17:03'
System info: host: 'solvds-MacBook-Pro.local', ip: 'fe80:0:0:0:14e8:c6a2:e487:315c%en0', os.name: 'Mac OS X', os.arch: 'x86_64', os.version: '11.1', java.version: '11.0.13'
Driver info: org.openqa.selenium.remote.RemoteWebDriver
Capabilities {acceptInsecureCerts: true, browserName: chrome, browserVersion: 98.0.4758.80, chrome: {chromedriverVersion: 98.0.4758.80 (7f0488e8ba0d8..., userDataDir: /var/folders/cb/_cgn98l156b...}, goog:chromeOptions: {debuggerAddress: localhost:49384}, javascriptEnabled: true, networkConnectionEnabled: false, pageLoadStrategy: normal, platform: MAC, platformName: MAC, proxy: Proxy(), setWindowRect: true, strictFileInteractability: false, timeouts: {implicit: 0, pageLoad: 300000, script: 30000}, unhandledPromptBehavior: dismiss and notify, webauthn:extension:credBlob: true, webauthn:extension:largeBlob: true, webauthn:virtualAuthenticators: true}
Session ID: 131f4034a3cf7fb24c785b5c8b3866db
*** Element info: {Using=xpath, value=(//div[@class=' css-12q0e1x-control']//div[@Class=' css-gg2x63'])}
[2022-02-14 01:44:13] [Screenshot.java] [1] [ERROR] ExecutionException error detected on capture full screenshot!
[2022-02-14 01:44:13] [DriverListener.java] [1] [ERROR] no such window: target window already closed
from unknown error: web view not found
  (Session info: chrome=98.0.4758.80)
Build info: version: '3.141.59', revision: 'e82be7d358', time: '2018-11-14T08:17:03'
System info: host: 'solvds-MacBook-Pro.local', ip: 'fe80:0:0:0:14e8:c6a2:e487:315c%en0', os.name: 'Mac OS X', os.arch: 'x86_64', os.version: '11.1', java.version: '11.0.13'
Driver info: org.openqa.selenium.remote.RemoteWebDriver
Capabilities {acceptInsecureCerts: true, browserName: chrome, browserVersion: 98.0.4758.80, chrome: {chromedriverVersion: 98.0.4758.80 (7f0488e8ba0d8..., userDataDir: /var/folders/cb/_cgn98l156b...}, goog:chromeOptions: {debuggerAddress: localhost:49384}, javascriptEnabled: true, networkConnectionEnabled: false, pageLoadStrategy: normal, platform: MAC, platformName: MAC, proxy: Proxy(), setWindowRect: true, strictFileInteractability: false, timeouts: {implicit: 0, pageLoad: 300000, script: 30000}, unhandledPromptBehavior: dismiss and notify, webauthn:extension:credBlob: true, webauthn:extension:largeBlob: true, webauthn:virtualAuthenticators: true}
Session ID: 131f4034a3cf7fb24c785b5c8b3866db
*** Element info: {Using=xpath, value=(//div[@class=' css-12q0e1x-control']//div[@Class=' css-gg2x63'])}
[2022-02-14 01:44:13] [Screenshot.java] [1] [ERROR] ExecutionException error detected on capture full screenshot!
[2022-02-14 01:44:13] [DriverListener.java] [1] [ERROR] no such window: target window already closed
from unknown error: web view not found
  (Session info: chrome=98.0.4758.80)
Build info: version: '3.141.59', revision: 'e82be7d358', time: '2018-11-14T08:17:03'
System info: host: 'solvds-MacBook-Pro.local', ip: 'fe80:0:0:0:14e8:c6a2:e487:315c%en0', os.name: 'Mac OS X', os.arch: 'x86_64', os.version: '11.1', java.version: '11.0.13'
Driver info: org.openqa.selenium.remote.RemoteWebDriver
Capabilities {acceptInsecureCerts: true, browserName: chrome, browserVersion: 98.0.4758.80, chrome: {chromedriverVersion: 98.0.4758.80 (7f0488e8ba0d8..., userDataDir: /var/folders/cb/_cgn98l156b...}, goog:chromeOptions: {debuggerAddress: localhost:49384}, javascriptEnabled: true, networkConnectionEnabled: false, pageLoadStrategy: normal, platform: MAC, platformName: MAC, proxy: Proxy(), setWindowRect: true, strictFileInteractability: false, timeouts: {implicit: 0, pageLoad: 300000, script: 30000}, unhandledPromptBehavior: dismiss and notify, webauthn:extension:credBlob: true, webauthn:extension:largeBlob: true, webauthn:virtualAuthenticators: true}
Session ID: 131f4034a3cf7fb24c785b5c8b3866db
*** Element info: {Using=xpath, value=(//div[@class=' css-12q0e1x-control']//div[@Class=' css-gg2x63'])}
[2022-02-14 01:44:13] [Screenshot.java] [1] [ERROR] ExecutionException error detected on capture full screenshot!
[2022-02-14 01:44:13] [DriverListener.java] [1] [ERROR] no such window: target window already closed
from unknown error: web view not found
  (Session info: chrome=98.0.4758.80)
Build info: version: '3.141.59', revision: 'e82be7d358', time: '2018-11-14T08:17:03'
System info: host: 'solvds-MacBook-Pro.local', ip: 'fe80:0:0:0:14e8:c6a2:e487:315c%en0', os.name: 'Mac OS X', os.arch: 'x86_64', os.version: '11.1', java.version: '11.0.13'
Driver info: org.openqa.selenium.remote.RemoteWebDriver
Capabilities {acceptInsecureCerts: true, browserName: chrome, browserVersion: 98.0.4758.80, chrome: {chromedriverVersion: 98.0.4758.80 (7f0488e8ba0d8..., userDataDir: /var/folders/cb/_cgn98l156b...}, goog:chromeOptions: {debuggerAddress: localhost:49384}, javascriptEnabled: true, networkConnectionEnabled: false, pageLoadStrategy: normal, platform: MAC, platformName: MAC, proxy: Proxy(), setWindowRect: true, strictFileInteractability: false, timeouts: {implicit: 0, pageLoad: 300000, script: 30000}, unhandledPromptBehavior: dismiss and notify, webauthn:extension:credBlob: true, webauthn:extension:largeBlob: true, webauthn:virtualAuthenticators: true}
Session ID: 131f4034a3cf7fb24c785b5c8b3866db
*** Element info: {Using=xpath, value=(//div[@class=' css-12q0e1x-control']//div[@Class=' css-gg2x63'])}
[2022-02-14 01:44:13] [Screenshot.java] [1] [ERROR] ExecutionException error detected on capture full screenshot!
[2022-02-14 01:44:13] [DriverListener.java] [1] [ERROR] no such window: target window already closed
from unknown error: web view not found
  (Session info: chrome=98.0.4758.80)
Build info: version: '3.141.59', revision: 'e82be7d358', time: '2018-11-14T08:17:03'
System info: host: 'solvds-MacBook-Pro.local', ip: 'fe80:0:0:0:14e8:c6a2:e487:315c%en0', os.name: 'Mac OS X', os.arch: 'x86_64', os.version: '11.1', java.version: '11.0.13'
Driver info: org.openqa.selenium.remote.RemoteWebDriver
Capabilities {acceptInsecureCerts: true, browserName: chrome, browserVersion: 98.0.4758.80, chrome: {chromedriverVersion: 98.0.4758.80 (7f0488e8ba0d8..., userDataDir: /var/folders/cb/_cgn98l156b...}, goog:chromeOptions: {debuggerAddress: localhost:49384}, javascriptEnabled: true, networkConnectionEnabled: false, pageLoadStrategy: normal, platform: MAC, platformName: MAC, proxy: Proxy(), setWindowRect: true, strictFileInteractability: false, timeouts: {implicit: 0, pageLoad: 300000, script: 30000}, unhandledPromptBehavior: dismiss and notify, webauthn:extension:credBlob: true, webauthn:extension:largeBlob: true, webauthn:virtualAuthenticators: true}
Session ID: 131f4034a3cf7fb24c785b5c8b3866db
*** Element info: {Using=xpath, value=(//div[@class=' css-12q0e1x-control']//div[@Class=' css-gg2x63'])}
[2022-02-14 01:44:13] [Screenshot.java] [1] [ERROR] ExecutionException error detected on capture full screenshot!
[2022-02-14 01:44:13] [DriverListener.java] [1] [ERROR] no such window: target window already closed
from unknown error: web view not found
  (Session info: chrome=98.0.4758.80)
Build info: version: '3.141.59', revision: 'e82be7d358', time: '2018-11-14T08:17:03'
System info: host: 'solvds-MacBook-Pro.local', ip: 'fe80:0:0:0:14e8:c6a2:e487:315c%en0', os.name: 'Mac OS X', os.arch: 'x86_64', os.version: '11.1', java.version: '11.0.13'
Driver info: org.openqa.selenium.remote.RemoteWebDriver
Capabilities {acceptInsecureCerts: true, browserName: chrome, browserVersion: 98.0.4758.80, chrome: {chromedriverVersion: 98.0.4758.80 (7f0488e8ba0d8..., userDataDir: /var/folders/cb/_cgn98l156b...}, goog:chromeOptions: {debuggerAddress: localhost:49384}, javascriptEnabled: true, networkConnectionEnabled: false, pageLoadStrategy: normal, platform: MAC, platformName: MAC, proxy: Proxy(), setWindowRect: true, strictFileInteractability: false, timeouts: {implicit: 0, pageLoad: 300000, script: 30000}, unhandledPromptBehavior: dismiss and notify, webauthn:extension:credBlob: true, webauthn:extension:largeBlob: true, webauthn:virtualAuthenticators: true}
Session ID: 131f4034a3cf7fb24c785b5c8b3866db
*** Element info: {Using=xpath, value=(//div[@class=' css-12q0e1x-control']//div[@Class=' css-gg2x63'])}
[2022-02-14 01:44:13] [Screenshot.java] [1] [ERROR] ExecutionException error detected on capture full screenshot!
[2022-02-14 01:44:13] [DriverListener.java] [1] [ERROR] no such window: target window already closed
from unknown error: web view not found
  (Session info: chrome=98.0.4758.80)
Build info: version: '3.141.59', revision: 'e82be7d358', time: '2018-11-14T08:17:03'
System info: host: 'solvds-MacBook-Pro.local', ip: 'fe80:0:0:0:14e8:c6a2:e487:315c%en0', os.name: 'Mac OS X', os.arch: 'x86_64', os.version: '11.1', java.version: '11.0.13'
Driver info: org.openqa.selenium.remote.RemoteWebDriver
Capabilities {acceptInsecureCerts: true, browserName: chrome, browserVersion: 98.0.4758.80, chrome: {chromedriverVersion: 98.0.4758.80 (7f0488e8ba0d8..., userDataDir: /var/folders/cb/_cgn98l156b...}, goog:chromeOptions: {debuggerAddress: localhost:49384}, javascriptEnabled: true, networkConnectionEnabled: false, pageLoadStrategy: normal, platform: MAC, platformName: MAC, proxy: Proxy(), setWindowRect: true, strictFileInteractability: false, timeouts: {implicit: 0, pageLoad: 300000, script: 30000}, unhandledPromptBehavior: dismiss and notify, webauthn:extension:credBlob: true, webauthn:extension:largeBlob: true, webauthn:virtualAuthenticators: true}
Session ID: 131f4034a3cf7fb24c785b5c8b3866db
*** Element info: {Using=xpath, value=(//div[@class=' css-12q0e1x-control']//div[@Class=' css-gg2x63'])}
[2022-02-14 01:44:13] [Screenshot.java] [1] [ERROR] ExecutionException error detected on capture full screenshot!
[2022-02-14 01:44:13] [DriverListener.java] [1] [ERROR] no such window: target window already closed
from unknown error: web view not found
  (Session info: chrome=98.0.4758.80)
Build info: version: '3.141.59', revision: 'e82be7d358', time: '2018-11-14T08:17:03'
System info: host: 'solvds-MacBook-Pro.local', ip: 'fe80:0:0:0:14e8:c6a2:e487:315c%en0', os.name: 'Mac OS X', os.arch: 'x86_64', os.version: '11.1', java.version: '11.0.13'
Driver info: org.openqa.selenium.remote.RemoteWebDriver
Capabilities {acceptInsecureCerts: true, browserName: chrome, browserVersion: 98.0.4758.80, chrome: {chromedriverVersion: 98.0.4758.80 (7f0488e8ba0d8..., userDataDir: /var/folders/cb/_cgn98l156b...}, goog:chromeOptions: {debuggerAddress: localhost:49384}, javascriptEnabled: true, networkConnectionEnabled: false, pageLoadStrategy: normal, platform: MAC, platformName: MAC, proxy: Proxy(), setWindowRect: true, strictFileInteractability: false, timeouts: {implicit: 0, pageLoad: 300000, script: 30000}, unhandledPromptBehavior: dismiss and notify, webauthn:extension:credBlob: true, webauthn:extension:largeBlob: true, webauthn:virtualAuthenticators: true}
Session ID: 131f4034a3cf7fb24c785b5c8b3866db
*** Element info: {Using=xpath, value=(//div[@class=' css-12q0e1x-control']//div[@Class=' css-gg2x63'])}
[2022-02-14 01:44:13] [Screenshot.java] [1] [ERROR] ExecutionException error detected on capture full screenshot!
[2022-02-14 01:44:13] [DriverListener.java] [1] [ERROR] no such window: target window already closed
from unknown error: web view not found
  (Session info: chrome=98.0.4758.80)
Build info: version: '3.141.59', revision: 'e82be7d358', time: '2018-11-14T08:17:03'
System info: host: 'solvds-MacBook-Pro.local', ip: 'fe80:0:0:0:14e8:c6a2:e487:315c%en0', os.name: 'Mac OS X', os.arch: 'x86_64', os.version: '11.1', java.version: '11.0.13'
Driver info: org.openqa.selenium.remote.RemoteWebDriver
Capabilities {acceptInsecureCerts: true, browserName: chrome, browserVersion: 98.0.4758.80, chrome: {chromedriverVersion: 98.0.4758.80 (7f0488e8ba0d8..., userDataDir: /var/folders/cb/_cgn98l156b...}, goog:chromeOptions: {debuggerAddress: localhost:49384}, javascriptEnabled: true, networkConnectionEnabled: false, pageLoadStrategy: normal, platform: MAC, platformName: MAC, proxy: Proxy(), setWindowRect: true, strictFileInteractability: false, timeouts: {implicit: 0, pageLoad: 300000, script: 30000}, unhandledPromptBehavior: dismiss and notify, webauthn:extension:credBlob: true, webauthn:extension:largeBlob: true, webauthn:virtualAuthenticators: true}
Session ID: 131f4034a3cf7fb24c785b5c8b3866db
*** Element info: {Using=xpath, value=(//div[@class=' css-12q0e1x-control']//div[@Class=' css-gg2x63'])}
[2022-02-14 01:44:13] [Screenshot.java] [1] [ERROR] ExecutionException error detected on capture full screenshot!
[2022-02-14 01:44:13] [DriverListener.java] [1] [ERROR] no such window: target window already closed
from unknown error: web view not found
  (Session info: chrome=98.0.4758.80)
Build info: version: '3.141.59', revision: 'e82be7d358', time: '2018-11-14T08:17:03'
System info: host: 'solvds-MacBook-Pro.local', ip: 'fe80:0:0:0:14e8:c6a2:e487:315c%en0', os.name: 'Mac OS X', os.arch: 'x86_64', os.version: '11.1', java.version: '11.0.13'
Driver info: org.openqa.selenium.remote.RemoteWebDriver
Capabilities {acceptInsecureCerts: true, browserName: chrome, browserVersion: 98.0.4758.80, chrome: {chromedriverVersion: 98.0.4758.80 (7f0488e8ba0d8..., userDataDir: /var/folders/cb/_cgn98l156b...}, goog:chromeOptions: {debuggerAddress: localhost:49384}, javascriptEnabled: true, networkConnectionEnabled: false, pageLoadStrategy: normal, platform: MAC, platformName: MAC, proxy: Proxy(), setWindowRect: true, strictFileInteractability: false, timeouts: {implicit: 0, pageLoad: 300000, script: 30000}, unhandledPromptBehavior: dismiss and notify, webauthn:extension:credBlob: true, webauthn:extension:largeBlob: true, webauthn:virtualAuthenticators: true}
Session ID: 131f4034a3cf7fb24c785b5c8b3866db
*** Element info: {Using=xpath, value=(//div[@class=' css-12q0e1x-control']//div[@Class=' css-gg2x63'])}
[2022-02-14 01:44:13] [Screenshot.java] [1] [ERROR] ExecutionException error detected on capture full screenshot!
[2022-02-14 01:44:13] [DriverListener.java] [1] [ERROR] no such window: target window already closed
from unknown error: web view not found
  (Session info: chrome=98.0.4758.80)
Build info: version: '3.141.59', revision: 'e82be7d358', time: '2018-11-14T08:17:03'
System info: host: 'solvds-MacBook-Pro.local', ip: 'fe80:0:0:0:14e8:c6a2:e487:315c%en0', os.name: 'Mac OS X', os.arch: 'x86_64', os.version: '11.1', java.version: '11.0.13'
Driver info: org.openqa.selenium.remote.RemoteWebDriver
Capabilities {acceptInsecureCerts: true, browserName: chrome, browserVersion: 98.0.4758.80, chrome: {chromedriverVersion: 98.0.4758.80 (7f0488e8ba0d8..., userDataDir: /var/folders/cb/_cgn98l156b...}, goog:chromeOptions: {debuggerAddress: localhost:49384}, javascriptEnabled: true, networkConnectionEnabled: false, pageLoadStrategy: normal, platform: MAC, platformName: MAC, proxy: Proxy(), setWindowRect: true, strictFileInteractability: false, timeouts: {implicit: 0, pageLoad: 300000, script: 30000}, unhandledPromptBehavior: dismiss and notify, webauthn:extension:credBlob: true, webauthn:extension:largeBlob: true, webauthn:virtualAuthenticators: true}
Session ID: 131f4034a3cf7fb24c785b5c8b3866db
*** Element info: {Using=xpath, value=(//div[@class=' css-12q0e1x-control']//div[@Class=' css-gg2x63'])}
[2022-02-14 01:44:13] [Screenshot.java] [1] [ERROR] ExecutionException error detected on capture full screenshot!
[2022-02-14 01:44:13] [DriverListener.java] [1] [ERROR] no such window: target window already closed
from unknown error: web view not found
  (Session info: chrome=98.0.4758.80)
Build info: version: '3.141.59', revision: 'e82be7d358', time: '2018-11-14T08:17:03'
System info: host: 'solvds-MacBook-Pro.local', ip: 'fe80:0:0:0:14e8:c6a2:e487:315c%en0', os.name: 'Mac OS X', os.arch: 'x86_64', os.version: '11.1', java.version: '11.0.13'
Driver info: org.openqa.selenium.remote.RemoteWebDriver
Capabilities {acceptInsecureCerts: true, browserName: chrome, browserVersion: 98.0.4758.80, chrome: {chromedriverVersion: 98.0.4758.80 (7f0488e8ba0d8..., userDataDir: /var/folders/cb/_cgn98l156b...}, goog:chromeOptions: {debuggerAddress: localhost:49384}, javascriptEnabled: true, networkConnectionEnabled: false, pageLoadStrategy: normal, platform: MAC, platformName: MAC, proxy: Proxy(), setWindowRect: true, strictFileInteractability: false, timeouts: {implicit: 0, pageLoad: 300000, script: 30000}, unhandledPromptBehavior: dismiss and notify, webauthn:extension:credBlob: true, webauthn:extension:largeBlob: true, webauthn:virtualAuthenticators: true}
Session ID: 131f4034a3cf7fb24c785b5c8b3866db
*** Element info: {Using=xpath, value=(//div[@class=' css-12q0e1x-control']//div[@Class=' css-gg2x63'])}
[2022-02-14 01:44:13] [Screenshot.java] [1] [ERROR] ExecutionException error detected on capture full screenshot!
[2022-02-14 01:44:13] [DriverListener.java] [1] [ERROR] no such window: target window already closed
from unknown error: web view not found
  (Session info: chrome=98.0.4758.80)
Build info: version: '3.141.59', revision: 'e82be7d358', time: '2018-11-14T08:17:03'
System info: host: 'solvds-MacBook-Pro.local', ip: 'fe80:0:0:0:14e8:c6a2:e487:315c%en0', os.name: 'Mac OS X', os.arch: 'x86_64', os.version: '11.1', java.version: '11.0.13'
Driver info: org.openqa.selenium.remote.RemoteWebDriver
Capabilities {acceptInsecureCerts: true, browserName: chrome, browserVersion: 98.0.4758.80, chrome: {chromedriverVersion: 98.0.4758.80 (7f0488e8ba0d8..., userDataDir: /var/folders/cb/_cgn98l156b...}, goog:chromeOptions: {debuggerAddress: localhost:49384}, javascriptEnabled: true, networkConnectionEnabled: false, pageLoadStrategy: normal, platform: MAC, platformName: MAC, proxy: Proxy(), setWindowRect: true, strictFileInteractability: false, timeouts: {implicit: 0, pageLoad: 300000, script: 30000}, unhandledPromptBehavior: dismiss and notify, webauthn:extension:credBlob: true, webauthn:extension:largeBlob: true, webauthn:virtualAuthenticators: true}
Session ID: 131f4034a3cf7fb24c785b5c8b3866db
*** Element info: {Using=xpath, value=(//div[@class=' css-12q0e1x-control']//div[@Class=' css-gg2x63'])}
[2022-02-14 01:44:13] [Screenshot.java] [1] [ERROR] ExecutionException error detected on capture full screenshot!
[2022-02-14 01:44:13] [DriverListener.java] [1] [ERROR] no such window: target window already closed
from unknown error: web view not found
  (Session info: chrome=98.0.4758.80)
Build info: version: '3.141.59', revision: 'e82be7d358', time: '2018-11-14T08:17:03'
System info: host: 'solvds-MacBook-Pro.local', ip: 'fe80:0:0:0:14e8:c6a2:e487:315c%en0', os.name: 'Mac OS X', os.arch: 'x86_64', os.version: '11.1', java.version: '11.0.13'
Driver info: org.openqa.selenium.remote.RemoteWebDriver
Capabilities {acceptInsecureCerts: true, browserName: chrome, browserVersion: 98.0.4758.80, chrome: {chromedriverVersion: 98.0.4758.80 (7f0488e8ba0d8..., userDataDir: /var/folders/cb/_cgn98l156b...}, goog:chromeOptions: {debuggerAddress: localhost:49384}, javascriptEnabled: true, networkConnectionEnabled: false, pageLoadStrategy: normal, platform: MAC, platformName: MAC, proxy: Proxy(), setWindowRect: true, strictFileInteractability: false, timeouts: {implicit: 0, pageLoad: 300000, script: 30000}, unhandledPromptBehavior: dismiss and notify, webauthn:extension:credBlob: true, webauthn:extension:largeBlob: true, webauthn:virtualAuthenticators: true}
Session ID: 131f4034a3cf7fb24c785b5c8b3866db
*** Element info: {Using=xpath, value=(//div[@class=' css-12q0e1x-control']//div[@Class=' css-gg2x63'])}
[2022-02-14 01:44:13] [Screenshot.java] [1] [ERROR] ExecutionException error detected on capture full screenshot!
[2022-02-14 01:44:13] [DriverListener.java] [1] [ERROR] no such window: target window already closed
from unknown error: web view not found
  (Session info: chrome=98.0.4758.80)
Build info: version: '3.141.59', revision: 'e82be7d358', time: '2018-11-14T08:17:03'
System info: host: 'solvds-MacBook-Pro.local', ip: 'fe80:0:0:0:14e8:c6a2:e487:315c%en0', os.name: 'Mac OS X', os.arch: 'x86_64', os.version: '11.1', java.version: '11.0.13'
Driver info: org.openqa.selenium.remote.RemoteWebDriver
Capabilities {acceptInsecureCerts: true, browserName: chrome, browserVersion: 98.0.4758.80, chrome: {chromedriverVersion: 98.0.4758.80 (7f0488e8ba0d8..., userDataDir: /var/folders/cb/_cgn98l156b...}, goog:chromeOptions: {debuggerAddress: localhost:49384}, javascriptEnabled: true, networkConnectionEnabled: false, pageLoadStrategy: normal, platform: MAC, platformName: MAC, proxy: Proxy(), setWindowRect: true, strictFileInteractability: false, timeouts: {implicit: 0, pageLoad: 300000, script: 30000}, unhandledPromptBehavior: dismiss and notify, webauthn:extension:credBlob: true, webauthn:extension:largeBlob: true, webauthn:virtualAuthenticators: true}
Session ID: 131f4034a3cf7fb24c785b5c8b3866db
*** Element info: {Using=xpath, value=(//div[@class=' css-12q0e1x-control']//div[@Class=' css-gg2x63'])}
[2022-02-14 01:44:13] [Screenshot.java] [1] [ERROR] ExecutionException error detected on capture full screenshot!
[2022-02-14 01:44:13] [DriverListener.java] [1] [ERROR] no such window: target window already closed
from unknown error: web view not found
  (Session info: chrome=98.0.4758.80)
Build info: version: '3.141.59', revision: 'e82be7d358', time: '2018-11-14T08:17:03'
System info: host: 'solvds-MacBook-Pro.local', ip: 'fe80:0:0:0:14e8:c6a2:e487:315c%en0', os.name: 'Mac OS X', os.arch: 'x86_64', os.version: '11.1', java.version: '11.0.13'
Driver info: org.openqa.selenium.remote.RemoteWebDriver
Capabilities {acceptInsecureCerts: true, browserName: chrome, browserVersion: 98.0.4758.80, chrome: {chromedriverVersion: 98.0.4758.80 (7f0488e8ba0d8..., userDataDir: /var/folders/cb/_cgn98l156b...}, goog:chromeOptions: {debuggerAddress: localhost:49384}, javascriptEnabled: true, networkConnectionEnabled: false, pageLoadStrategy: normal, platform: MAC, platformName: MAC, proxy: Proxy(), setWindowRect: true, strictFileInteractability: false, timeouts: {implicit: 0, pageLoad: 300000, script: 30000}, unhandledPromptBehavior: dismiss and notify, webauthn:extension:credBlob: true, webauthn:extension:largeBlob: true, webauthn:virtualAuthenticators: true}
Session ID: 131f4034a3cf7fb24c785b5c8b3866db
*** Element info: {Using=xpath, value=(//div[@class=' css-12q0e1x-control']//div[@Class=' css-gg2x63'])}
[2022-02-14 01:44:13] [Screenshot.java] [1] [ERROR] ExecutionException error detected on capture full screenshot!
[2022-02-14 01:44:13] [DriverListener.java] [1] [ERROR] no such window: target window already closed
from unknown error: web view not found
  (Session info: chrome=98.0.4758.80)
Build info: version: '3.141.59', revision: 'e82be7d358', time: '2018-11-14T08:17:03'
System info: host: 'solvds-MacBook-Pro.local', ip: 'fe80:0:0:0:14e8:c6a2:e487:315c%en0', os.name: 'Mac OS X', os.arch: 'x86_64', os.version: '11.1', java.version: '11.0.13'
Driver info: org.openqa.selenium.remote.RemoteWebDriver
Capabilities {acceptInsecureCerts: true, browserName: chrome, browserVersion: 98.0.4758.80, chrome: {chromedriverVersion: 98.0.4758.80 (7f0488e8ba0d8..., userDataDir: /var/folders/cb/_cgn98l156b...}, goog:chromeOptions: {debuggerAddress: localhost:49384}, javascriptEnabled: true, networkConnectionEnabled: false, pageLoadStrategy: normal, platform: MAC, platformName: MAC, proxy: Proxy(), setWindowRect: true, strictFileInteractability: false, timeouts: {implicit: 0, pageLoad: 300000, script: 30000}, unhandledPromptBehavior: dismiss and notify, webauthn:extension:credBlob: true, webauthn:extension:largeBlob: true, webauthn:virtualAuthenticators: true}
Session ID: 131f4034a3cf7fb24c785b5c8b3866db
*** Element info: {Using=xpath, value=(//div[@class=' css-12q0e1x-control']//div[@Class=' css-gg2x63'])}
[2022-02-14 01:44:13] [Screenshot.java] [1] [ERROR] ExecutionException error detected on capture full screenshot!
[2022-02-14 01:44:13] [DriverListener.java] [1] [ERROR] no such window: target window already closed
from unknown error: web view not found
  (Session info: chrome=98.0.4758.80)
Build info: version: '3.141.59', revision: 'e82be7d358', time: '2018-11-14T08:17:03'
System info: host: 'solvds-MacBook-Pro.local', ip: 'fe80:0:0:0:14e8:c6a2:e487:315c%en0', os.name: 'Mac OS X', os.arch: 'x86_64', os.version: '11.1', java.version: '11.0.13'
Driver info: org.openqa.selenium.remote.RemoteWebDriver
Capabilities {acceptInsecureCerts: true, browserName: chrome, browserVersion: 98.0.4758.80, chrome: {chromedriverVersion: 98.0.4758.80 (7f0488e8ba0d8..., userDataDir: /var/folders/cb/_cgn98l156b...}, goog:chromeOptions: {debuggerAddress: localhost:49384}, javascriptEnabled: true, networkConnectionEnabled: false, pageLoadStrategy: normal, platform: MAC, platformName: MAC, proxy: Proxy(), setWindowRect: true, strictFileInteractability: false, timeouts: {implicit: 0, pageLoad: 300000, script: 30000}, unhandledPromptBehavior: dismiss and notify, webauthn:extension:credBlob: true, webauthn:extension:largeBlob: true, webauthn:virtualAuthenticators: true}
Session ID: 131f4034a3cf7fb24c785b5c8b3866db
*** Element info: {Using=xpath, value=(//div[@class=' css-12q0e1x-control']//div[@Class=' css-gg2x63'])}
[2022-02-14 01:44:13] [Screenshot.java] [1] [ERROR] ExecutionException error detected on capture full screenshot!
[2022-02-14 01:44:13] [DriverListener.java] [1] [ERROR] no such window: target window already closed
from unknown error: web view not found
  (Session info: chrome=98.0.4758.80)
Build info: version: '3.141.59', revision: 'e82be7d358', time: '2018-11-14T08:17:03'
System info: host: 'solvds-MacBook-Pro.local', ip: 'fe80:0:0:0:14e8:c6a2:e487:315c%en0', os.name: 'Mac OS X', os.arch: 'x86_64', os.version: '11.1', java.version: '11.0.13'
Driver info: org.openqa.selenium.remote.RemoteWebDriver
Capabilities {acceptInsecureCerts: true, browserName: chrome, browserVersion: 98.0.4758.80, chrome: {chromedriverVersion: 98.0.4758.80 (7f0488e8ba0d8..., userDataDir: /var/folders/cb/_cgn98l156b...}, goog:chromeOptions: {debuggerAddress: localhost:49384}, javascriptEnabled: true, networkConnectionEnabled: false, pageLoadStrategy: normal, platform: MAC, platformName: MAC, proxy: Proxy(), setWindowRect: true, strictFileInteractability: false, timeouts: {implicit: 0, pageLoad: 300000, script: 30000}, unhandledPromptBehavior: dismiss and notify, webauthn:extension:credBlob: true, webauthn:extension:largeBlob: true, webauthn:virtualAuthenticators: true}
Session ID: 131f4034a3cf7fb24c785b5c8b3866db
*** Element info: {Using=xpath, value=(//div[@class=' css-12q0e1x-control']//div[@Class=' css-gg2x63'])}
[2022-02-14 01:44:13] [Screenshot.java] [1] [ERROR] ExecutionException error detected on capture full screenshot!
[2022-02-14 01:44:13] [DriverListener.java] [1] [ERROR] no such window: target window already closed
from unknown error: web view not found
  (Session info: chrome=98.0.4758.80)
Build info: version: '3.141.59', revision: 'e82be7d358', time: '2018-11-14T08:17:03'
System info: host: 'solvds-MacBook-Pro.local', ip: 'fe80:0:0:0:14e8:c6a2:e487:315c%en0', os.name: 'Mac OS X', os.arch: 'x86_64', os.version: '11.1', java.version: '11.0.13'
Driver info: org.openqa.selenium.remote.RemoteWebDriver
Capabilities {acceptInsecureCerts: true, browserName: chrome, browserVersion: 98.0.4758.80, chrome: {chromedriverVersion: 98.0.4758.80 (7f0488e8ba0d8..., userDataDir: /var/folders/cb/_cgn98l156b...}, goog:chromeOptions: {debuggerAddress: localhost:49384}, javascriptEnabled: true, networkConnectionEnabled: false, pageLoadStrategy: normal, platform: MAC, platformName: MAC, proxy: Proxy(), setWindowRect: true, strictFileInteractability: false, timeouts: {implicit: 0, pageLoad: 300000, script: 30000}, unhandledPromptBehavior: dismiss and notify, webauthn:extension:credBlob: true, webauthn:extension:largeBlob: true, webauthn:virtualAuthenticators: true}
Session ID: 131f4034a3cf7fb24c785b5c8b3866db
*** Element info: {Using=xpath, value=(//div[@class=' css-12q0e1x-control']//div[@Class=' css-gg2x63'])}
[2022-02-14 01:44:13] [Screenshot.java] [1] [ERROR] ExecutionException error detected on capture full screenshot!
[2022-02-14 01:44:13] [DriverListener.java] [1] [ERROR] no such window: target window already closed
from unknown error: web view not found
  (Session info: chrome=98.0.4758.80)
Build info: version: '3.141.59', revision: 'e82be7d358', time: '2018-11-14T08:17:03'
System info: host: 'solvds-MacBook-Pro.local', ip: 'fe80:0:0:0:14e8:c6a2:e487:315c%en0', os.name: 'Mac OS X', os.arch: 'x86_64', os.version: '11.1', java.version: '11.0.13'
Driver info: org.openqa.selenium.remote.RemoteWebDriver
Capabilities {acceptInsecureCerts: true, browserName: chrome, browserVersion: 98.0.4758.80, chrome: {chromedriverVersion: 98.0.4758.80 (7f0488e8ba0d8..., userDataDir: /var/folders/cb/_cgn98l156b...}, goog:chromeOptions: {debuggerAddress: localhost:49384}, javascriptEnabled: true, networkConnectionEnabled: false, pageLoadStrategy: normal, platform: MAC, platformName: MAC, proxy: Proxy(), setWindowRect: true, strictFileInteractability: false, timeouts: {implicit: 0, pageLoad: 300000, script: 30000}, unhandledPromptBehavior: dismiss and notify, webauthn:extension:credBlob: true, webauthn:extension:largeBlob: true, webauthn:virtualAuthenticators: true}
Session ID: 131f4034a3cf7fb24c785b5c8b3866db
*** Element info: {Using=xpath, value=(//div[@class=' css-12q0e1x-control']//div[@Class=' css-gg2x63'])}
[2022-02-14 01:44:13] [Screenshot.java] [1] [ERROR] ExecutionException error detected on capture full screenshot!
[2022-02-14 01:44:13] [DriverListener.java] [1] [ERROR] no such window: target window already closed
from unknown error: web view not found
  (Session info: chrome=98.0.4758.80)
Build info: version: '3.141.59', revision: 'e82be7d358', time: '2018-11-14T08:17:03'
System info: host: 'solvds-MacBook-Pro.local', ip: 'fe80:0:0:0:14e8:c6a2:e487:315c%en0', os.name: 'Mac OS X', os.arch: 'x86_64', os.version: '11.1', java.version: '11.0.13'
Driver info: org.openqa.selenium.remote.RemoteWebDriver
Capabilities {acceptInsecureCerts: true, browserName: chrome, browserVersion: 98.0.4758.80, chrome: {chromedriverVersion: 98.0.4758.80 (7f0488e8ba0d8..., userDataDir: /var/folders/cb/_cgn98l156b...}, goog:chromeOptions: {debuggerAddress: localhost:49384}, javascriptEnabled: true, networkConnectionEnabled: false, pageLoadStrategy: normal, platform: MAC, platformName: MAC, proxy: Proxy(), setWindowRect: true, strictFileInteractability: false, timeouts: {implicit: 0, pageLoad: 300000, script: 30000}, unhandledPromptBehavior: dismiss and notify, webauthn:extension:credBlob: true, webauthn:extension:largeBlob: true, webauthn:virtualAuthenticators: true}
Session ID: 131f4034a3cf7fb24c785b5c8b3866db
*** Element info: {Using=xpath, value=(//div[@class=' css-12q0e1x-control']//div[@Class=' css-gg2x63'])}
[2022-02-14 01:44:13] [Screenshot.java] [1] [ERROR] ExecutionException error detected on capture full screenshot!
[2022-02-14 01:44:13] [DriverListener.java] [1] [ERROR] no such window: target window already closed
from unknown error: web view not found
  (Session info: chrome=98.0.4758.80)
Build info: version: '3.141.59', revision: 'e82be7d358', time: '2018-11-14T08:17:03'
System info: host: 'solvds-MacBook-Pro.local', ip: 'fe80:0:0:0:14e8:c6a2:e487:315c%en0', os.name: 'Mac OS X', os.arch: 'x86_64', os.version: '11.1', java.version: '11.0.13'
Driver info: org.openqa.selenium.remote.RemoteWebDriver
Capabilities {acceptInsecureCerts: true, browserName: chrome, browserVersion: 98.0.4758.80, chrome: {chromedriverVersion: 98.0.4758.80 (7f0488e8ba0d8..., userDataDir: /var/folders/cb/_cgn98l156b...}, goog:chromeOptions: {debuggerAddress: localhost:49384}, javascriptEnabled: true, networkConnectionEnabled: false, pageLoadStrategy: normal, platform: MAC, platformName: MAC, proxy: Proxy(), setWindowRect: true, strictFileInteractability: false, timeouts: {implicit: 0, pageLoad: 300000, script: 30000}, unhandledPromptBehavior: dismiss and notify, webauthn:extension:credBlob: true, webauthn:extension:largeBlob: true, webauthn:virtualAuthenticators: true}
Session ID: 131f4034a3cf7fb24c785b5c8b3866db
*** Element info: {Using=xpath, value=(//div[@class=' css-12q0e1x-control']//div[@Class=' css-gg2x63'])}
[2022-02-14 01:44:14] [Screenshot.java] [1] [ERROR] ExecutionException error detected on capture full screenshot!
[2022-02-14 01:44:14] [DriverListener.java] [1] [ERROR] no such window: target window already closed
from unknown error: web view not found
  (Session info: chrome=98.0.4758.80)
Build info: version: '3.141.59', revision: 'e82be7d358', time: '2018-11-14T08:17:03'
System info: host: 'solvds-MacBook-Pro.local', ip: 'fe80:0:0:0:14e8:c6a2:e487:315c%en0', os.name: 'Mac OS X', os.arch: 'x86_64', os.version: '11.1', java.version: '11.0.13'
Driver info: org.openqa.selenium.remote.RemoteWebDriver
Capabilities {acceptInsecureCerts: true, browserName: chrome, browserVersion: 98.0.4758.80, chrome: {chromedriverVersion: 98.0.4758.80 (7f0488e8ba0d8..., userDataDir: /var/folders/cb/_cgn98l156b...}, goog:chromeOptions: {debuggerAddress: localhost:49384}, javascriptEnabled: true, networkConnectionEnabled: false, pageLoadStrategy: normal, platform: MAC, platformName: MAC, proxy: Proxy(), setWindowRect: true, strictFileInteractability: false, timeouts: {implicit: 0, pageLoad: 300000, script: 30000}, unhandledPromptBehavior: dismiss and notify, webauthn:extension:credBlob: true, webauthn:extension:largeBlob: true, webauthn:virtualAuthenticators: true}
Session ID: 131f4034a3cf7fb24c785b5c8b3866db
*** Element info: {Using=xpath, value=(//div[@class=' css-12q0e1x-control']//div[@Class=' css-gg2x63'])}
[2022-02-14 01:44:14] [Screenshot.java] [1] [ERROR] ExecutionException error detected on capture full screenshot!
[2022-02-14 01:44:14] [DriverListener.java] [1] [ERROR] no such window: target window already closed
from unknown error: web view not found
  (Session info: chrome=98.0.4758.80)
Build info: version: '3.141.59', revision: 'e82be7d358', time: '2018-11-14T08:17:03'
System info: host: 'solvds-MacBook-Pro.local', ip: 'fe80:0:0:0:14e8:c6a2:e487:315c%en0', os.name: 'Mac OS X', os.arch: 'x86_64', os.version: '11.1', java.version: '11.0.13'
Driver info: org.openqa.selenium.remote.RemoteWebDriver
Capabilities {acceptInsecureCerts: true, browserName: chrome, browserVersion: 98.0.4758.80, chrome: {chromedriverVersion: 98.0.4758.80 (7f0488e8ba0d8..., userDataDir: /var/folders/cb/_cgn98l156b...}, goog:chromeOptions: {debuggerAddress: localhost:49384}, javascriptEnabled: true, networkConnectionEnabled: false, pageLoadStrategy: normal, platform: MAC, platformName: MAC, proxy: Proxy(), setWindowRect: true, strictFileInteractability: false, timeouts: {implicit: 0, pageLoad: 300000, script: 30000}, unhandledPromptBehavior: dismiss and notify, webauthn:extension:credBlob: true, webauthn:extension:largeBlob: true, webauthn:virtualAuthenticators: true}
Session ID: 131f4034a3cf7fb24c785b5c8b3866db
*** Element info: {Using=xpath, value=(//div[@class=' css-12q0e1x-control']//div[@Class=' css-gg2x63'])}
[2022-02-14 01:44:14] [Screenshot.java] [1] [ERROR] ExecutionException error detected on capture full screenshot!
[2022-02-14 01:44:14] [DriverListener.java] [1] [ERROR] no such window: target window already closed
from unknown error: web view not found
  (Session info: chrome=98.0.4758.80)
Build info: version: '3.141.59', revision: 'e82be7d358', time: '2018-11-14T08:17:03'
System info: host: 'solvds-MacBook-Pro.local', ip: 'fe80:0:0:0:14e8:c6a2:e487:315c%en0', os.name: 'Mac OS X', os.arch: 'x86_64', os.version: '11.1', java.version: '11.0.13'
Driver info: org.openqa.selenium.remote.RemoteWebDriver
Capabilities {acceptInsecureCerts: true, browserName: chrome, browserVersion: 98.0.4758.80, chrome: {chromedriverVersion: 98.0.4758.80 (7f0488e8ba0d8..., userDataDir: /var/folders/cb/_cgn98l156b...}, goog:chromeOptions: {debuggerAddress: localhost:49384}, javascriptEnabled: true, networkConnectionEnabled: false, pageLoadStrategy: normal, platform: MAC, platformName: MAC, proxy: Proxy(), setWindowRect: true, strictFileInteractability: false, timeouts: {implicit: 0, pageLoad: 300000, script: 30000}, unhandledPromptBehavior: dismiss and notify, webauthn:extension:credBlob: true, webauthn:extension:largeBlob: true, webauthn:virtualAuthenticators: true}
Session ID: 131f4034a3cf7fb24c785b5c8b3866db
*** Element info: {Using=xpath, value=(//div[@class=' css-12q0e1x-control']//div[@Class=' css-gg2x63'])}
[2022-02-14 01:44:14] [Screenshot.java] [1] [ERROR] ExecutionException error detected on capture full screenshot!
[2022-02-14 01:44:14] [DriverListener.java] [1] [ERROR] no such window: target window already closed
from unknown error: web view not found
  (Session info: chrome=98.0.4758.80)
Build info: version: '3.141.59', revision: 'e82be7d358', time: '2018-11-14T08:17:03'
System info: host: 'solvds-MacBook-Pro.local', ip: 'fe80:0:0:0:14e8:c6a2:e487:315c%en0', os.name: 'Mac OS X', os.arch: 'x86_64', os.version: '11.1', java.version: '11.0.13'
Driver info: org.openqa.selenium.remote.RemoteWebDriver
Capabilities {acceptInsecureCerts: true, browserName: chrome, browserVersion: 98.0.4758.80, chrome: {chromedriverVersion: 98.0.4758.80 (7f0488e8ba0d8..., userDataDir: /var/folders/cb/_cgn98l156b...}, goog:chromeOptions: {debuggerAddress: localhost:49384}, javascriptEnabled: true, networkConnectionEnabled: false, pageLoadStrategy: normal, platform: MAC, platformName: MAC, proxy: Proxy(), setWindowRect: true, strictFileInteractability: false, timeouts: {implicit: 0, pageLoad: 300000, script: 30000}, unhandledPromptBehavior: dismiss and notify, webauthn:extension:credBlob: true, webauthn:extension:largeBlob: true, webauthn:virtualAuthenticators: true}
Session ID: 131f4034a3cf7fb24c785b5c8b3866db
*** Element info: {Using=xpath, value=(//div[@class=' css-12q0e1x-control']//div[@Class=' css-gg2x63'])}
[2022-02-14 01:44:14] [Screenshot.java] [1] [ERROR] ExecutionException error detected on capture full screenshot!
[2022-02-14 01:44:14] [DriverListener.java] [1] [ERROR] no such window: target window already closed
from unknown error: web view not found
  (Session info: chrome=98.0.4758.80)
Build info: version: '3.141.59', revision: 'e82be7d358', time: '2018-11-14T08:17:03'
System info: host: 'solvds-MacBook-Pro.local', ip: 'fe80:0:0:0:14e8:c6a2:e487:315c%en0', os.name: 'Mac OS X', os.arch: 'x86_64', os.version: '11.1', java.version: '11.0.13'
Driver info: org.openqa.selenium.remote.RemoteWebDriver
Capabilities {acceptInsecureCerts: true, browserName: chrome, browserVersion: 98.0.4758.80, chrome: {chromedriverVersion: 98.0.4758.80 (7f0488e8ba0d8..., userDataDir: /var/folders/cb/_cgn98l156b...}, goog:chromeOptions: {debuggerAddress: localhost:49384}, javascriptEnabled: true, networkConnectionEnabled: false, pageLoadStrategy: normal, platform: MAC, platformName: MAC, proxy: Proxy(), setWindowRect: true, strictFileInteractability: false, timeouts: {implicit: 0, pageLoad: 300000, script: 30000}, unhandledPromptBehavior: dismiss and notify, webauthn:extension:credBlob: true, webauthn:extension:largeBlob: true, webauthn:virtualAuthenticators: true}
Session ID: 131f4034a3cf7fb24c785b5c8b3866db
*** Element info: {Using=xpath, value=(//div[@class=' css-12q0e1x-control']//div[@Class=' css-gg2x63'])}
[2022-02-14 01:44:14] [Screenshot.java] [1] [ERROR] ExecutionException error detected on capture full screenshot!
[2022-02-14 01:44:14] [DriverListener.java] [1] [ERROR] no such window: target window already closed
from unknown error: web view not found
  (Session info: chrome=98.0.4758.80)
Build info: version: '3.141.59', revision: 'e82be7d358', time: '2018-11-14T08:17:03'
System info: host: 'solvds-MacBook-Pro.local', ip: 'fe80:0:0:0:14e8:c6a2:e487:315c%en0', os.name: 'Mac OS X', os.arch: 'x86_64', os.version: '11.1', java.version: '11.0.13'
Driver info: org.openqa.selenium.remote.RemoteWebDriver
Capabilities {acceptInsecureCerts: true, browserName: chrome, browserVersion: 98.0.4758.80, chrome: {chromedriverVersion: 98.0.4758.80 (7f0488e8ba0d8..., userDataDir: /var/folders/cb/_cgn98l156b...}, goog:chromeOptions: {debuggerAddress: localhost:49384}, javascriptEnabled: true, networkConnectionEnabled: false, pageLoadStrategy: normal, platform: MAC, platformName: MAC, proxy: Proxy(), setWindowRect: true, strictFileInteractability: false, timeouts: {implicit: 0, pageLoad: 300000, script: 30000}, unhandledPromptBehavior: dismiss and notify, webauthn:extension:credBlob: true, webauthn:extension:largeBlob: true, webauthn:virtualAuthenticators: true}
Session ID: 131f4034a3cf7fb24c785b5c8b3866db
*** Element info: {Using=xpath, value=(//div[@class=' css-12q0e1x-control']//div[@Class=' css-gg2x63'])}
[2022-02-14 01:44:14] [Screenshot.java] [1] [ERROR] ExecutionException error detected on capture full screenshot!
[2022-02-14 01:44:14] [DriverListener.java] [1] [ERROR] no such window: target window already closed
from unknown error: web view not found
  (Session info: chrome=98.0.4758.80)
Build info: version: '3.141.59', revision: 'e82be7d358', time: '2018-11-14T08:17:03'
System info: host: 'solvds-MacBook-Pro.local', ip: 'fe80:0:0:0:14e8:c6a2:e487:315c%en0', os.name: 'Mac OS X', os.arch: 'x86_64', os.version: '11.1', java.version: '11.0.13'
Driver info: org.openqa.selenium.remote.RemoteWebDriver
Capabilities {acceptInsecureCerts: true, browserName: chrome, browserVersion: 98.0.4758.80, chrome: {chromedriverVersion: 98.0.4758.80 (7f0488e8ba0d8..., userDataDir: /var/folders/cb/_cgn98l156b...}, goog:chromeOptions: {debuggerAddress: localhost:49384}, javascriptEnabled: true, networkConnectionEnabled: false, pageLoadStrategy: normal, platform: MAC, platformName: MAC, proxy: Proxy(), setWindowRect: true, strictFileInteractability: false, timeouts: {implicit: 0, pageLoad: 300000, script: 30000}, unhandledPromptBehavior: dismiss and notify, webauthn:extension:credBlob: true, webauthn:extension:largeBlob: true, webauthn:virtualAuthenticators: true}
Session ID: 131f4034a3cf7fb24c785b5c8b3866db
*** Element info: {Using=xpath, value=(//div[@class=' css-12q0e1x-control']//div[@Class=' css-gg2x63'])}
[2022-02-14 01:44:14] [Screenshot.java] [1] [ERROR] ExecutionException error detected on capture full screenshot!
[2022-02-14 01:44:14] [DriverListener.java] [1] [ERROR] no such window: target window already closed
from unknown error: web view not found
  (Session info: chrome=98.0.4758.80)
Build info: version: '3.141.59', revision: 'e82be7d358', time: '2018-11-14T08:17:03'
System info: host: 'solvds-MacBook-Pro.local', ip: 'fe80:0:0:0:14e8:c6a2:e487:315c%en0', os.name: 'Mac OS X', os.arch: 'x86_64', os.version: '11.1', java.version: '11.0.13'
Driver info: org.openqa.selenium.remote.RemoteWebDriver
Capabilities {acceptInsecureCerts: true, browserName: chrome, browserVersion: 98.0.4758.80, chrome: {chromedriverVersion: 98.0.4758.80 (7f0488e8ba0d8..., userDataDir: /var/folders/cb/_cgn98l156b...}, goog:chromeOptions: {debuggerAddress: localhost:49384}, javascriptEnabled: true, networkConnectionEnabled: false, pageLoadStrategy: normal, platform: MAC, platformName: MAC, proxy: Proxy(), setWindowRect: true, strictFileInteractability: false, timeouts: {implicit: 0, pageLoad: 300000, script: 30000}, unhandledPromptBehavior: dismiss and notify, webauthn:extension:credBlob: true, webauthn:extension:largeBlob: true, webauthn:virtualAuthenticators: true}
Session ID: 131f4034a3cf7fb24c785b5c8b3866db
*** Element info: {Using=xpath, value=(//div[@class=' css-12q0e1x-control']//div[@Class=' css-gg2x63'])}
[2022-02-14 01:44:14] [Screenshot.java] [1] [ERROR] ExecutionException error detected on capture full screenshot!
[2022-02-14 01:44:14] [DriverListener.java] [1] [ERROR] no such window: target window already closed
from unknown error: web view not found
  (Session info: chrome=98.0.4758.80)
Build info: version: '3.141.59', revision: 'e82be7d358', time: '2018-11-14T08:17:03'
System info: host: 'solvds-MacBook-Pro.local', ip: 'fe80:0:0:0:14e8:c6a2:e487:315c%en0', os.name: 'Mac OS X', os.arch: 'x86_64', os.version: '11.1', java.version: '11.0.13'
Driver info: org.openqa.selenium.remote.RemoteWebDriver
Capabilities {acceptInsecureCerts: true, browserName: chrome, browserVersion: 98.0.4758.80, chrome: {chromedriverVersion: 98.0.4758.80 (7f0488e8ba0d8..., userDataDir: /var/folders/cb/_cgn98l156b...}, goog:chromeOptions: {debuggerAddress: localhost:49384}, javascriptEnabled: true, networkConnectionEnabled: false, pageLoadStrategy: normal, platform: MAC, platformName: MAC, proxy: Proxy(), setWindowRect: true, strictFileInteractability: false, timeouts: {implicit: 0, pageLoad: 300000, script: 30000}, unhandledPromptBehavior: dismiss and notify, webauthn:extension:credBlob: true, webauthn:extension:largeBlob: true, webauthn:virtualAuthenticators: true}
Session ID: 131f4034a3cf7fb24c785b5c8b3866db
*** Element info: {Using=xpath, value=(//div[@class=' css-12q0e1x-control']//div[@Class=' css-gg2x63'])}
[2022-02-14 01:44:14] [Screenshot.java] [1] [ERROR] ExecutionException error detected on capture full screenshot!
[2022-02-14 01:44:14] [DriverListener.java] [1] [ERROR] no such window: target window already closed
from unknown error: web view not found
  (Session info: chrome=98.0.4758.80)
Build info: version: '3.141.59', revision: 'e82be7d358', time: '2018-11-14T08:17:03'
System info: host: 'solvds-MacBook-Pro.local', ip: 'fe80:0:0:0:14e8:c6a2:e487:315c%en0', os.name: 'Mac OS X', os.arch: 'x86_64', os.version: '11.1', java.version: '11.0.13'
Driver info: org.openqa.selenium.remote.RemoteWebDriver
Capabilities {acceptInsecureCerts: true, browserName: chrome, browserVersion: 98.0.4758.80, chrome: {chromedriverVersion: 98.0.4758.80 (7f0488e8ba0d8..., userDataDir: /var/folders/cb/_cgn98l156b...}, goog:chromeOptions: {debuggerAddress: localhost:49384}, javascriptEnabled: true, networkConnectionEnabled: false, pageLoadStrategy: normal, platform: MAC, platformName: MAC, proxy: Proxy(), setWindowRect: true, strictFileInteractability: false, timeouts: {implicit: 0, pageLoad: 300000, script: 30000}, unhandledPromptBehavior: dismiss and notify, webauthn:extension:credBlob: true, webauthn:extension:largeBlob: true, webauthn:virtualAuthenticators: true}
Session ID: 131f4034a3cf7fb24c785b5c8b3866db
*** Element info: {Using=xpath, value=(//div[@class=' css-12q0e1x-control']//div[@Class=' css-gg2x63'])}
[2022-02-14 01:44:14] [Screenshot.java] [1] [ERROR] ExecutionException error detected on capture full screenshot!
[2022-02-14 01:44:14] [DriverListener.java] [1] [ERROR] no such window: target window already closed
from unknown error: web view not found
  (Session info: chrome=98.0.4758.80)
Build info: version: '3.141.59', revision: 'e82be7d358', time: '2018-11-14T08:17:03'
System info: host: 'solvds-MacBook-Pro.local', ip: 'fe80:0:0:0:14e8:c6a2:e487:315c%en0', os.name: 'Mac OS X', os.arch: 'x86_64', os.version: '11.1', java.version: '11.0.13'
Driver info: org.openqa.selenium.remote.RemoteWebDriver
Capabilities {acceptInsecureCerts: true, browserName: chrome, browserVersion: 98.0.4758.80, chrome: {chromedriverVersion: 98.0.4758.80 (7f0488e8ba0d8..., userDataDir: /var/folders/cb/_cgn98l156b...}, goog:chromeOptions: {debuggerAddress: localhost:49384}, javascriptEnabled: true, networkConnectionEnabled: false, pageLoadStrategy: normal, platform: MAC, platformName: MAC, proxy: Proxy(), setWindowRect: true, strictFileInteractability: false, timeouts: {implicit: 0, pageLoad: 300000, script: 30000}, unhandledPromptBehavior: dismiss and notify, webauthn:extension:credBlob: true, webauthn:extension:largeBlob: true, webauthn:virtualAuthenticators: true}
Session ID: 131f4034a3cf7fb24c785b5c8b3866db
*** Element info: {Using=xpath, value=(//div[@class=' css-12q0e1x-control']//div[@Class=' css-gg2x63'])}
[2022-02-14 01:44:14] [Screenshot.java] [1] [ERROR] ExecutionException error detected on capture full screenshot!
[2022-02-14 01:44:14] [DriverListener.java] [1] [ERROR] no such window: target window already closed
from unknown error: web view not found
  (Session info: chrome=98.0.4758.80)
Build info: version: '3.141.59', revision: 'e82be7d358', time: '2018-11-14T08:17:03'
System info: host: 'solvds-MacBook-Pro.local', ip: 'fe80:0:0:0:14e8:c6a2:e487:315c%en0', os.name: 'Mac OS X', os.arch: 'x86_64', os.version: '11.1', java.version: '11.0.13'
Driver info: org.openqa.selenium.remote.RemoteWebDriver
Capabilities {acceptInsecureCerts: true, browserName: chrome, browserVersion: 98.0.4758.80, chrome: {chromedriverVersion: 98.0.4758.80 (7f0488e8ba0d8..., userDataDir: /var/folders/cb/_cgn98l156b...}, goog:chromeOptions: {debuggerAddress: localhost:49384}, javascriptEnabled: true, networkConnectionEnabled: false, pageLoadStrategy: normal, platform: MAC, platformName: MAC, proxy: Proxy(), setWindowRect: true, strictFileInteractability: false, timeouts: {implicit: 0, pageLoad: 300000, script: 30000}, unhandledPromptBehavior: dismiss and notify, webauthn:extension:credBlob: true, webauthn:extension:largeBlob: true, webauthn:virtualAuthenticators: true}
Session ID: 131f4034a3cf7fb24c785b5c8b3866db
*** Element info: {Using=xpath, value=(//div[@class=' css-12q0e1x-control']//div[@Class=' css-gg2x63'])}
[2022-02-14 01:44:14] [Screenshot.java] [1] [ERROR] ExecutionException error detected on capture full screenshot!
[2022-02-14 01:44:14] [DriverListener.java] [1] [ERROR] no such window: target window already closed
from unknown error: web view not found
  (Session info: chrome=98.0.4758.80)
Build info: version: '3.141.59', revision: 'e82be7d358', time: '2018-11-14T08:17:03'
System info: host: 'solvds-MacBook-Pro.local', ip: 'fe80:0:0:0:14e8:c6a2:e487:315c%en0', os.name: 'Mac OS X', os.arch: 'x86_64', os.version: '11.1', java.version: '11.0.13'
Driver info: org.openqa.selenium.remote.RemoteWebDriver
Capabilities {acceptInsecureCerts: true, browserName: chrome, browserVersion: 98.0.4758.80, chrome: {chromedriverVersion: 98.0.4758.80 (7f0488e8ba0d8..., userDataDir: /var/folders/cb/_cgn98l156b...}, goog:chromeOptions: {debuggerAddress: localhost:49384}, javascriptEnabled: true, networkConnectionEnabled: false, pageLoadStrategy: normal, platform: MAC, platformName: MAC, proxy: Proxy(), setWindowRect: true, strictFileInteractability: false, timeouts: {implicit: 0, pageLoad: 300000, script: 30000}, unhandledPromptBehavior: dismiss and notify, webauthn:extension:credBlob: true, webauthn:extension:largeBlob: true, webauthn:virtualAuthenticators: true}
Session ID: 131f4034a3cf7fb24c785b5c8b3866db
*** Element info: {Using=xpath, value=(//div[@class=' css-12q0e1x-control']//div[@Class=' css-gg2x63'])}
[2022-02-14 01:44:14] [Screenshot.java] [1] [ERROR] ExecutionException error detected on capture full screenshot!
[2022-02-14 01:44:14] [DriverListener.java] [1] [ERROR] no such window: target window already closed
from unknown error: web view not found
  (Session info: chrome=98.0.4758.80)
Build info: version: '3.141.59', revision: 'e82be7d358', time: '2018-11-14T08:17:03'
System info: host: 'solvds-MacBook-Pro.local', ip: 'fe80:0:0:0:14e8:c6a2:e487:315c%en0', os.name: 'Mac OS X', os.arch: 'x86_64', os.version: '11.1', java.version: '11.0.13'
Driver info: org.openqa.selenium.remote.RemoteWebDriver
Capabilities {acceptInsecureCerts: true, browserName: chrome, browserVersion: 98.0.4758.80, chrome: {chromedriverVersion: 98.0.4758.80 (7f0488e8ba0d8..., userDataDir: /var/folders/cb/_cgn98l156b...}, goog:chromeOptions: {debuggerAddress: localhost:49384}, javascriptEnabled: true, networkConnectionEnabled: false, pageLoadStrategy: normal, platform: MAC, platformName: MAC, proxy: Proxy(), setWindowRect: true, strictFileInteractability: false, timeouts: {implicit: 0, pageLoad: 300000, script: 30000}, unhandledPromptBehavior: dismiss and notify, webauthn:extension:credBlob: true, webauthn:extension:largeBlob: true, webauthn:virtualAuthenticators: true}
Session ID: 131f4034a3cf7fb24c785b5c8b3866db
*** Element info: {Using=xpath, value=(//div[@class=' css-12q0e1x-control']//div[@Class=' css-gg2x63'])}
[2022-02-14 01:44:14] [Screenshot.java] [1] [ERROR] ExecutionException error detected on capture full screenshot!
[2022-02-14 01:44:14] [DriverListener.java] [1] [ERROR] no such window: target window already closed
from unknown error: web view not found
  (Session info: chrome=98.0.4758.80)
Build info: version: '3.141.59', revision: 'e82be7d358', time: '2018-11-14T08:17:03'
System info: host: 'solvds-MacBook-Pro.local', ip: 'fe80:0:0:0:14e8:c6a2:e487:315c%en0', os.name: 'Mac OS X', os.arch: 'x86_64', os.version: '11.1', java.version: '11.0.13'
Driver info: org.openqa.selenium.remote.RemoteWebDriver
Capabilities {acceptInsecureCerts: true, browserName: chrome, browserVersion: 98.0.4758.80, chrome: {chromedriverVersion: 98.0.4758.80 (7f0488e8ba0d8..., userDataDir: /var/folders/cb/_cgn98l156b...}, goog:chromeOptions: {debuggerAddress: localhost:49384}, javascriptEnabled: true, networkConnectionEnabled: false, pageLoadStrategy: normal, platform: MAC, platformName: MAC, proxy: Proxy(), setWindowRect: true, strictFileInteractability: false, timeouts: {implicit: 0, pageLoad: 300000, script: 30000}, unhandledPromptBehavior: dismiss and notify, webauthn:extension:credBlob: true, webauthn:extension:largeBlob: true, webauthn:virtualAuthenticators: true}
Session ID: 131f4034a3cf7fb24c785b5c8b3866db
*** Element info: {Using=xpath, value=(//div[@class=' css-12q0e1x-control']//div[@Class=' css-gg2x63'])}
[2022-02-14 01:44:14] [Screenshot.java] [1] [ERROR] ExecutionException error detected on capture full screenshot!
[2022-02-14 01:44:14] [DriverListener.java] [1] [ERROR] no such window: target window already closed
from unknown error: web view not found
  (Session info: chrome=98.0.4758.80)
Build info: version: '3.141.59', revision: 'e82be7d358', time: '2018-11-14T08:17:03'
System info: host: 'solvds-MacBook-Pro.local', ip: 'fe80:0:0:0:14e8:c6a2:e487:315c%en0', os.name: 'Mac OS X', os.arch: 'x86_64', os.version: '11.1', java.version: '11.0.13'
Driver info: org.openqa.selenium.remote.RemoteWebDriver
Capabilities {acceptInsecureCerts: true, browserName: chrome, browserVersion: 98.0.4758.80, chrome: {chromedriverVersion: 98.0.4758.80 (7f0488e8ba0d8..., userDataDir: /var/folders/cb/_cgn98l156b...}, goog:chromeOptions: {debuggerAddress: localhost:49384}, javascriptEnabled: true, networkConnectionEnabled: false, pageLoadStrategy: normal, platform: MAC, platformName: MAC, proxy: Proxy(), setWindowRect: true, strictFileInteractability: false, timeouts: {implicit: 0, pageLoad: 300000, script: 30000}, unhandledPromptBehavior: dismiss and notify, webauthn:extension:credBlob: true, webauthn:extension:largeBlob: true, webauthn:virtualAuthenticators: true}
Session ID: 131f4034a3cf7fb24c785b5c8b3866db
*** Element info: {Using=xpath, value=(//div[@class=' css-12q0e1x-control']//div[@Class=' css-gg2x63'])}
[2022-02-14 01:44:14] [Screenshot.java] [1] [ERROR] ExecutionException error detected on capture full screenshot!
[2022-02-14 01:44:14] [DriverListener.java] [1] [ERROR] no such window: target window already closed
from unknown error: web view not found
  (Session info: chrome=98.0.4758.80)
Build info: version: '3.141.59', revision: 'e82be7d358', time: '2018-11-14T08:17:03'
System info: host: 'solvds-MacBook-Pro.local', ip: 'fe80:0:0:0:14e8:c6a2:e487:315c%en0', os.name: 'Mac OS X', os.arch: 'x86_64', os.version: '11.1', java.version: '11.0.13'
Driver info: org.openqa.selenium.remote.RemoteWebDriver
Capabilities {acceptInsecureCerts: true, browserName: chrome, browserVersion: 98.0.4758.80, chrome: {chromedriverVersion: 98.0.4758.80 (7f0488e8ba0d8..., userDataDir: /var/folders/cb/_cgn98l156b...}, goog:chromeOptions: {debuggerAddress: localhost:49384}, javascriptEnabled: true, networkConnectionEnabled: false, pageLoadStrategy: normal, platform: MAC, platformName: MAC, proxy: Proxy(), setWindowRect: true, strictFileInteractability: false, timeouts: {implicit: 0, pageLoad: 300000, script: 30000}, unhandledPromptBehavior: dismiss and notify, webauthn:extension:credBlob: true, webauthn:extension:largeBlob: true, webauthn:virtualAuthenticators: true}
Session ID: 131f4034a3cf7fb24c785b5c8b3866db
*** Element info: {Using=xpath, value=(//div[@class=' css-12q0e1x-control']//div[@Class=' css-gg2x63'])}
[2022-02-14 01:44:14] [Screenshot.java] [1] [ERROR] ExecutionException error detected on capture full screenshot!
[2022-02-14 01:44:14] [DriverListener.java] [1] [ERROR] no such window: target window already closed
from unknown error: web view not found
  (Session info: chrome=98.0.4758.80)
Build info: version: '3.141.59', revision: 'e82be7d358', time: '2018-11-14T08:17:03'
System info: host: 'solvds-MacBook-Pro.local', ip: 'fe80:0:0:0:14e8:c6a2:e487:315c%en0', os.name: 'Mac OS X', os.arch: 'x86_64', os.version: '11.1', java.version: '11.0.13'
Driver info: org.openqa.selenium.remote.RemoteWebDriver
Capabilities {acceptInsecureCerts: true, browserName: chrome, browserVersion: 98.0.4758.80, chrome: {chromedriverVersion: 98.0.4758.80 (7f0488e8ba0d8..., userDataDir: /var/folders/cb/_cgn98l156b...}, goog:chromeOptions: {debuggerAddress: localhost:49384}, javascriptEnabled: true, networkConnectionEnabled: false, pageLoadStrategy: normal, platform: MAC, platformName: MAC, proxy: Proxy(), setWindowRect: true, strictFileInteractability: false, timeouts: {implicit: 0, pageLoad: 300000, script: 30000}, unhandledPromptBehavior: dismiss and notify, webauthn:extension:credBlob: true, webauthn:extension:largeBlob: true, webauthn:virtualAuthenticators: true}
Session ID: 131f4034a3cf7fb24c785b5c8b3866db
*** Element info: {Using=xpath, value=(//div[@class=' css-12q0e1x-control']//div[@Class=' css-gg2x63'])}
[2022-02-14 01:44:14] [Screenshot.java] [1] [ERROR] ExecutionException error detected on capture full screenshot!
[2022-02-14 01:44:14] [DriverListener.java] [1] [ERROR] no such window: target window already closed
from unknown error: web view not found
  (Session info: chrome=98.0.4758.80)
Build info: version: '3.141.59', revision: 'e82be7d358', time: '2018-11-14T08:17:03'
System info: host: 'solvds-MacBook-Pro.local', ip: 'fe80:0:0:0:14e8:c6a2:e487:315c%en0', os.name: 'Mac OS X', os.arch: 'x86_64', os.version: '11.1', java.version: '11.0.13'
Driver info: org.openqa.selenium.remote.RemoteWebDriver
Capabilities {acceptInsecureCerts: true, browserName: chrome, browserVersion: 98.0.4758.80, chrome: {chromedriverVersion: 98.0.4758.80 (7f0488e8ba0d8..., userDataDir: /var/folders/cb/_cgn98l156b...}, goog:chromeOptions: {debuggerAddress: localhost:49384}, javascriptEnabled: true, networkConnectionEnabled: false, pageLoadStrategy: normal, platform: MAC, platformName: MAC, proxy: Proxy(), setWindowRect: true, strictFileInteractability: false, timeouts: {implicit: 0, pageLoad: 300000, script: 30000}, unhandledPromptBehavior: dismiss and notify, webauthn:extension:credBlob: true, webauthn:extension:largeBlob: true, webauthn:virtualAuthenticators: true}
Session ID: 131f4034a3cf7fb24c785b5c8b3866db
*** Element info: {Using=xpath, value=(//div[@class=' css-12q0e1x-control']//div[@Class=' css-gg2x63'])}
[2022-02-14 01:44:14] [Screenshot.java] [1] [ERROR] ExecutionException error detected on capture full screenshot!
[2022-02-14 01:44:14] [DriverListener.java] [1] [ERROR] no such window: target window already closed
from unknown error: web view not found
  (Session info: chrome=98.0.4758.80)
Build info: version: '3.141.59', revision: 'e82be7d358', time: '2018-11-14T08:17:03'
System info: host: 'solvds-MacBook-Pro.local', ip: 'fe80:0:0:0:14e8:c6a2:e487:315c%en0', os.name: 'Mac OS X', os.arch: 'x86_64', os.version: '11.1', java.version: '11.0.13'
Driver info: org.openqa.selenium.remote.RemoteWebDriver
Capabilities {acceptInsecureCerts: true, browserName: chrome, browserVersion: 98.0.4758.80, chrome: {chromedriverVersion: 98.0.4758.80 (7f0488e8ba0d8..., userDataDir: /var/folders/cb/_cgn98l156b...}, goog:chromeOptions: {debuggerAddress: localhost:49384}, javascriptEnabled: true, networkConnectionEnabled: false, pageLoadStrategy: normal, platform: MAC, platformName: MAC, proxy: Proxy(), setWindowRect: true, strictFileInteractability: false, timeouts: {implicit: 0, pageLoad: 300000, script: 30000}, unhandledPromptBehavior: dismiss and notify, webauthn:extension:credBlob: true, webauthn:extension:largeBlob: true, webauthn:virtualAuthenticators: true}
Session ID: 131f4034a3cf7fb24c785b5c8b3866db
*** Element info: {Using=xpath, value=(//div[@class=' css-12q0e1x-control']//div[@Class=' css-gg2x63'])}
[2022-02-14 01:44:14] [Screenshot.java] [1] [ERROR] ExecutionException error detected on capture full screenshot!
[2022-02-14 01:44:14] [DriverListener.java] [1] [ERROR] no such window: target window already closed
from unknown error: web view not found
  (Session info: chrome=98.0.4758.80)
Build info: version: '3.141.59', revision: 'e82be7d358', time: '2018-11-14T08:17:03'
System info: host: 'solvds-MacBook-Pro.local', ip: 'fe80:0:0:0:14e8:c6a2:e487:315c%en0', os.name: 'Mac OS X', os.arch: 'x86_64', os.version: '11.1', java.version: '11.0.13'
Driver info: org.openqa.selenium.remote.RemoteWebDriver
Capabilities {acceptInsecureCerts: true, browserName: chrome, browserVersion: 98.0.4758.80, chrome: {chromedriverVersion: 98.0.4758.80 (7f0488e8ba0d8..., userDataDir: /var/folders/cb/_cgn98l156b...}, goog:chromeOptions: {debuggerAddress: localhost:49384}, javascriptEnabled: true, networkConnectionEnabled: false, pageLoadStrategy: normal, platform: MAC, platformName: MAC, proxy: Proxy(), setWindowRect: true, strictFileInteractability: false, timeouts: {implicit: 0, pageLoad: 300000, script: 30000}, unhandledPromptBehavior: dismiss and notify, webauthn:extension:credBlob: true, webauthn:extension:largeBlob: true, webauthn:virtualAuthenticators: true}
Session ID: 131f4034a3cf7fb24c785b5c8b3866db
*** Element info: {Using=xpath, value=(//div[@class=' css-12q0e1x-control']//div[@Class=' css-gg2x63'])}
[2022-02-14 01:44:14] [Screenshot.java] [1] [ERROR] ExecutionException error detected on capture full screenshot!
[2022-02-14 01:44:14] [DriverListener.java] [1] [ERROR] no such window: target window already closed
from unknown error: web view not found
  (Session info: chrome=98.0.4758.80)
Build info: version: '3.141.59', revision: 'e82be7d358', time: '2018-11-14T08:17:03'
System info: host: 'solvds-MacBook-Pro.local', ip: 'fe80:0:0:0:14e8:c6a2:e487:315c%en0', os.name: 'Mac OS X', os.arch: 'x86_64', os.version: '11.1', java.version: '11.0.13'
Driver info: org.openqa.selenium.remote.RemoteWebDriver
Capabilities {acceptInsecureCerts: true, browserName: chrome, browserVersion: 98.0.4758.80, chrome: {chromedriverVersion: 98.0.4758.80 (7f0488e8ba0d8..., userDataDir: /var/folders/cb/_cgn98l156b...}, goog:chromeOptions: {debuggerAddress: localhost:49384}, javascriptEnabled: true, networkConnectionEnabled: false, pageLoadStrategy: normal, platform: MAC, platformName: MAC, proxy: Proxy(), setWindowRect: true, strictFileInteractability: false, timeouts: {implicit: 0, pageLoad: 300000, script: 30000}, unhandledPromptBehavior: dismiss and notify, webauthn:extension:credBlob: true, webauthn:extension:largeBlob: true, webauthn:virtualAuthenticators: true}
Session ID: 131f4034a3cf7fb24c785b5c8b3866db
*** Element info: {Using=xpath, value=(//div[@class=' css-12q0e1x-control']//div[@Class=' css-gg2x63'])}
[2022-02-14 01:44:14] [Screenshot.java] [1] [ERROR] ExecutionException error detected on capture full screenshot!
[2022-02-14 01:44:14] [DriverListener.java] [1] [ERROR] no such window: target window already closed
from unknown error: web view not found
  (Session info: chrome=98.0.4758.80)
Build info: version: '3.141.59', revision: 'e82be7d358', time: '2018-11-14T08:17:03'
System info: host: 'solvds-MacBook-Pro.local', ip: 'fe80:0:0:0:14e8:c6a2:e487:315c%en0', os.name: 'Mac OS X', os.arch: 'x86_64', os.version: '11.1', java.version: '11.0.13'
Driver info: org.openqa.selenium.remote.RemoteWebDriver
Capabilities {acceptInsecureCerts: true, browserName: chrome, browserVersion: 98.0.4758.80, chrome: {chromedriverVersion: 98.0.4758.80 (7f0488e8ba0d8..., userDataDir: /var/folders/cb/_cgn98l156b...}, goog:chromeOptions: {debuggerAddress: localhost:49384}, javascriptEnabled: true, networkConnectionEnabled: false, pageLoadStrategy: normal, platform: MAC, platformName: MAC, proxy: Proxy(), setWindowRect: true, strictFileInteractability: false, timeouts: {implicit: 0, pageLoad: 300000, script: 30000}, unhandledPromptBehavior: dismiss and notify, webauthn:extension:credBlob: true, webauthn:extension:largeBlob: true, webauthn:virtualAuthenticators: true}
Session ID: 131f4034a3cf7fb24c785b5c8b3866db
*** Element info: {Using=xpath, value=(//div[@class=' css-12q0e1x-control']//div[@Class=' css-gg2x63'])}
[2022-02-14 01:44:14] [Screenshot.java] [1] [ERROR] ExecutionException error detected on capture full screenshot!
[2022-02-14 01:44:14] [DriverListener.java] [1] [ERROR] no such window: target window already closed
from unknown error: web view not found
  (Session info: chrome=98.0.4758.80)
Build info: version: '3.141.59', revision: 'e82be7d358', time: '2018-11-14T08:17:03'
System info: host: 'solvds-MacBook-Pro.local', ip: 'fe80:0:0:0:14e8:c6a2:e487:315c%en0', os.name: 'Mac OS X', os.arch: 'x86_64', os.version: '11.1', java.version: '11.0.13'
Driver info: org.openqa.selenium.remote.RemoteWebDriver
Capabilities {acceptInsecureCerts: true, browserName: chrome, browserVersion: 98.0.4758.80, chrome: {chromedriverVersion: 98.0.4758.80 (7f0488e8ba0d8..., userDataDir: /var/folders/cb/_cgn98l156b...}, goog:chromeOptions: {debuggerAddress: localhost:49384}, javascriptEnabled: true, networkConnectionEnabled: false, pageLoadStrategy: normal, platform: MAC, platformName: MAC, proxy: Proxy(), setWindowRect: true, strictFileInteractability: false, timeouts: {implicit: 0, pageLoad: 300000, script: 30000}, unhandledPromptBehavior: dismiss and notify, webauthn:extension:credBlob: true, webauthn:extension:largeBlob: true, webauthn:virtualAuthenticators: true}
Session ID: 131f4034a3cf7fb24c785b5c8b3866db
*** Element info: {Using=xpath, value=(//div[@class=' css-12q0e1x-control']//div[@Class=' css-gg2x63'])}
[2022-02-14 01:44:14] [Screenshot.java] [1] [ERROR] ExecutionException error detected on capture full screenshot!
[2022-02-14 01:44:14] [DriverListener.java] [1] [ERROR] no such window: target window already closed
from unknown error: web view not found
  (Session info: chrome=98.0.4758.80)
Build info: version: '3.141.59', revision: 'e82be7d358', time: '2018-11-14T08:17:03'
System info: host: 'solvds-MacBook-Pro.local', ip: 'fe80:0:0:0:14e8:c6a2:e487:315c%en0', os.name: 'Mac OS X', os.arch: 'x86_64', os.version: '11.1', java.version: '11.0.13'
Driver info: org.openqa.selenium.remote.RemoteWebDriver
Capabilities {acceptInsecureCerts: true, browserName: chrome, browserVersion: 98.0.4758.80, chrome: {chromedriverVersion: 98.0.4758.80 (7f0488e8ba0d8..., userDataDir: /var/folders/cb/_cgn98l156b...}, goog:chromeOptions: {debuggerAddress: localhost:49384}, javascriptEnabled: true, networkConnectionEnabled: false, pageLoadStrategy: normal, platform: MAC, platformName: MAC, proxy: Proxy(), setWindowRect: true, strictFileInteractability: false, timeouts: {implicit: 0, pageLoad: 300000, script: 30000}, unhandledPromptBehavior: dismiss and notify, webauthn:extension:credBlob: true, webauthn:extension:largeBlob: true, webauthn:virtualAuthenticators: true}
Session ID: 131f4034a3cf7fb24c785b5c8b3866db
*** Element info: {Using=xpath, value=(//div[@class=' css-12q0e1x-control']//div[@Class=' css-gg2x63'])}
[2022-02-14 01:44:14] [Screenshot.java] [1] [ERROR] ExecutionException error detected on capture full screenshot!
[2022-02-14 01:44:14] [DriverListener.java] [1] [ERROR] no such window: target window already closed
from unknown error: web view not found
  (Session info: chrome=98.0.4758.80)
Build info: version: '3.141.59', revision: 'e82be7d358', time: '2018-11-14T08:17:03'
System info: host: 'solvds-MacBook-Pro.local', ip: 'fe80:0:0:0:14e8:c6a2:e487:315c%en0', os.name: 'Mac OS X', os.arch: 'x86_64', os.version: '11.1', java.version: '11.0.13'
Driver info: org.openqa.selenium.remote.RemoteWebDriver
Capabilities {acceptInsecureCerts: true, browserName: chrome, browserVersion: 98.0.4758.80, chrome: {chromedriverVersion: 98.0.4758.80 (7f0488e8ba0d8..., userDataDir: /var/folders/cb/_cgn98l156b...}, goog:chromeOptions: {debuggerAddress: localhost:49384}, javascriptEnabled: true, networkConnectionEnabled: false, pageLoadStrategy: normal, platform: MAC, platformName: MAC, proxy: Proxy(), setWindowRect: true, strictFileInteractability: false, timeouts: {implicit: 0, pageLoad: 300000, script: 30000}, unhandledPromptBehavior: dismiss and notify, webauthn:extension:credBlob: true, webauthn:extension:largeBlob: true, webauthn:virtualAuthenticators: true}
Session ID: 131f4034a3cf7fb24c785b5c8b3866db
*** Element info: {Using=xpath, value=(//div[@class=' css-12q0e1x-control']//div[@Class=' css-gg2x63'])}
[2022-02-14 01:44:14] [Screenshot.java] [1] [ERROR] ExecutionException error detected on capture full screenshot!
[2022-02-14 01:44:14] [DriverListener.java] [1] [ERROR] no such window: target window already closed
from unknown error: web view not found
  (Session info: chrome=98.0.4758.80)
Build info: version: '3.141.59', revision: 'e82be7d358', time: '2018-11-14T08:17:03'
System info: host: 'solvds-MacBook-Pro.local', ip: 'fe80:0:0:0:14e8:c6a2:e487:315c%en0', os.name: 'Mac OS X', os.arch: 'x86_64', os.version: '11.1', java.version: '11.0.13'
Driver info: org.openqa.selenium.remote.RemoteWebDriver
Capabilities {acceptInsecureCerts: true, browserName: chrome, browserVersion: 98.0.4758.80, chrome: {chromedriverVersion: 98.0.4758.80 (7f0488e8ba0d8..., userDataDir: /var/folders/cb/_cgn98l156b...}, goog:chromeOptions: {debuggerAddress: localhost:49384}, javascriptEnabled: true, networkConnectionEnabled: false, pageLoadStrategy: normal, platform: MAC, platformName: MAC, proxy: Proxy(), setWindowRect: true, strictFileInteractability: false, timeouts: {implicit: 0, pageLoad: 300000, script: 30000}, unhandledPromptBehavior: dismiss and notify, webauthn:extension:credBlob: true, webauthn:extension:largeBlob: true, webauthn:virtualAuthenticators: true}
Session ID: 131f4034a3cf7fb24c785b5c8b3866db
*** Element info: {Using=xpath, value=(//div[@class=' css-12q0e1x-control']//div[@Class=' css-gg2x63'])}
[2022-02-14 01:44:14] [Screenshot.java] [1] [ERROR] ExecutionException error detected on capture full screenshot!
[2022-02-14 01:44:14] [DriverListener.java] [1] [ERROR] no such window: target window already closed
from unknown error: web view not found
  (Session info: chrome=98.0.4758.80)
Build info: version: '3.141.59', revision: 'e82be7d358', time: '2018-11-14T08:17:03'
System info: host: 'solvds-MacBook-Pro.local', ip: 'fe80:0:0:0:14e8:c6a2:e487:315c%en0', os.name: 'Mac OS X', os.arch: 'x86_64', os.version: '11.1', java.version: '11.0.13'
Driver info: org.openqa.selenium.remote.RemoteWebDriver
Capabilities {acceptInsecureCerts: true, browserName: chrome, browserVersion: 98.0.4758.80, chrome: {chromedriverVersion: 98.0.4758.80 (7f0488e8ba0d8..., userDataDir: /var/folders/cb/_cgn98l156b...}, goog:chromeOptions: {debuggerAddress: localhost:49384}, javascriptEnabled: true, networkConnectionEnabled: false, pageLoadStrategy: normal, platform: MAC, platformName: MAC, proxy: Proxy(), setWindowRect: true, strictFileInteractability: false, timeouts: {implicit: 0, pageLoad: 300000, script: 30000}, unhandledPromptBehavior: dismiss and notify, webauthn:extension:credBlob: true, webauthn:extension:largeBlob: true, webauthn:virtualAuthenticators: true}
Session ID: 131f4034a3cf7fb24c785b5c8b3866db
*** Element info: {Using=xpath, value=(//div[@class=' css-12q0e1x-control']//div[@Class=' css-gg2x63'])}
[2022-02-14 01:44:14] [Screenshot.java] [1] [ERROR] ExecutionException error detected on capture full screenshot!
[2022-02-14 01:44:14] [DriverListener.java] [1] [ERROR] no such window: target window already closed
from unknown error: web view not found
  (Session info: chrome=98.0.4758.80)
Build info: version: '3.141.59', revision: 'e82be7d358', time: '2018-11-14T08:17:03'
System info: host: 'solvds-MacBook-Pro.local', ip: 'fe80:0:0:0:14e8:c6a2:e487:315c%en0', os.name: 'Mac OS X', os.arch: 'x86_64', os.version: '11.1', java.version: '11.0.13'
Driver info: org.openqa.selenium.remote.RemoteWebDriver
Capabilities {acceptInsecureCerts: true, browserName: chrome, browserVersion: 98.0.4758.80, chrome: {chromedriverVersion: 98.0.4758.80 (7f0488e8ba0d8..., userDataDir: /var/folders/cb/_cgn98l156b...}, goog:chromeOptions: {debuggerAddress: localhost:49384}, javascriptEnabled: true, networkConnectionEnabled: false, pageLoadStrategy: normal, platform: MAC, platformName: MAC, proxy: Proxy(), setWindowRect: true, strictFileInteractability: false, timeouts: {implicit: 0, pageLoad: 300000, script: 30000}, unhandledPromptBehavior: dismiss and notify, webauthn:extension:credBlob: true, webauthn:extension:largeBlob: true, webauthn:virtualAuthenticators: true}
Session ID: 131f4034a3cf7fb24c785b5c8b3866db
*** Element info: {Using=xpath, value=(//div[@class=' css-12q0e1x-control']//div[@Class=' css-gg2x63'])}
[2022-02-14 01:44:14] [Screenshot.java] [1] [ERROR] ExecutionException error detected on capture full screenshot!
[2022-02-14 01:44:14] [DriverListener.java] [1] [ERROR] no such window: target window already closed
from unknown error: web view not found
  (Session info: chrome=98.0.4758.80)
Build info: version: '3.141.59', revision: 'e82be7d358', time: '2018-11-14T08:17:03'
System info: host: 'solvds-MacBook-Pro.local', ip: 'fe80:0:0:0:14e8:c6a2:e487:315c%en0', os.name: 'Mac OS X', os.arch: 'x86_64', os.version: '11.1', java.version: '11.0.13'
Driver info: org.openqa.selenium.remote.RemoteWebDriver
Capabilities {acceptInsecureCerts: true, browserName: chrome, browserVersion: 98.0.4758.80, chrome: {chromedriverVersion: 98.0.4758.80 (7f0488e8ba0d8..., userDataDir: /var/folders/cb/_cgn98l156b...}, goog:chromeOptions: {debuggerAddress: localhost:49384}, javascriptEnabled: true, networkConnectionEnabled: false, pageLoadStrategy: normal, platform: MAC, platformName: MAC, proxy: Proxy(), setWindowRect: true, strictFileInteractability: false, timeouts: {implicit: 0, pageLoad: 300000, script: 30000}, unhandledPromptBehavior: dismiss and notify, webauthn:extension:credBlob: true, webauthn:extension:largeBlob: true, webauthn:virtualAuthenticators: true}
Session ID: 131f4034a3cf7fb24c785b5c8b3866db
*** Element info: {Using=xpath, value=(//div[@class=' css-12q0e1x-control']//div[@Class=' css-gg2x63'])}
[2022-02-14 01:44:14] [Screenshot.java] [1] [ERROR] ExecutionException error detected on capture full screenshot!
[2022-02-14 01:44:14] [DriverListener.java] [1] [ERROR] no such window: target window already closed
from unknown error: web view not found
  (Session info: chrome=98.0.4758.80)
Build info: version: '3.141.59', revision: 'e82be7d358', time: '2018-11-14T08:17:03'
System info: host: 'solvds-MacBook-Pro.local', ip: 'fe80:0:0:0:14e8:c6a2:e487:315c%en0', os.name: 'Mac OS X', os.arch: 'x86_64', os.version: '11.1', java.version: '11.0.13'
Driver info: org.openqa.selenium.remote.RemoteWebDriver
Capabilities {acceptInsecureCerts: true, browserName: chrome, browserVersion: 98.0.4758.80, chrome: {chromedriverVersion: 98.0.4758.80 (7f0488e8ba0d8..., userDataDir: /var/folders/cb/_cgn98l156b...}, goog:chromeOptions: {debuggerAddress: localhost:49384}, javascriptEnabled: true, networkConnectionEnabled: false, pageLoadStrategy: normal, platform: MAC, platformName: MAC, proxy: Proxy(), setWindowRect: true, strictFileInteractability: false, timeouts: {implicit: 0, pageLoad: 300000, script: 30000}, unhandledPromptBehavior: dismiss and notify, webauthn:extension:credBlob: true, webauthn:extension:largeBlob: true, webauthn:virtualAuthenticators: true}
Session ID: 131f4034a3cf7fb24c785b5c8b3866db
*** Element info: {Using=xpath, value=(//div[@class=' css-12q0e1x-control']//div[@Class=' css-gg2x63'])}
[2022-02-14 01:44:14] [Screenshot.java] [1] [ERROR] ExecutionException error detected on capture full screenshot!
[2022-02-14 01:44:14] [DriverListener.java] [1] [ERROR] no such window: target window already closed
from unknown error: web view not found
  (Session info: chrome=98.0.4758.80)
Build info: version: '3.141.59', revision: 'e82be7d358', time: '2018-11-14T08:17:03'
System info: host: 'solvds-MacBook-Pro.local', ip: 'fe80:0:0:0:14e8:c6a2:e487:315c%en0', os.name: 'Mac OS X', os.arch: 'x86_64', os.version: '11.1', java.version: '11.0.13'
Driver info: org.openqa.selenium.remote.RemoteWebDriver
Capabilities {acceptInsecureCerts: true, browserName: chrome, browserVersion: 98.0.4758.80, chrome: {chromedriverVersion: 98.0.4758.80 (7f0488e8ba0d8..., userDataDir: /var/folders/cb/_cgn98l156b...}, goog:chromeOptions: {debuggerAddress: localhost:49384}, javascriptEnabled: true, networkConnectionEnabled: false, pageLoadStrategy: normal, platform: MAC, platformName: MAC, proxy: Proxy(), setWindowRect: true, strictFileInteractability: false, timeouts: {implicit: 0, pageLoad: 300000, script: 30000}, unhandledPromptBehavior: dismiss and notify, webauthn:extension:credBlob: true, webauthn:extension:largeBlob: true, webauthn:virtualAuthenticators: true}
Session ID: 131f4034a3cf7fb24c785b5c8b3866db
*** Element info: {Using=xpath, value=(//div[@class=' css-12q0e1x-control']//div[@Class=' css-gg2x63'])}
[2022-02-14 01:44:14] [Screenshot.java] [1] [ERROR] ExecutionException error detected on capture full screenshot!
[2022-02-14 01:44:14] [DriverListener.java] [1] [ERROR] no such window: target window already closed
from unknown error: web view not found
  (Session info: chrome=98.0.4758.80)
Build info: version: '3.141.59', revision: 'e82be7d358', time: '2018-11-14T08:17:03'
System info: host: 'solvds-MacBook-Pro.local', ip: 'fe80:0:0:0:14e8:c6a2:e487:315c%en0', os.name: 'Mac OS X', os.arch: 'x86_64', os.version: '11.1', java.version: '11.0.13'
Driver info: org.openqa.selenium.remote.RemoteWebDriver
Capabilities {acceptInsecureCerts: true, browserName: chrome, browserVersion: 98.0.4758.80, chrome: {chromedriverVersion: 98.0.4758.80 (7f0488e8ba0d8..., userDataDir: /var/folders/cb/_cgn98l156b...}, goog:chromeOptions: {debuggerAddress: localhost:49384}, javascriptEnabled: true, networkConnectionEnabled: false, pageLoadStrategy: normal, platform: MAC, platformName: MAC, proxy: Proxy(), setWindowRect: true, strictFileInteractability: false, timeouts: {implicit: 0, pageLoad: 300000, script: 30000}, unhandledPromptBehavior: dismiss and notify, webauthn:extension:credBlob: true, webauthn:extension:largeBlob: true, webauthn:virtualAuthenticators: true}
Session ID: 131f4034a3cf7fb24c785b5c8b3866db
*** Element info: {Using=xpath, value=(//div[@class=' css-12q0e1x-control']//div[@Class=' css-gg2x63'])}
[2022-02-14 01:44:14] [Screenshot.java] [1] [ERROR] ExecutionException error detected on capture full screenshot!
[2022-02-14 01:44:14] [DriverListener.java] [1] [ERROR] no such window: target window already closed
from unknown error: web view not found
  (Session info: chrome=98.0.4758.80)
Build info: version: '3.141.59', revision: 'e82be7d358', time: '2018-11-14T08:17:03'
System info: host: 'solvds-MacBook-Pro.local', ip: 'fe80:0:0:0:14e8:c6a2:e487:315c%en0', os.name: 'Mac OS X', os.arch: 'x86_64', os.version: '11.1', java.version: '11.0.13'
Driver info: org.openqa.selenium.remote.RemoteWebDriver
Capabilities {acceptInsecureCerts: true, browserName: chrome, browserVersion: 98.0.4758.80, chrome: {chromedriverVersion: 98.0.4758.80 (7f0488e8ba0d8..., userDataDir: /var/folders/cb/_cgn98l156b...}, goog:chromeOptions: {debuggerAddress: localhost:49384}, javascriptEnabled: true, networkConnectionEnabled: false, pageLoadStrategy: normal, platform: MAC, platformName: MAC, proxy: Proxy(), setWindowRect: true, strictFileInteractability: false, timeouts: {implicit: 0, pageLoad: 300000, script: 30000}, unhandledPromptBehavior: dismiss and notify, webauthn:extension:credBlob: true, webauthn:extension:largeBlob: true, webauthn:virtualAuthenticators: true}
Session ID: 131f4034a3cf7fb24c785b5c8b3866db
*** Element info: {Using=xpath, value=(//div[@class=' css-12q0e1x-control']//div[@Class=' css-gg2x63'])}
[2022-02-14 01:44:14] [Screenshot.java] [1] [ERROR] ExecutionException error detected on capture full screenshot!
[2022-02-14 01:44:14] [DriverListener.java] [1] [ERROR] no such window: target window already closed
from unknown error: web view not found
  (Session info: chrome=98.0.4758.80)
Build info: version: '3.141.59', revision: 'e82be7d358', time: '2018-11-14T08:17:03'
System info: host: 'solvds-MacBook-Pro.local', ip: 'fe80:0:0:0:14e8:c6a2:e487:315c%en0', os.name: 'Mac OS X', os.arch: 'x86_64', os.version: '11.1', java.version: '11.0.13'
Driver info: org.openqa.selenium.remote.RemoteWebDriver
Capabilities {acceptInsecureCerts: true, browserName: chrome, browserVersion: 98.0.4758.80, chrome: {chromedriverVersion: 98.0.4758.80 (7f0488e8ba0d8..., userDataDir: /var/folders/cb/_cgn98l156b...}, goog:chromeOptions: {debuggerAddress: localhost:49384}, javascriptEnabled: true, networkConnectionEnabled: false, pageLoadStrategy: normal, platform: MAC, platformName: MAC, proxy: Proxy(), setWindowRect: true, strictFileInteractability: false, timeouts: {implicit: 0, pageLoad: 300000, script: 30000}, unhandledPromptBehavior: dismiss and notify, webauthn:extension:credBlob: true, webauthn:extension:largeBlob: true, webauthn:virtualAuthenticators: true}
Session ID: 131f4034a3cf7fb24c785b5c8b3866db
*** Element info: {Using=xpath, value=(//div[@class=' css-12q0e1x-control']//div[@Class=' css-gg2x63'])}
[2022-02-14 01:44:14] [Screenshot.java] [1] [ERROR] ExecutionException error detected on capture full screenshot!
[2022-02-14 01:44:14] [DriverListener.java] [1] [ERROR] no such window: target window already closed
from unknown error: web view not found
  (Session info: chrome=98.0.4758.80)
Build info: version: '3.141.59', revision: 'e82be7d358', time: '2018-11-14T08:17:03'
System info: host: 'solvds-MacBook-Pro.local', ip: 'fe80:0:0:0:14e8:c6a2:e487:315c%en0', os.name: 'Mac OS X', os.arch: 'x86_64', os.version: '11.1', java.version: '11.0.13'
Driver info: org.openqa.selenium.remote.RemoteWebDriver
Capabilities {acceptInsecureCerts: true, browserName: chrome, browserVersion: 98.0.4758.80, chrome: {chromedriverVersion: 98.0.4758.80 (7f0488e8ba0d8..., userDataDir: /var/folders/cb/_cgn98l156b...}, goog:chromeOptions: {debuggerAddress: localhost:49384}, javascriptEnabled: true, networkConnectionEnabled: false, pageLoadStrategy: normal, platform: MAC, platformName: MAC, proxy: Proxy(), setWindowRect: true, strictFileInteractability: false, timeouts: {implicit: 0, pageLoad: 300000, script: 30000}, unhandledPromptBehavior: dismiss and notify, webauthn:extension:credBlob: true, webauthn:extension:largeBlob: true, webauthn:virtualAuthenticators: true}
Session ID: 131f4034a3cf7fb24c785b5c8b3866db
*** Element info: {Using=xpath, value=(//div[@class=' css-12q0e1x-control']//div[@Class=' css-gg2x63'])}
[2022-02-14 01:44:14] [Screenshot.java] [1] [ERROR] ExecutionException error detected on capture full screenshot!
[2022-02-14 01:44:14] [DriverListener.java] [1] [ERROR] no such window: target window already closed
from unknown error: web view not found
  (Session info: chrome=98.0.4758.80)
Build info: version: '3.141.59', revision: 'e82be7d358', time: '2018-11-14T08:17:03'
System info: host: 'solvds-MacBook-Pro.local', ip: 'fe80:0:0:0:14e8:c6a2:e487:315c%en0', os.name: 'Mac OS X', os.arch: 'x86_64', os.version: '11.1', java.version: '11.0.13'
Driver info: org.openqa.selenium.remote.RemoteWebDriver
Capabilities {acceptInsecureCerts: true, browserName: chrome, browserVersion: 98.0.4758.80, chrome: {chromedriverVersion: 98.0.4758.80 (7f0488e8ba0d8..., userDataDir: /var/folders/cb/_cgn98l156b...}, goog:chromeOptions: {debuggerAddress: localhost:49384}, javascriptEnabled: true, networkConnectionEnabled: false, pageLoadStrategy: normal, platform: MAC, platformName: MAC, proxy: Proxy(), setWindowRect: true, strictFileInteractability: false, timeouts: {implicit: 0, pageLoad: 300000, script: 30000}, unhandledPromptBehavior: dismiss and notify, webauthn:extension:credBlob: true, webauthn:extension:largeBlob: true, webauthn:virtualAuthenticators: true}
Session ID: 131f4034a3cf7fb24c785b5c8b3866db
*** Element info: {Using=xpath, value=(//div[@class=' css-12q0e1x-control']//div[@Class=' css-gg2x63'])}
[2022-02-14 01:44:14] [Screenshot.java] [1] [ERROR] ExecutionException error detected on capture full screenshot!
[2022-02-14 01:44:14] [DriverListener.java] [1] [ERROR] no such window: target window already closed
from unknown error: web view not found
  (Session info: chrome=98.0.4758.80)
Build info: version: '3.141.59', revision: 'e82be7d358', time: '2018-11-14T08:17:03'
System info: host: 'solvds-MacBook-Pro.local', ip: 'fe80:0:0:0:14e8:c6a2:e487:315c%en0', os.name: 'Mac OS X', os.arch: 'x86_64', os.version: '11.1', java.version: '11.0.13'
Driver info: org.openqa.selenium.remote.RemoteWebDriver
Capabilities {acceptInsecureCerts: true, browserName: chrome, browserVersion: 98.0.4758.80, chrome: {chromedriverVersion: 98.0.4758.80 (7f0488e8ba0d8..., userDataDir: /var/folders/cb/_cgn98l156b...}, goog:chromeOptions: {debuggerAddress: localhost:49384}, javascriptEnabled: true, networkConnectionEnabled: false, pageLoadStrategy: normal, platform: MAC, platformName: MAC, proxy: Proxy(), setWindowRect: true, strictFileInteractability: false, timeouts: {implicit: 0, pageLoad: 300000, script: 30000}, unhandledPromptBehavior: dismiss and notify, webauthn:extension:credBlob: true, webauthn:extension:largeBlob: true, webauthn:virtualAuthenticators: true}
Session ID: 131f4034a3cf7fb24c785b5c8b3866db
*** Element info: {Using=xpath, value=(//div[@class=' css-12q0e1x-control']//div[@Class=' css-gg2x63'])}
[2022-02-14 01:44:14] [Screenshot.java] [1] [ERROR] ExecutionException error detected on capture full screenshot!
[2022-02-14 01:44:14] [DriverListener.java] [1] [ERROR] no such window: target window already closed
from unknown error: web view not found
  (Session info: chrome=98.0.4758.80)
Build info: version: '3.141.59', revision: 'e82be7d358', time: '2018-11-14T08:17:03'
System info: host: 'solvds-MacBook-Pro.local', ip: 'fe80:0:0:0:14e8:c6a2:e487:315c%en0', os.name: 'Mac OS X', os.arch: 'x86_64', os.version: '11.1', java.version: '11.0.13'
Driver info: org.openqa.selenium.remote.RemoteWebDriver
Capabilities {acceptInsecureCerts: true, browserName: chrome, browserVersion: 98.0.4758.80, chrome: {chromedriverVersion: 98.0.4758.80 (7f0488e8ba0d8..., userDataDir: /var/folders/cb/_cgn98l156b...}, goog:chromeOptions: {debuggerAddress: localhost:49384}, javascriptEnabled: true, networkConnectionEnabled: false, pageLoadStrategy: normal, platform: MAC, platformName: MAC, proxy: Proxy(), setWindowRect: true, strictFileInteractability: false, timeouts: {implicit: 0, pageLoad: 300000, script: 30000}, unhandledPromptBehavior: dismiss and notify, webauthn:extension:credBlob: true, webauthn:extension:largeBlob: true, webauthn:virtualAuthenticators: true}
Session ID: 131f4034a3cf7fb24c785b5c8b3866db
*** Element info: {Using=xpath, value=(//div[@class=' css-12q0e1x-control']//div[@Class=' css-gg2x63'])}
