[2022-02-14 01:41:00] [CarinaListener.java] [1] [INFO] 
============= Test configuration =============
url=https://beamplify.com/
env=DEMO
selenium_url=http://localhost:9515
max_driver_count=3
proxy_protocols=http,https,ftp
browsermob_port=0
auto_screenshot=true
explicit_timeout=20
retry_interval=5
project_report_directory=./reports
max_screen_history=10
big_screen_width=-1
big_screen_height=-1
init_retry_count=0
init_retry_interval=1
retry_count=0
locale=en_US
thread_count=-1
data_provider_thread_count=-1
core_log_level=INFO
core_log_packages=com.qaprosoft.carina.core
log_all_json=true
date_format=HH:mm:ss yyyy-MM-dd
time_format=HH:mm:ss
test_naming_pattern={method_name}
element_loading_strategy=BY_PRESENCE_OR_VISIBILITY
page_opening_strategy=BY_URL_AND_ELEMENT
localization_encoding=UTF-8
localization_testing=false
default_device_timezone=GMT
default_device_time_format=24
default_device_language=en_US
selenium_url=http://localhost:9515

------------- Driver capabilities -----------
capabilities.browserName=CHROME
================================================

[2022-02-14 01:41:00] [TestRunRegistrar.java] [1] [WARN] Reporting disabled: using no op test run registrar
[2022-02-14 01:41:01] [Reflections.java] [1] [INFO] Reflections took 826 ms to scan 8 urls, producing 2329 keys and 11332 values 
[2022-02-14 01:41:01] [FilterTestsListener.java] [1] [INFO] There are no any rules and limitations
[2022-02-14 01:41:01] [CarinaListener.java] [1] [INFO] Set thread-count=1
[2022-02-14 01:41:01] [CarinaListener.java] [1] [INFO] Set data-provider-thread-count=1
[2022-02-14 01:41:01] [CarinaListener.java] [1] [INFO] CARINA_CORE_VERSION: 7.2.14
[2022-02-14 01:41:01] [TestRunRegistrar.java] [1] [WARN] Reporting disabled: using no op test run registrar
[2022-02-14 01:41:01] [TestRunRegistrar.java] [1] [WARN] Reporting disabled: using no op test run registrar
[2022-02-14 01:41:01] [IMessager.java] [1] [INFO] TEST [beamplify-demo - verifyCanAddFamilyMembers] STARTED at [13:41:01 2022-02-14]
[2022-02-14 01:41:03] [IDriverPool.java] [1] [ERROR] Driver initialization 'default' FAILED! Retry 1 of 1 time - session not created: This version of ChromeDriver only supports Chrome version 96
Current browser version is 98.0.4758.80 with binary path /Applications/Google Chrome.app/Contents/MacOS/Google Chrome
Build info: version: '3.141.59', revision: 'e82be7d358', time: '2018-11-14T08:17:03'
System info: host: 'solvds-MacBook-Pro.local', ip: 'fe80:0:0:0:14e8:c6a2:e487:315c%en0', os.name: 'Mac OS X', os.arch: 'x86_64', os.version: '11.1', java.version: '11.0.13'
Driver info: driver.version: RemoteWebDriver
remote stacktrace: 0   chromedriver                        0x0000000102641408 __gxx_personality_v0 + 543364
1   chromedriver                        0x00000001025d7138 __gxx_personality_v0 + 108468
2   chromedriver                        0x00000001021d67d8 chromedriver + 157656
3   chromedriver                        0x00000001021f8b88 chromedriver + 297864
4   chromedriver                        0x00000001021f5608 chromedriver + 284168
5   chromedriver                        0x00000001021f2624 chromedriver + 271908
6   chromedriver                        0x0000000102223e24 chromedriver + 474660
7   chromedriver                        0x00000001021fb238 chromedriver + 307768
8   chromedriver                        0x0000000102604c7c __gxx_personality_v0 + 295672
9   chromedriver                        0x0000000102618bd8 __gxx_personality_v0 + 377428
10  chromedriver                        0x000000010261d2b0 __gxx_personality_v0 + 395564
11  chromedriver                        0x00000001026199f8 __gxx_personality_v0 + 381044
12  chromedriver                        0x00000001025fa754 __gxx_personality_v0 + 253392
13  chromedriver                        0x0000000102632a38 __gxx_personality_v0 + 483508
14  chromedriver                        0x0000000102632bac __gxx_personality_v0 + 483880
15  chromedriver                        0x0000000102647fec __gxx_personality_v0 + 570984
16  libsystem_pthread.dylib             0x0000000189d75240 _pthread_start + 148
17  libsystem_pthread.dylib             0x0000000189d70024 thread_start + 8

[2022-02-14 01:41:04] [IMessager.java] [1] [ERROR] TEST [beamplify-demo - verifyCanAddFamilyMembers] FAILED at [13:41:04 2022-02-14] - session not created: This version of ChromeDriver only supports Chrome version 96
Current browser version is 98.0.4758.80 with binary path /Applications/Google Chrome.app/Contents/MacOS/Google Chrome
Build info: version: '3.141.59', revision: 'e82be7d358', time: '2018-11-14T08:17:03'
System info: host: 'solvds-MacBook-Pro.local', ip: 'fe80:0:0:0:14e8:c6a2:e487:315c%en0', os.name: 'Mac OS X', os.arch: 'x86_64', os.version: '11.1', java.version: '11.0.13'
Driver info: driver.version: RemoteWebDriver
remote stacktrace: 0   chromedriver                        0x0000000102641408 __gxx_personality_v0 + 543364
1   chromedriver                        0x00000001025d7138 __gxx_personality_v0 + 108468
2   chromedriver                        0x00000001021d67d8 chromedriver + 157656
3   chromedriver                        0x00000001021f8b88 chromedriver + 297864
4   chromedriver                        0x00000001021f5608 chromedriver + 284168
5   chromedriver                        0x00000001021f2624 chromedriver + 271908
6   chromedriver                        0x0000000102223e24 chromedriver + 474660
7   chromedriver                        0x00000001021fb238 chromedriver + 307768
8   chromedriver                        0x0000000102604c7c __gxx_personality_v0 + 295672
9   chromedriver                        0x0000000102618bd8 __gxx_personality_v0 + 377428
10  chromedriver                        0x000000010261d2b0 __gxx_personality_v0 + 395564
11  chromedriver                        0x00000001026199f8 __gxx_personality_v0 + 381044
12  chromedriver                        0x00000001025fa754 __gxx_personality_v0 + 253392
13  chromedriver                        0x0000000102632a38 __gxx_personality_v0 + 483508
14  chromedriver                        0x0000000102632bac __gxx_personality_v0 + 483880
15  chromedriver                        0x0000000102647fec __gxx_personality_v0 + 570984
16  libsystem_pthread.dylib             0x0000000189d75240 _pthread_start + 148
17  libsystem_pthread.dylib             0x0000000189d70024 thread_start + 8


java.base/jdk.internal.reflect.NativeConstructorAccessorImpl.newInstance0(Native Method)
java.base/jdk.internal.reflect.NativeConstructorAccessorImpl.newInstance(NativeConstructorAccessorImpl.java:62)
java.base/jdk.internal.reflect.DelegatingConstructorAccessorImpl.newInstance(DelegatingConstructorAccessorImpl.java:45)
java.base/java.lang.reflect.Constructor.newInstance(Constructor.java:490)
org.openqa.selenium.remote.W3CHandshakeResponse.lambda$errorHandler$0(W3CHandshakeResponse.java:62)
org.openqa.selenium.remote.HandshakeResponse.lambda$getResponseFunction$0(HandshakeResponse.java:30)
org.openqa.selenium.remote.ProtocolHandshake.lambda$createSession$0(ProtocolHandshake.java:126)
java.base/java.util.stream.ReferencePipeline$3$1.accept(ReferencePipeline.java:195)
java.base/java.util.Spliterators$ArraySpliterator.tryAdvance(Spliterators.java:958)
java.base/java.util.stream.ReferencePipeline.forEachWithCancel(ReferencePipeline.java:127)
java.base/java.util.stream.AbstractPipeline.copyIntoWithCancel(AbstractPipeline.java:502)
java.base/java.util.stream.AbstractPipeline.copyInto(AbstractPipeline.java:488)
java.base/java.util.stream.AbstractPipeline.wrapAndCopyInto(AbstractPipeline.java:474)
java.base/java.util.stream.FindOps$FindOp.evaluateSequential(FindOps.java:150)
java.base/java.util.stream.AbstractPipeline.evaluate(AbstractPipeline.java:234)
java.base/java.util.stream.ReferencePipeline.findFirst(ReferencePipeline.java:543)
org.openqa.selenium.remote.ProtocolHandshake.createSession(ProtocolHandshake.java:128)
org.openqa.selenium.remote.ProtocolHandshake.createSession(ProtocolHandshake.java:74)
org.openqa.selenium.remote.HttpCommandExecutor.execute(HttpCommandExecutor.java:136)
org.openqa.selenium.remote.RemoteWebDriver.execute(RemoteWebDriver.java:552)
org.openqa.selenium.remote.RemoteWebDriver.startSession$original$16R5eZq9(RemoteWebDriver.java:213)
org.openqa.selenium.remote.RemoteWebDriver.startSession$original$16R5eZq9$accessor$Rl9I16Es(RemoteWebDriver.java)
org.openqa.selenium.remote.RemoteWebDriver$auxiliary$FyaxeUhU.run(Unknown Source)
com.zebrunner.agent.core.webdriver.StartSessionInterceptor.onSessionStart(StartSessionInterceptor.java:35)
org.openqa.selenium.remote.RemoteWebDriver.startSession(RemoteWebDriver.java)
org.openqa.selenium.remote.RemoteWebDriver.<init>(RemoteWebDriver.java:131)
org.openqa.selenium.remote.RemoteWebDriver.<init>(RemoteWebDriver.java:144)
com.qaprosoft.carina.core.foundation.webdriver.core.factory.impl.DesktopFactory.create(DesktopFactory.java:72)
com.qaprosoft.carina.core.foundation.webdriver.core.factory.DriverFactory.create(DriverFactory.java:78)
com.qaprosoft.carina.core.foundation.webdriver.IDriverPool.createDriver(IDriverPool.java:387)
com.qaprosoft.carina.core.foundation.webdriver.IDriverPool.getDriver(IDriverPool.java:129)
com.qaprosoft.carina.core.foundation.webdriver.IDriverPool.getDriver(IDriverPool.java:85)
com.qaprosoft.carina.core.foundation.webdriver.IDriverPool.getDriver(IDriverPool.java:72)
com.solvd.beamplify.tests.BeamplifyDemoTests.verifyCanAddFamilyMembers(BeamplifyDemoTests.java:112)
java.base/jdk.internal.reflect.NativeMethodAccessorImpl.invoke0(Native Method)
java.base/jdk.internal.reflect.NativeMethodAccessorImpl.invoke(NativeMethodAccessorImpl.java:62)
java.base/jdk.internal.reflect.DelegatingMethodAccessorImpl.invoke(DelegatingMethodAccessorImpl.java:43)
java.base/java.lang.reflect.Method.invoke(Method.java:566)
org.testng.internal.MethodInvocationHelper.invokeMethod(MethodInvocationHelper.java:133)
org.testng.internal.TestInvoker.invokeMethod(TestInvoker.java:598)
org.testng.internal.TestInvoker.invokeTestMethod(TestInvoker.java:173)
org.testng.internal.MethodRunner.runInSequence(MethodRunner.java:46)
org.testng.internal.TestInvoker$MethodInvocationAgent.invoke(TestInvoker.java:824)
org.testng.internal.TestInvoker.invokeTestMethods(TestInvoker.java:146)
org.testng.internal.TestMethodWorker.invokeTestMethods(TestMethodWorker.java:146)
org.testng.internal.TestMethodWorker.run(TestMethodWorker.java:128)
java.base/java.util.ArrayList.forEach(ArrayList.java:1541)
org.testng.TestRunner.privateRun(TestRunner.java:794)
org.testng.TestRunner.run(TestRunner.java:596)
org.testng.SuiteRunner.runTest(SuiteRunner.java:377)
org.testng.SuiteRunner.runSequentially(SuiteRunner.java:371)
org.testng.SuiteRunner.privateRun(SuiteRunner.java:332)
org.testng.SuiteRunner.run(SuiteRunner.java:276)
org.testng.SuiteRunnerWorker.runSuite(SuiteRunnerWorker.java:53)
org.testng.SuiteRunnerWorker.run(SuiteRunnerWorker.java:96)
org.testng.TestNG.runSuitesSequentially(TestNG.java:1212)
org.testng.TestNG.runSuitesLocally(TestNG.java:1134)
org.testng.TestNG.runSuites(TestNG.java:1063)
org.testng.TestNG.run(TestNG.java:1031)
com.intellij.rt.testng.IDEARemoteTestNG.run(IDEARemoteTestNG.java:66)
com.intellij.rt.testng.RemoteTestNGStarter.main(RemoteTestNGStarter.java:109)
