[2021-12-28 03:26:10] [CarinaListener.java] [1] [INFO] 
============= Test configuration =============
url=https://beamplify.com/
env=DEMO
selenium_url=http://localhost:9515
max_driver_count=3
proxy_protocols=http,https,ftp
browsermob_port=0
auto_screenshot=true
explicit_timeout=20
retry_interval=5
project_report_directory=./reports
max_screen_history=10
big_screen_width=-1
big_screen_height=-1
init_retry_count=0
init_retry_interval=1
retry_count=0
locale=en_US
thread_count=-1
data_provider_thread_count=-1
core_log_level=INFO
core_log_packages=com.qaprosoft.carina.core
log_all_json=true
date_format=HH:mm:ss yyyy-MM-dd
time_format=HH:mm:ss
test_naming_pattern={method_name}
element_loading_strategy=BY_PRESENCE_OR_VISIBILITY
page_opening_strategy=BY_URL_AND_ELEMENT
localization_encoding=UTF-8
localization_testing=false
default_device_timezone=GMT
default_device_time_format=24
default_device_language=en_US
selenium_url=http://localhost:9515

------------- Driver capabilities -----------
capabilities.browserName=CHROME
================================================

[2021-12-28 03:26:10] [TestRunRegistrar.java] [1] [WARN] Reporting disabled: using no op test run registrar
[2021-12-28 03:26:11] [Reflections.java] [1] [INFO] Reflections took 863 ms to scan 8 urls, producing 2329 keys and 11332 values 
[2021-12-28 03:26:12] [FilterTestsListener.java] [1] [INFO] There are no any rules and limitations
[2021-12-28 03:26:12] [CarinaListener.java] [1] [INFO] Set thread-count=1
[2021-12-28 03:26:12] [CarinaListener.java] [1] [INFO] Set data-provider-thread-count=1
[2021-12-28 03:26:12] [CarinaListener.java] [1] [INFO] CARINA_CORE_VERSION: 7.2.14
[2021-12-28 03:26:12] [TestRunRegistrar.java] [1] [WARN] Reporting disabled: using no op test run registrar
[2021-12-28 03:26:12] [TestRunRegistrar.java] [1] [WARN] Reporting disabled: using no op test run registrar
[2021-12-28 03:26:12] [IMessager.java] [1] [INFO] TEST [beamplify-demo - verifyCanAddFamilyMembers] STARTED at [15:26:12 2021-12-28]
[2021-12-28 03:26:22] [DriverListener.java] [1] [INFO] PASS: element 'getQuoteButton' is clicked.
[2021-12-28 03:26:25] [DriverListener.java] [1] [INFO] PASS: element 'nextButton' is clicked.
[2021-12-28 03:26:26] [DriverListener.java] [1] [ERROR] FAIL: element 'payOffMyDebtsCheckbox (By.xpath: (//input[@type='checkbox'])[2])' is not clicked!
[2021-12-28 03:26:27] [ExtendedWebElement.java] [1] [WARN] Trying to do click by JavascriptExecutor because element 'payOffMyDebtsCheckbox (By.xpath: (//input[@type='checkbox'])[2])' is not visible...
[2021-12-28 03:26:27] [DriverListener.java] [1] [ERROR] FAIL: element 'leaveAnInheritanceCheckbox (By.xpath: (//input[@type='checkbox'])[3])' is not clicked!
[2021-12-28 03:26:27] [ExtendedWebElement.java] [1] [WARN] Trying to do click by JavascriptExecutor because element 'leaveAnInheritanceCheckbox (By.xpath: (//input[@type='checkbox'])[3])' is not visible...
[2021-12-28 03:26:27] [DriverListener.java] [1] [INFO] PASS: element 'nextButton' is clicked.
[2021-12-28 03:26:28] [DriverListener.java] [1] [INFO] PASS: keys cleared in element 'dateOfBirthField'.
[2021-12-28 03:26:28] [DriverListener.java] [1] [INFO] PASS: keys '07031997' are sent to element 'dateOfBirthField'.
[2021-12-28 03:26:28] [DriverListener.java] [1] [INFO] PASS: element 'nextButton' is clicked.
[2021-12-28 03:26:29] [DriverListener.java] [1] [INFO] PASS: element 'femaleButton' is clicked.
[2021-12-28 03:26:29] [DriverListener.java] [1] [INFO] PASS: element 'nextButton' is clicked.
[2021-12-28 03:26:30] [DriverListener.java] [1] [INFO] PASS: element 'zipCodeField' is clicked.
[2021-12-28 03:26:30] [DriverListener.java] [1] [INFO] PASS: keys '' are sent to element 'zipCodeField'.
[2021-12-28 03:26:30] [DriverListener.java] [1] [INFO] PASS: keys '' are sent to element 'zipCodeField'.
[2021-12-28 03:26:31] [DriverListener.java] [1] [INFO] PASS: keys '' are sent to element 'zipCodeField'.
[2021-12-28 03:26:31] [DriverListener.java] [1] [INFO] PASS: keys '' are sent to element 'zipCodeField'.
[2021-12-28 03:26:32] [DriverListener.java] [1] [INFO] PASS: keys '' are sent to element 'zipCodeField'.
[2021-12-28 03:26:32] [DriverListener.java] [1] [INFO] PASS: element 'nextButton' is clicked.
[2021-12-28 03:26:33] [DriverListener.java] [1] [INFO] PASS: element 'annualHouseholdAndHeightDropdown' is clicked.
[2021-12-28 03:26:33] [DriverListener.java] [1] [INFO] PASS: element 'incomeSecondOption' is clicked.
[2021-12-28 03:26:34] [DriverListener.java] [1] [INFO] PASS: keys cleared in element 'occupationField'.
[2021-12-28 03:26:34] [DriverListener.java] [1] [INFO] PASS: keys 'Software developer' are sent to element 'occupationField'.
[2021-12-28 03:26:35] [DriverListener.java] [1] [INFO] PASS: element 'nextButton' is clicked.
[2021-12-28 03:26:36] [DriverListener.java] [1] [INFO] PASS: element 'nextButton' is clicked.
[2021-12-28 03:26:37] [DriverListener.java] [1] [INFO] PASS: element 'heightDropdown' is clicked.
[2021-12-28 03:26:39] [DriverListener.java] [1] [ERROR] FAIL: element 'heightOption (By.xpath: //div[@id='react-select-5-option-12'])' is not clicked!
[2021-12-28 03:26:39] [ExtendedWebElement.java] [1] [WARN] Trying to do click by JavascriptExecutor because element 'heightOption (By.xpath: //div[@id='react-select-5-option-12'])' is not visible...
[2021-12-28 03:26:39] [DriverListener.java] [1] [INFO] PASS: keys cleared in element 'weightField'.
[2021-12-28 03:26:39] [DriverListener.java] [1] [INFO] PASS: keys '40' are sent to element 'weightField'.
[2021-12-28 03:26:40] [DriverListener.java] [1] [INFO] PASS: element 'nextButton' is clicked.
[2021-12-28 03:26:40] [DriverListener.java] [1] [INFO] PASS: element 'noButton0' is clicked.
[2021-12-28 03:26:41] [DriverListener.java] [1] [INFO] PASS: element 'nextButton' is clicked.
[2021-12-28 03:26:42] [DriverListener.java] [1] [ERROR] FAIL: element 'noneOfTheAboveButton (By.xpath: //div[text()='None of the above'])' is not clicked!
[2021-12-28 03:26:43] [ExtendedWebElement.java] [1] [WARN] Trying to do click by JavascriptExecutor because element 'noneOfTheAboveButton (By.xpath: //div[text()='None of the above'])' is not visible...
[2021-12-28 03:26:43] [DriverListener.java] [1] [INFO] PASS: element 'nextButton' is clicked.
[2021-12-28 03:26:43] [DriverListener.java] [1] [INFO] PASS: element 'noButton0' is clicked.
[2021-12-28 03:26:43] [DriverListener.java] [1] [INFO] PASS: element 'nextButton' is clicked.
[2021-12-28 03:26:44] [DriverListener.java] [1] [INFO] PASS: keys cleared in element 'firstNameField'.
[2021-12-28 03:26:44] [DriverListener.java] [1] [INFO] PASS: keys 'Andrew' are sent to element 'firstNameField'.
[2021-12-28 03:26:45] [DriverListener.java] [1] [INFO] PASS: keys cleared in element 'lastNameField'.
[2021-12-28 03:26:45] [DriverListener.java] [1] [INFO] PASS: keys 'Nazarenko' are sent to element 'lastNameField'.
[2021-12-28 03:26:45] [DriverListener.java] [1] [INFO] PASS: keys cleared in element 'emailField'.
[2021-12-28 03:26:46] [DriverListener.java] [1] [INFO] PASS: keys 'andrew@gmail.com' are sent to element 'emailField'.
[2021-12-28 03:26:46] [DriverListener.java] [1] [INFO] PASS: element 'phoneField' is clicked.
[2021-12-28 03:26:47] [DriverListener.java] [1] [INFO] PASS: keys '' are sent to element 'phoneField'.
[2021-12-28 03:26:47] [DriverListener.java] [1] [INFO] PASS: keys '' are sent to element 'phoneField'.
[2021-12-28 03:26:47] [DriverListener.java] [1] [INFO] PASS: keys '' are sent to element 'phoneField'.
[2021-12-28 03:26:48] [DriverListener.java] [1] [INFO] PASS: keys '' are sent to element 'phoneField'.
[2021-12-28 03:26:48] [DriverListener.java] [1] [INFO] PASS: keys '' are sent to element 'phoneField'.
[2021-12-28 03:26:49] [DriverListener.java] [1] [INFO] PASS: keys '' are sent to element 'phoneField'.
[2021-12-28 03:26:49] [DriverListener.java] [1] [INFO] PASS: keys '' are sent to element 'phoneField'.
[2021-12-28 03:26:49] [DriverListener.java] [1] [INFO] PASS: keys '' are sent to element 'phoneField'.
[2021-12-28 03:26:50] [DriverListener.java] [1] [INFO] PASS: keys '' are sent to element 'phoneField'.
[2021-12-28 03:26:50] [DriverListener.java] [1] [INFO] PASS: keys '' are sent to element 'phoneField'.
[2021-12-28 03:26:50] [DriverListener.java] [1] [ERROR] FAIL: element 'authorizationCheckBox (By.xpath: //div[@class='CheckBox_CheckBox__2bo8X ']/input)' is not clicked!
[2021-12-28 03:26:51] [ExtendedWebElement.java] [1] [WARN] Trying to do click by JavascriptExecutor because element 'authorizationCheckBox (By.xpath: //div[@class='CheckBox_CheckBox__2bo8X ']/input)' is not visible...
[2021-12-28 03:26:51] [DriverListener.java] [1] [INFO] PASS: element 'saveButton' is clicked.
[2021-12-28 03:26:58] [DriverListener.java] [1] [ERROR] FAIL: element 'preliminaryQuotesButton (By.xpath: //button[text()='Get Pre-Approved'])' is not clicked!
[2021-12-28 03:26:59] [ExtendedWebElement.java] [1] [WARN] Trying to do click by JavascriptExecutor because element 'preliminaryQuotesButton (By.xpath: //button[text()='Get Pre-Approved'])' is not visible...
[2021-12-28 03:26:59] [DriverListener.java] [1] [INFO] PASS: element 'dateDropdown' is clicked.
[2021-12-28 03:26:59] [DriverListener.java] [1] [INFO] PASS: element 'hourDropdown' is clicked.
[2021-12-28 03:27:01] [DriverListener.java] [1] [ERROR] FAIL: element 'submitButton (By.xpath: //div[@style='align-self: center;']/button[text()='Submit'])' is not clicked!
[2021-12-28 03:27:01] [ExtendedWebElement.java] [1] [WARN] Trying to do click by JavascriptExecutor because element 'submitButton (By.xpath: //div[@style='align-self: center;']/button[text()='Submit'])' is not visible...
[2021-12-28 03:27:02] [DriverListener.java] [1] [INFO] PASS: element 'relationshipDropdown1' is clicked.
[2021-12-28 03:27:03] [DriverListener.java] [1] [INFO] PASS: keys cleared in element 'dateOfBirthField'.
[2021-12-28 03:27:03] [DriverListener.java] [1] [INFO] PASS: keys '07031997' are sent to element 'dateOfBirthField'.
[2021-12-28 03:27:04] [DriverListener.java] [1] [ERROR] FAIL: element 'addAnotherOneButton (By.xpath: //div[text()='Add another one'])' is not clicked!
[2021-12-28 03:27:05] [ExtendedWebElement.java] [1] [WARN] Trying to do click by JavascriptExecutor because element 'addAnotherOneButton (By.xpath: //div[text()='Add another one'])' is not visible...
[2021-12-28 03:27:26] [IMessager.java] [1] [ERROR] TEST [beamplify-demo - verifyCanAddFamilyMembers] FAILED at [15:27:26 2021-12-28] - Expected condition failed: waiting for visibility of [[RemoteWebDriver: chrome on MAC (48177186a89ad9ff59045fbd4f8a525a)] -> xpath: (//div[@Class=' css-gg2x63'])] (tried for 20 second(s) with 500 milliseconds interval)
Build info: version: '3.141.59', revision: 'e82be7d358', time: '2018-11-14T08:17:03'
System info: host: 'solvds-MacBook-Pro.local', ip: 'fe80:0:0:0:856:a557:e261:c774%en0', os.name: 'Mac OS X', os.arch: 'x86_64', os.version: '11.1', java.version: '11.0.13'
Driver info: org.openqa.selenium.support.events.EventFiringWebDriver
Capabilities {acceptInsecureCerts: true, browserName: chrome, browserVersion: 96.0.4664.110, chrome: {chromedriverVersion: 96.0.4664.45 (76e4c1bb2ab46..., userDataDir: /var/folders/cb/_cgn98l156b...}, goog:chromeOptions: {debuggerAddress: localhost:64114}, javascriptEnabled: true, networkConnectionEnabled: false, pageLoadStrategy: normal, platform: MAC, platformName: MAC, proxy: Proxy(), setWindowRect: true, strictFileInteractability: false, timeouts: {implicit: 0, pageLoad: 300000, script: 30000}, unhandledPromptBehavior: dismiss and notify, webauthn:extension:credBlob: true, webauthn:extension:largeBlob: true, webauthn:virtualAuthenticators: true}
Session ID: 48177186a89ad9ff59045fbd4f8a525a

org.openqa.selenium.support.ui.WebDriverWait.timeoutException(WebDriverWait.java:95)
org.openqa.selenium.support.ui.FluentWait.until(FluentWait.java:272)
com.solvd.beamplify.GetQuotePage.selectRelationshipDropdown2(GetQuotePage.java:453)
com.solvd.beamplify.services.IGetAQuoteService.goToCompleteQuoteWithDefaults(IGetAQuoteService.java:128)
com.solvd.beamplify.tests.BeamplifyDemoTests.verifyCanAddFamilyMembers(BeamplifyDemoTests.java:112)
java.base/jdk.internal.reflect.NativeMethodAccessorImpl.invoke0(Native Method)
java.base/jdk.internal.reflect.NativeMethodAccessorImpl.invoke(NativeMethodAccessorImpl.java:62)
java.base/jdk.internal.reflect.DelegatingMethodAccessorImpl.invoke(DelegatingMethodAccessorImpl.java:43)
java.base/java.lang.reflect.Method.invoke(Method.java:566)
org.testng.internal.MethodInvocationHelper.invokeMethod(MethodInvocationHelper.java:133)
org.testng.internal.TestInvoker.invokeMethod(TestInvoker.java:598)
org.testng.internal.TestInvoker.invokeTestMethod(TestInvoker.java:173)
org.testng.internal.MethodRunner.runInSequence(MethodRunner.java:46)
org.testng.internal.TestInvoker$MethodInvocationAgent.invoke(TestInvoker.java:824)
org.testng.internal.TestInvoker.invokeTestMethods(TestInvoker.java:146)
org.testng.internal.TestMethodWorker.invokeTestMethods(TestMethodWorker.java:146)
org.testng.internal.TestMethodWorker.run(TestMethodWorker.java:128)
java.base/java.util.ArrayList.forEach(ArrayList.java:1541)
org.testng.TestRunner.privateRun(TestRunner.java:794)
org.testng.TestRunner.run(TestRunner.java:596)
org.testng.SuiteRunner.runTest(SuiteRunner.java:377)
org.testng.SuiteRunner.runSequentially(SuiteRunner.java:371)
org.testng.SuiteRunner.privateRun(SuiteRunner.java:332)
org.testng.SuiteRunner.run(SuiteRunner.java:276)
org.testng.SuiteRunnerWorker.runSuite(SuiteRunnerWorker.java:53)
org.testng.SuiteRunnerWorker.run(SuiteRunnerWorker.java:96)
org.testng.TestNG.runSuitesSequentially(TestNG.java:1212)
org.testng.TestNG.runSuitesLocally(TestNG.java:1134)
org.testng.TestNG.runSuites(TestNG.java:1063)
org.testng.TestNG.run(TestNG.java:1031)
com.intellij.rt.testng.IDEARemoteTestNG.run(IDEARemoteTestNG.java:66)
com.intellij.rt.testng.RemoteTestNGStarter.main(RemoteTestNGStarter.java:109)
