[2021-12-28 03:17:30] [CarinaListener.java] [1] [INFO] 
============= Test configuration =============
url=https://beamplify.com/
env=DEMO
selenium_url=http://localhost:9515
max_driver_count=3
proxy_protocols=http,https,ftp
browsermob_port=0
auto_screenshot=true
explicit_timeout=20
retry_interval=5
project_report_directory=./reports
max_screen_history=10
big_screen_width=-1
big_screen_height=-1
init_retry_count=0
init_retry_interval=1
retry_count=0
locale=en_US
thread_count=-1
data_provider_thread_count=-1
core_log_level=INFO
core_log_packages=com.qaprosoft.carina.core
log_all_json=true
date_format=HH:mm:ss yyyy-MM-dd
time_format=HH:mm:ss
test_naming_pattern={method_name}
element_loading_strategy=BY_PRESENCE_OR_VISIBILITY
page_opening_strategy=BY_URL_AND_ELEMENT
localization_encoding=UTF-8
localization_testing=false
default_device_timezone=GMT
default_device_time_format=24
default_device_language=en_US
selenium_url=http://localhost:9515

------------- Driver capabilities -----------
capabilities.browserName=CHROME
================================================

[2021-12-28 03:17:30] [TestRunRegistrar.java] [1] [WARN] Reporting disabled: using no op test run registrar
[2021-12-28 03:17:31] [Reflections.java] [1] [INFO] Reflections took 727 ms to scan 8 urls, producing 2329 keys and 11332 values 
[2021-12-28 03:17:31] [FilterTestsListener.java] [1] [INFO] There are no any rules and limitations
[2021-12-28 03:17:31] [CarinaListener.java] [1] [INFO] Set thread-count=1
[2021-12-28 03:17:31] [CarinaListener.java] [1] [INFO] Set data-provider-thread-count=1
[2021-12-28 03:17:31] [CarinaListener.java] [1] [INFO] CARINA_CORE_VERSION: 7.2.14
[2021-12-28 03:17:31] [TestRunRegistrar.java] [1] [WARN] Reporting disabled: using no op test run registrar
[2021-12-28 03:17:31] [TestRunRegistrar.java] [1] [WARN] Reporting disabled: using no op test run registrar
[2021-12-28 03:17:31] [IMessager.java] [1] [INFO] TEST [beamplify-demo - verifyCanAddFamilyMembers] STARTED at [15:17:31 2021-12-28]
[2021-12-28 03:17:43] [DriverListener.java] [1] [INFO] PASS: element 'getQuoteButton' is clicked.
[2021-12-28 03:17:46] [DriverListener.java] [1] [INFO] PASS: element 'nextButton' is clicked.
[2021-12-28 03:17:46] [DriverListener.java] [1] [ERROR] FAIL: element 'payOffMyDebtsCheckbox (By.xpath: (//input[@type='checkbox'])[2])' is not clicked!
[2021-12-28 03:17:47] [ExtendedWebElement.java] [1] [WARN] Trying to do click by JavascriptExecutor because element 'payOffMyDebtsCheckbox (By.xpath: (//input[@type='checkbox'])[2])' is not visible...
[2021-12-28 03:17:47] [DriverListener.java] [1] [ERROR] FAIL: element 'leaveAnInheritanceCheckbox (By.xpath: (//input[@type='checkbox'])[3])' is not clicked!
[2021-12-28 03:17:48] [ExtendedWebElement.java] [1] [WARN] Trying to do click by JavascriptExecutor because element 'leaveAnInheritanceCheckbox (By.xpath: (//input[@type='checkbox'])[3])' is not visible...
[2021-12-28 03:17:48] [DriverListener.java] [1] [INFO] PASS: element 'nextButton' is clicked.
[2021-12-28 03:17:48] [DriverListener.java] [1] [INFO] PASS: keys cleared in element 'dateOfBirthField'.
[2021-12-28 03:17:49] [DriverListener.java] [1] [INFO] PASS: keys '07031997' are sent to element 'dateOfBirthField'.
[2021-12-28 03:17:49] [DriverListener.java] [1] [INFO] PASS: element 'nextButton' is clicked.
[2021-12-28 03:17:50] [DriverListener.java] [1] [INFO] PASS: element 'femaleButton' is clicked.
[2021-12-28 03:17:50] [DriverListener.java] [1] [INFO] PASS: element 'nextButton' is clicked.
[2021-12-28 03:17:51] [DriverListener.java] [1] [INFO] PASS: element 'zipCodeField' is clicked.
[2021-12-28 03:17:51] [DriverListener.java] [1] [INFO] PASS: keys '' are sent to element 'zipCodeField'.
[2021-12-28 03:17:51] [DriverListener.java] [1] [INFO] PASS: keys '' are sent to element 'zipCodeField'.
[2021-12-28 03:17:52] [DriverListener.java] [1] [INFO] PASS: keys '' are sent to element 'zipCodeField'.
[2021-12-28 03:17:52] [DriverListener.java] [1] [INFO] PASS: keys '' are sent to element 'zipCodeField'.
[2021-12-28 03:17:53] [DriverListener.java] [1] [INFO] PASS: keys '' are sent to element 'zipCodeField'.
[2021-12-28 03:17:53] [DriverListener.java] [1] [INFO] PASS: element 'nextButton' is clicked.
[2021-12-28 03:17:54] [DriverListener.java] [1] [INFO] PASS: element 'annualHouseholdAndHeightDropdown' is clicked.
[2021-12-28 03:17:55] [DriverListener.java] [1] [INFO] PASS: element 'incomeSecondOption' is clicked.
[2021-12-28 03:17:55] [DriverListener.java] [1] [INFO] PASS: keys cleared in element 'occupationField'.
[2021-12-28 03:17:55] [DriverListener.java] [1] [INFO] PASS: keys 'Software developer' are sent to element 'occupationField'.
[2021-12-28 03:17:56] [DriverListener.java] [1] [INFO] PASS: element 'nextButton' is clicked.
[2021-12-28 03:17:57] [DriverListener.java] [1] [INFO] PASS: element 'nextButton' is clicked.
[2021-12-28 03:17:58] [DriverListener.java] [1] [INFO] PASS: element 'heightDropdown' is clicked.
[2021-12-28 03:18:00] [DriverListener.java] [1] [ERROR] FAIL: element 'heightOption (By.xpath: //div[@id='react-select-5-option-12'])' is not clicked!
[2021-12-28 03:18:00] [ExtendedWebElement.java] [1] [WARN] Trying to do click by JavascriptExecutor because element 'heightOption (By.xpath: //div[@id='react-select-5-option-12'])' is not visible...
[2021-12-28 03:18:00] [DriverListener.java] [1] [INFO] PASS: keys cleared in element 'weightField'.
[2021-12-28 03:18:01] [DriverListener.java] [1] [INFO] PASS: keys '40' are sent to element 'weightField'.
[2021-12-28 03:18:01] [DriverListener.java] [1] [INFO] PASS: element 'nextButton' is clicked.
[2021-12-28 03:18:01] [DriverListener.java] [1] [INFO] PASS: element 'noButton0' is clicked.
[2021-12-28 03:18:02] [DriverListener.java] [1] [INFO] PASS: element 'nextButton' is clicked.
[2021-12-28 03:18:03] [DriverListener.java] [1] [ERROR] FAIL: element 'noneOfTheAboveButton (By.xpath: //div[text()='None of the above'])' is not clicked!
[2021-12-28 03:18:04] [ExtendedWebElement.java] [1] [WARN] Trying to do click by JavascriptExecutor because element 'noneOfTheAboveButton (By.xpath: //div[text()='None of the above'])' is not visible...
[2021-12-28 03:18:04] [DriverListener.java] [1] [INFO] PASS: element 'nextButton' is clicked.
[2021-12-28 03:18:04] [DriverListener.java] [1] [INFO] PASS: element 'noButton0' is clicked.
[2021-12-28 03:18:05] [DriverListener.java] [1] [INFO] PASS: element 'nextButton' is clicked.
[2021-12-28 03:18:05] [DriverListener.java] [1] [INFO] PASS: keys cleared in element 'firstNameField'.
[2021-12-28 03:18:06] [DriverListener.java] [1] [INFO] PASS: keys 'Andrew' are sent to element 'firstNameField'.
[2021-12-28 03:18:06] [DriverListener.java] [1] [INFO] PASS: keys cleared in element 'lastNameField'.
[2021-12-28 03:18:06] [DriverListener.java] [1] [INFO] PASS: keys 'Nazarenko' are sent to element 'lastNameField'.
[2021-12-28 03:18:07] [DriverListener.java] [1] [INFO] PASS: keys cleared in element 'emailField'.
[2021-12-28 03:18:07] [DriverListener.java] [1] [INFO] PASS: keys 'andrew@gmail.com' are sent to element 'emailField'.
[2021-12-28 03:18:07] [DriverListener.java] [1] [INFO] PASS: element 'phoneField' is clicked.
[2021-12-28 03:18:08] [DriverListener.java] [1] [INFO] PASS: keys '' are sent to element 'phoneField'.
[2021-12-28 03:18:08] [DriverListener.java] [1] [INFO] PASS: keys '' are sent to element 'phoneField'.
[2021-12-28 03:18:09] [DriverListener.java] [1] [INFO] PASS: keys '' are sent to element 'phoneField'.
[2021-12-28 03:18:09] [DriverListener.java] [1] [INFO] PASS: keys '' are sent to element 'phoneField'.
[2021-12-28 03:18:09] [DriverListener.java] [1] [INFO] PASS: keys '' are sent to element 'phoneField'.
[2021-12-28 03:18:10] [DriverListener.java] [1] [INFO] PASS: keys '' are sent to element 'phoneField'.
[2021-12-28 03:18:10] [DriverListener.java] [1] [INFO] PASS: keys '' are sent to element 'phoneField'.
[2021-12-28 03:18:11] [DriverListener.java] [1] [INFO] PASS: keys '' are sent to element 'phoneField'.
[2021-12-28 03:18:11] [DriverListener.java] [1] [INFO] PASS: keys '' are sent to element 'phoneField'.
[2021-12-28 03:18:11] [DriverListener.java] [1] [INFO] PASS: keys '' are sent to element 'phoneField'.
[2021-12-28 03:18:12] [DriverListener.java] [1] [ERROR] FAIL: element 'authorizationCheckBox (By.xpath: //div[@class='CheckBox_CheckBox__2bo8X ']/input)' is not clicked!
[2021-12-28 03:18:12] [ExtendedWebElement.java] [1] [WARN] Trying to do click by JavascriptExecutor because element 'authorizationCheckBox (By.xpath: //div[@class='CheckBox_CheckBox__2bo8X ']/input)' is not visible...
[2021-12-28 03:18:12] [DriverListener.java] [1] [INFO] PASS: element 'saveButton' is clicked.
[2021-12-28 03:18:19] [DriverListener.java] [1] [ERROR] FAIL: element 'preliminaryQuotesButton (By.xpath: //button[text()='Get Pre-Approved'])' is not clicked!
[2021-12-28 03:18:20] [ExtendedWebElement.java] [1] [WARN] Trying to do click by JavascriptExecutor because element 'preliminaryQuotesButton (By.xpath: //button[text()='Get Pre-Approved'])' is not visible...
[2021-12-28 03:18:20] [DriverListener.java] [1] [INFO] PASS: element 'dateDropdown' is clicked.
[2021-12-28 03:18:21] [DriverListener.java] [1] [INFO] PASS: element 'hourDropdown' is clicked.
[2021-12-28 03:18:21] [DriverListener.java] [1] [INFO] PASS: element 'hourDropdown' is clicked.
[2021-12-28 03:18:23] [DriverListener.java] [1] [ERROR] FAIL: element 'submitButton (By.xpath: //div[@style='align-self: center;']/button[text()='Submit'])' is not clicked!
[2021-12-28 03:18:23] [ExtendedWebElement.java] [1] [WARN] Trying to do click by JavascriptExecutor because element 'submitButton (By.xpath: //div[@style='align-self: center;']/button[text()='Submit'])' is not visible...
[2021-12-28 03:19:05] [DriverListener.java] [1] [INFO] PASS: element 'relationshipDropdown1' is clicked.
[2021-12-28 03:19:05] [DriverListener.java] [1] [INFO] PASS: keys cleared in element 'dateOfBirthField'.
[2021-12-28 03:19:06] [DriverListener.java] [1] [INFO] PASS: keys '07031997' are sent to element 'dateOfBirthField'.
[2021-12-28 03:19:07] [DriverListener.java] [1] [ERROR] FAIL: element 'addAnotherOneButton (By.xpath: //div[text()='Add another one'])' is not clicked!
[2021-12-28 03:19:07] [ExtendedWebElement.java] [1] [WARN] Trying to do click by JavascriptExecutor because element 'addAnotherOneButton (By.xpath: //div[text()='Add another one'])' is not visible...
[2021-12-28 03:23:22] [DriverListener.java] [1] [INFO] PASS: element 'relationshipDropdown2' is clicked.
[2021-12-28 03:23:22] [Screenshot.java] [1] [ERROR] ExecutionException error on capture screenshot: org.openqa.selenium.NoSuchWindowException: no such window: target window already closed
from unknown error: web view not found
  (Session info: chrome=96.0.4664.110)
Build info: version: '3.141.59', revision: 'e82be7d358', time: '2018-11-14T08:17:03'
System info: host: 'solvds-MacBook-Pro.local', ip: 'fe80:0:0:0:856:a557:e261:c774%en0', os.name: 'Mac OS X', os.arch: 'x86_64', os.version: '11.1', java.version: '11.0.13'
Driver info: org.openqa.selenium.remote.RemoteWebDriver
Capabilities {acceptInsecureCerts: true, browserName: chrome, browserVersion: 96.0.4664.110, chrome: {chromedriverVersion: 96.0.4664.45 (76e4c1bb2ab46..., userDataDir: /var/folders/cb/_cgn98l156b...}, goog:chromeOptions: {debuggerAddress: localhost:60818}, javascriptEnabled: true, networkConnectionEnabled: false, pageLoadStrategy: normal, platform: MAC, platformName: MAC, proxy: Proxy(), setWindowRect: true, strictFileInteractability: false, timeouts: {implicit: 0, pageLoad: 300000, script: 30000}, unhandledPromptBehavior: dismiss and notify, webauthn:extension:credBlob: true, webauthn:extension:largeBlob: true, webauthn:virtualAuthenticators: true}
Session ID: bc98e1ca8720d5bbe19ad869dc4b78da
